<?xml version="1.0" encoding="UTF-8"?>
<coverage generated="1770359414513" clover="3.2.0">
  <project timestamp="1770359414513" name="All files">
    <metrics statements="1565" coveredstatements="502" conditionals="1141" coveredconditionals="319" methods="352" coveredmethods="117" elements="3058" coveredelements="938" complexity="0" loc="1565" ncloc="1565" packages="13" files="34" classes="34"/>
    <package name="articles">
      <metrics statements="109" coveredstatements="63" conditionals="48" coveredconditionals="28" methods="19" coveredmethods="9"/>
      <file name="articlesService.ts" path="/home/jonaswsl/projects/daygame-coach/src/articles/articlesService.ts">
        <metrics statements="89" coveredstatements="43" conditionals="40" coveredconditionals="20" methods="17" coveredmethods="7"/>
        <line num="29" count="1" type="stmt"/>
        <line num="44" count="1" type="stmt"/>
        <line num="62" count="7" type="stmt"/>
        <line num="63" count="7" type="stmt"/>
        <line num="64" count="8" type="cond" truecount="2" falsecount="0"/>
        <line num="65" count="8" type="stmt"/>
        <line num="66" count="8" type="stmt"/>
        <line num="69" count="7" type="stmt"/>
        <line num="71" count="9" type="cond" truecount="2" falsecount="0"/>
        <line num="72" count="9" type="stmt"/>
        <line num="74" count="9" type="cond" truecount="2" falsecount="0"/>
        <line num="75" count="7" type="stmt"/>
        <line num="76" count="7" type="stmt"/>
        <line num="77" count="8" type="cond" truecount="4" falsecount="0"/>
        <line num="78" count="8" type="stmt"/>
        <line num="79" count="8" type="cond" truecount="2" falsecount="0"/>
        <line num="80" count="8" type="stmt"/>
        <line num="83" count="2" type="stmt"/>
        <line num="86" count="9" type="stmt"/>
        <line num="92" count="6" type="cond" truecount="2" falsecount="0"/>
        <line num="96" count="6" type="cond" truecount="1" falsecount="1"/>
        <line num="108" count="6" type="stmt"/>
        <line num="139" count="0" type="stmt"/>
        <line num="141" count="0" type="stmt"/>
        <line num="142" count="0" type="stmt"/>
        <line num="144" count="0" type="stmt"/>
        <line num="152" count="0" type="stmt"/>
        <line num="154" count="0" type="stmt"/>
        <line num="163" count="0" type="stmt"/>
        <line num="166" count="0" type="stmt"/>
        <line num="174" count="0" type="stmt"/>
        <line num="179" count="0" type="stmt"/>
        <line num="193" count="1" type="stmt"/>
        <line num="217" count="0" type="cond" truecount="0" falsecount="2"/>
        <line num="219" count="0" type="cond" truecount="0" falsecount="2"/>
        <line num="220" count="0" type="stmt"/>
        <line num="223" count="0" type="stmt"/>
        <line num="225" count="0" type="stmt"/>
        <line num="232" count="0" type="stmt"/>
        <line num="261" count="0" type="stmt"/>
        <line num="271" count="0" type="stmt"/>
        <line num="272" count="0" type="stmt"/>
        <line num="282" count="0" type="stmt"/>
        <line num="291" count="0" type="stmt"/>
        <line num="292" count="0" type="stmt"/>
        <line num="304" count="4" type="stmt"/>
        <line num="307" count="4" type="stmt"/>
        <line num="308" count="4" type="stmt"/>
        <line num="310" count="4" type="cond" truecount="2" falsecount="0"/>
        <line num="312" count="1" type="stmt"/>
        <line num="316" count="3" type="stmt"/>
        <line num="317" count="3" type="stmt"/>
        <line num="318" count="3" type="cond" truecount="1" falsecount="1"/>
        <line num="321" count="4" type="stmt"/>
        <line num="322" count="4" type="stmt"/>
        <line num="324" count="4" type="stmt"/>
        <line num="334" count="3" type="stmt"/>
        <line num="340" count="3" type="stmt"/>
        <line num="343" count="3" type="stmt"/>
        <line num="344" count="3" type="cond" truecount="2" falsecount="0"/>
        <line num="345" count="1" type="stmt"/>
        <line num="348" count="2" type="stmt"/>
        <line num="349" count="2" type="stmt"/>
        <line num="350" count="2" type="stmt"/>
        <line num="352" count="2" type="stmt"/>
        <line num="363" count="0" type="cond" truecount="0" falsecount="2"/>
        <line num="364" count="0" type="stmt"/>
        <line num="367" count="0" type="stmt"/>
        <line num="368" count="0" type="stmt"/>
        <line num="369" count="0" type="stmt"/>
        <line num="370" count="0" type="stmt"/>
        <line num="372" count="0" type="stmt"/>
        <line num="379" count="0" type="cond" truecount="0" falsecount="2"/>
        <line num="380" count="0" type="stmt"/>
        <line num="383" count="0" type="stmt"/>
        <line num="384" count="0" type="stmt"/>
        <line num="386" count="0" type="stmt"/>
        <line num="390" count="0" type="cond" truecount="0" falsecount="2"/>
        <line num="391" count="0" type="stmt"/>
        <line num="394" count="0" type="stmt"/>
        <line num="395" count="0" type="stmt"/>
        <line num="397" count="0" type="stmt"/>
        <line num="404" count="0" type="cond" truecount="0" falsecount="2"/>
        <line num="405" count="0" type="stmt"/>
        <line num="408" count="0" type="stmt"/>
        <line num="414" count="0" type="cond" truecount="0" falsecount="2"/>
        <line num="415" count="0" type="stmt"/>
        <line num="416" count="0" type="stmt"/>
        <line num="418" count="0" type="stmt"/>
      </file>
      <file name="schemas.ts" path="/home/jonaswsl/projects/daygame-coach/src/articles/schemas.ts">
        <metrics statements="20" coveredstatements="20" conditionals="8" coveredconditionals="8" methods="2" coveredmethods="2"/>
        <line num="16" count="1" type="stmt"/>
        <line num="29" count="1" type="stmt"/>
        <line num="41" count="1" type="stmt"/>
        <line num="43" count="1" type="stmt"/>
        <line num="49" count="1" type="stmt"/>
        <line num="59" count="1" type="stmt"/>
        <line num="72" count="1" type="stmt"/>
        <line num="82" count="1" type="stmt"/>
        <line num="91" count="1" type="stmt"/>
        <line num="102" count="1" type="stmt"/>
        <line num="118" count="1" type="stmt"/>
        <line num="128" count="6" type="cond" truecount="4" falsecount="0"/>
        <line num="129" count="1" type="stmt"/>
        <line num="131" count="5" type="stmt"/>
        <line num="138" count="6" type="cond" truecount="4" falsecount="0"/>
        <line num="139" count="1" type="stmt"/>
        <line num="141" count="5" type="stmt"/>
        <line num="149" count="1" type="stmt"/>
        <line num="160" count="1" type="stmt"/>
        <line num="167" count="1" type="stmt"/>
      </file>
    </package>
    <package name="db">
      <metrics statements="589" coveredstatements="14" conditionals="453" coveredconditionals="17" methods="82" coveredmethods="3"/>
      <file name="auth.ts" path="/home/jonaswsl/projects/daygame-coach/src/db/auth.ts">
        <metrics statements="10" coveredstatements="0" conditionals="8" coveredconditionals="0" methods="2" coveredmethods="0"/>
        <line num="23" count="0" type="stmt"/>
        <line num="27" count="0" type="stmt"/>
        <line num="29" count="0" type="cond" truecount="0" falsecount="4"/>
        <line num="30" count="0" type="stmt"/>
        <line num="36" count="0" type="stmt"/>
        <line num="44" count="0" type="stmt"/>
        <line num="45" count="0" type="cond" truecount="0" falsecount="2"/>
        <line num="47" count="0" type="cond" truecount="0" falsecount="2"/>
        <line num="48" count="0" type="stmt"/>
        <line num="54" count="0" type="stmt"/>
      </file>
      <file name="embeddingsRepo.ts" path="/home/jonaswsl/projects/daygame-coach/src/db/embeddingsRepo.ts">
        <metrics statements="36" coveredstatements="1" conditionals="26" coveredconditionals="0" methods="7" coveredmethods="0"/>
        <line num="9" count="2" type="stmt"/>
        <line num="18" count="0" type="stmt"/>
        <line num="20" count="0" type="stmt"/>
        <line num="21" count="0" type="stmt"/>
        <line num="22" count="0" type="stmt"/>
        <line num="24" count="0" type="cond" truecount="0" falsecount="2"/>
        <line num="25" count="0" type="stmt"/>
        <line num="34" count="0" type="stmt"/>
        <line num="36" count="0" type="stmt"/>
        <line num="41" count="0" type="cond" truecount="0" falsecount="2"/>
        <line num="42" count="0" type="stmt"/>
        <line num="57" count="0" type="cond" truecount="0" falsecount="2"/>
        <line num="58" count="0" type="stmt"/>
        <line num="60" count="0" type="stmt"/>
        <line num="66" count="0" type="cond" truecount="0" falsecount="2"/>
        <line num="67" count="0" type="stmt"/>
        <line num="70" count="0" type="stmt"/>
        <line num="81" count="0" type="cond" truecount="0" falsecount="2"/>
        <line num="82" count="0" type="stmt"/>
        <line num="83" count="0" type="cond" truecount="0" falsecount="2"/>
        <line num="85" count="0" type="stmt"/>
        <line num="87" count="0" type="stmt"/>
        <line num="93" count="0" type="cond" truecount="0" falsecount="2"/>
        <line num="94" count="0" type="stmt"/>
        <line num="97" count="0" type="cond" truecount="0" falsecount="2"/>
        <line num="104" count="0" type="stmt"/>
        <line num="106" count="0" type="stmt"/>
        <line num="110" count="0" type="cond" truecount="0" falsecount="2"/>
        <line num="111" count="0" type="stmt"/>
        <line num="114" count="0" type="cond" truecount="0" falsecount="2"/>
        <line num="121" count="0" type="stmt"/>
        <line num="123" count="0" type="stmt"/>
        <line num="127" count="0" type="cond" truecount="0" falsecount="2"/>
        <line num="128" count="0" type="stmt"/>
        <line num="131" count="0" type="cond" truecount="0" falsecount="2"/>
        <line num="132" count="0" type="stmt"/>
      </file>
      <file name="profilesRepo.ts" path="/home/jonaswsl/projects/daygame-coach/src/db/profilesRepo.ts">
        <metrics statements="28" coveredstatements="0" conditionals="20" coveredconditionals="0" methods="6" coveredmethods="0"/>
        <line num="14" count="0" type="stmt"/>
        <line num="16" count="0" type="stmt"/>
        <line num="22" count="0" type="cond" truecount="0" falsecount="2"/>
        <line num="23" count="0" type="cond" truecount="0" falsecount="2"/>
        <line num="25" count="0" type="stmt"/>
        <line num="27" count="0" type="stmt"/>
        <line num="30" count="0" type="stmt"/>
        <line num="40" count="0" type="stmt"/>
        <line num="42" count="0" type="stmt"/>
        <line num="49" count="0" type="cond" truecount="0" falsecount="2"/>
        <line num="50" count="0" type="stmt"/>
        <line num="53" count="0" type="stmt"/>
        <line num="60" count="0" type="stmt"/>
        <line num="61" count="0" type="cond" truecount="0" falsecount="2"/>
        <line num="71" count="0" type="stmt"/>
        <line num="72" count="0" type="cond" truecount="0" falsecount="2"/>
        <line num="73" count="0" type="stmt"/>
        <line num="76" count="0" type="cond" truecount="0" falsecount="2"/>
        <line num="77" count="0" type="stmt"/>
        <line num="78" count="0" type="stmt"/>
        <line num="80" count="0" type="stmt"/>
        <line num="85" count="0" type="stmt"/>
        <line num="96" count="0" type="stmt"/>
        <line num="104" count="0" type="stmt"/>
        <line num="109" count="0" type="stmt"/>
        <line num="111" count="0" type="cond" truecount="0" falsecount="4"/>
        <line num="112" count="0" type="stmt"/>
        <line num="115" count="0" type="stmt"/>
      </file>
      <file name="server.ts" path="/home/jonaswsl/projects/daygame-coach/src/db/server.ts">
        <metrics statements="0" coveredstatements="0" conditionals="0" coveredconditionals="0" methods="0" coveredmethods="0"/>
      </file>
      <file name="supabase.ts" path="/home/jonaswsl/projects/daygame-coach/src/db/supabase.ts">
        <metrics statements="13" coveredstatements="0" conditionals="4" coveredconditionals="0" methods="5" coveredmethods="0"/>
        <line num="10" count="0" type="stmt"/>
        <line num="12" count="0" type="stmt"/>
        <line num="18" count="0" type="stmt"/>
        <line num="21" count="0" type="stmt"/>
        <line num="22" count="0" type="stmt"/>
        <line num="23" count="0" type="stmt"/>
        <line num="42" count="0" type="stmt"/>
        <line num="43" count="0" type="stmt"/>
        <line num="45" count="0" type="cond" truecount="0" falsecount="2"/>
        <line num="46" count="0" type="stmt"/>
        <line num="49" count="0" type="cond" truecount="0" falsecount="2"/>
        <line num="50" count="0" type="stmt"/>
        <line num="55" count="0" type="stmt"/>
      </file>
      <file name="trackingRepo.ts" path="/home/jonaswsl/projects/daygame-coach/src/db/trackingRepo.ts">
        <metrics statements="502" coveredstatements="13" conditionals="395" coveredconditionals="17" methods="62" coveredmethods="3"/>
        <line num="11" count="11" type="stmt"/>
        <line num="12" count="11" type="stmt"/>
        <line num="14" count="11" type="cond" truecount="2" falsecount="0"/>
        <line num="15" count="11" type="stmt"/>
        <line num="16" count="11" type="stmt"/>
        <line num="17" count="11" type="stmt"/>
        <line num="22" count="13" type="cond" truecount="4" falsecount="0"/>
        <line num="23" count="10" type="stmt"/>
        <line num="24" count="10" type="stmt"/>
        <line num="27" count="10" type="cond" truecount="4" falsecount="0"/>
        <line num="29" count="7" type="cond" truecount="5" falsecount="0"/>
        <line num="31" count="5" type="stmt"/>
        <line num="36" count="13" type="cond" truecount="2" falsecount="0"/>
        <line num="76" count="0" type="stmt"/>
        <line num="78" count="0" type="stmt"/>
        <line num="84" count="0" type="cond" truecount="0" falsecount="2"/>
        <line num="85" count="0" type="cond" truecount="0" falsecount="2"/>
        <line num="86" count="0" type="stmt"/>
        <line num="89" count="0" type="cond" truecount="0" falsecount="2"/>
        <line num="97" count="0" type="stmt"/>
        <line num="99" count="0" type="stmt"/>
        <line num="105" count="0" type="cond" truecount="0" falsecount="2"/>
        <line num="106" count="0" type="stmt"/>
        <line num="109" count="0" type="stmt"/>
        <line num="113" count="0" type="stmt"/>
        <line num="115" count="0" type="stmt"/>
        <line num="121" count="0" type="cond" truecount="0" falsecount="2"/>
        <line num="122" count="0" type="cond" truecount="0" falsecount="2"/>
        <line num="123" count="0" type="stmt"/>
        <line num="126" count="0" type="stmt"/>
        <line num="130" count="0" type="stmt"/>
        <line num="132" count="0" type="stmt"/>
        <line num="141" count="0" type="cond" truecount="0" falsecount="2"/>
        <line num="142" count="0" type="cond" truecount="0" falsecount="2"/>
        <line num="143" count="0" type="stmt"/>
        <line num="146" count="0" type="stmt"/>
        <line num="153" count="0" type="stmt"/>
        <line num="155" count="0" type="stmt"/>
        <line num="162" count="0" type="cond" truecount="0" falsecount="2"/>
        <line num="163" count="0" type="stmt"/>
        <line num="166" count="0" type="stmt"/>
        <line num="171" count="0" type="stmt"/>
        <line num="172" count="0" type="cond" truecount="0" falsecount="2"/>
        <line num="173" count="0" type="stmt"/>
        <line num="176" count="0" type="stmt"/>
        <line num="177" count="0" type="stmt"/>
        <line num="178" count="0" type="stmt"/>
        <line num="180" count="0" type="stmt"/>
        <line num="181" count="0" type="cond" truecount="0" falsecount="2"/>
        <line num="183" count="0" type="stmt"/>
        <line num="193" count="0" type="stmt"/>
        <line num="201" count="0" type="stmt"/>
        <line num="210" count="0" type="stmt"/>
        <line num="211" count="0" type="cond" truecount="0" falsecount="2"/>
        <line num="212" count="0" type="stmt"/>
        <line num="215" count="0" type="stmt"/>
        <line num="216" count="0" type="stmt"/>
        <line num="217" count="0" type="stmt"/>
        <line num="220" count="0" type="stmt"/>
        <line num="230" count="0" type="stmt"/>
        <line num="231" count="0" type="cond" truecount="0" falsecount="2"/>
        <line num="232" count="0" type="stmt"/>
        <line num="235" count="0" type="cond" truecount="0" falsecount="2"/>
        <line num="236" count="0" type="stmt"/>
        <line num="240" count="0" type="stmt"/>
        <line num="247" count="0" type="stmt"/>
        <line num="248" count="0" type="cond" truecount="0" falsecount="2"/>
        <line num="249" count="0" type="stmt"/>
        <line num="252" count="0" type="stmt"/>
        <line num="266" count="0" type="stmt"/>
        <line num="267" count="0" type="stmt"/>
        <line num="270" count="0" type="cond" truecount="0" falsecount="2"/>
        <line num="271" count="0" type="cond" truecount="0" falsecount="2"/>
        <line num="272" count="0" type="stmt"/>
        <line num="275" count="0" type="stmt"/>
        <line num="279" count="0" type="cond" truecount="0" falsecount="2"/>
        <line num="280" count="0" type="cond" truecount="0" falsecount="4"/>
        <line num="281" count="0" type="stmt"/>
        <line num="284" count="0" type="stmt"/>
        <line num="286" count="0" type="stmt"/>
        <line num="294" count="0" type="stmt"/>
        <line num="297" count="0" type="stmt"/>
        <line num="300" count="0" type="cond" truecount="0" falsecount="2"/>
        <line num="301" count="0" type="cond" truecount="0" falsecount="2"/>
        <line num="302" count="0" type="cond" truecount="0" falsecount="2"/>
        <line num="303" count="0" type="cond" truecount="0" falsecount="2"/>
        <line num="304" count="0" type="cond" truecount="0" falsecount="2"/>
        <line num="305" count="0" type="cond" truecount="0" falsecount="2"/>
        <line num="306" count="0" type="cond" truecount="0" falsecount="2"/>
        <line num="309" count="0" type="cond" truecount="0" falsecount="2"/>
        <line num="310" count="0" type="cond" truecount="0" falsecount="2"/>
        <line num="311" count="0" type="cond" truecount="0" falsecount="2"/>
        <line num="312" count="0" type="cond" truecount="0" falsecount="2"/>
        <line num="315" count="0" type="stmt"/>
        <line num="316" count="0" type="cond" truecount="0" falsecount="4"/>
        <line num="319" count="0" type="cond" truecount="0" falsecount="2"/>
        <line num="322" count="0" type="stmt"/>
        <line num="331" count="0" type="stmt"/>
        <line num="332" count="0" type="cond" truecount="0" falsecount="2"/>
        <line num="334" count="0" type="cond" truecount="0" falsecount="2"/>
        <line num="335" count="0" type="cond" truecount="0" falsecount="2"/>
        <line num="336" count="0" type="stmt"/>
        <line num="339" count="0" type="cond" truecount="0" falsecount="2"/>
        <line num="340" count="0" type="stmt"/>
        <line num="344" count="0" type="cond" truecount="0" falsecount="2"/>
        <line num="345" count="0" type="stmt"/>
        <line num="350" count="0" type="cond" truecount="0" falsecount="4"/>
        <line num="352" count="0" type="cond" truecount="0" falsecount="2"/>
        <line num="355" count="0" type="stmt"/>
        <line num="358" count="0" type="stmt"/>
        <line num="365" count="0" type="stmt"/>
        <line num="366" count="0" type="cond" truecount="0" falsecount="2"/>
        <line num="367" count="0" type="cond" truecount="0" falsecount="2"/>
        <line num="368" count="0" type="cond" truecount="0" falsecount="2"/>
        <line num="369" count="0" type="cond" truecount="0" falsecount="2"/>
        <line num="370" count="0" type="cond" truecount="0" falsecount="2"/>
        <line num="371" count="0" type="cond" truecount="0" falsecount="2"/>
        <line num="372" count="0" type="stmt"/>
        <line num="378" count="0" type="stmt"/>
        <line num="380" count="0" type="stmt"/>
        <line num="386" count="0" type="cond" truecount="0" falsecount="2"/>
        <line num="387" count="0" type="cond" truecount="0" falsecount="2"/>
        <line num="388" count="0" type="stmt"/>
        <line num="391" count="0" type="stmt"/>
        <line num="397" count="0" type="cond" truecount="0" falsecount="2"/>
        <line num="398" count="0" type="stmt"/>
        <line num="401" count="0" type="stmt"/>
        <line num="412" count="0" type="stmt"/>
        <line num="414" count="0" type="stmt"/>
        <line num="421" count="0" type="cond" truecount="0" falsecount="2"/>
        <line num="422" count="0" type="stmt"/>
        <line num="425" count="0" type="stmt"/>
        <line num="429" count="0" type="stmt"/>
        <line num="432" count="0" type="stmt"/>
        <line num="433" count="0" type="cond" truecount="0" falsecount="4"/>
        <line num="434" count="0" type="stmt"/>
        <line num="438" count="0" type="stmt"/>
        <line num="443" count="0" type="cond" truecount="0" falsecount="2"/>
        <line num="444" count="0" type="stmt"/>
        <line num="448" count="0" type="stmt"/>
        <line num="453" count="0" type="cond" truecount="0" falsecount="2"/>
        <line num="454" count="0" type="stmt"/>
        <line num="465" count="0" type="stmt"/>
        <line num="470" count="0" type="stmt"/>
        <line num="490" count="0" type="cond" truecount="0" falsecount="2"/>
        <line num="491" count="0" type="stmt"/>
        <line num="495" count="0" type="cond" truecount="0" falsecount="2"/>
        <line num="496" count="0" type="cond" truecount="0" falsecount="2"/>
        <line num="498" count="0" type="stmt"/>
        <line num="506" count="0" type="stmt"/>
        <line num="507" count="0" type="cond" truecount="0" falsecount="4"/>
        <line num="508" count="0" type="stmt"/>
        <line num="512" count="0" type="stmt"/>
        <line num="533" count="0" type="stmt"/>
        <line num="535" count="0" type="stmt"/>
        <line num="541" count="0" type="cond" truecount="0" falsecount="2"/>
        <line num="542" count="0" type="stmt"/>
        <line num="546" count="0" type="cond" truecount="0" falsecount="2"/>
        <line num="547" count="0" type="stmt"/>
        <line num="552" count="0" type="cond" truecount="0" falsecount="2"/>
        <line num="553" count="0" type="stmt"/>
        <line num="558" count="0" type="stmt"/>
        <line num="560" count="0" type="stmt"/>
        <line num="567" count="0" type="stmt"/>
        <line num="569" count="0" type="stmt"/>
        <line num="576" count="0" type="cond" truecount="0" falsecount="2"/>
        <line num="577" count="0" type="stmt"/>
        <line num="580" count="0" type="stmt"/>
        <line num="584" count="0" type="stmt"/>
        <line num="586" count="0" type="stmt"/>
        <line num="592" count="0" type="cond" truecount="0" falsecount="2"/>
        <line num="593" count="0" type="stmt"/>
        <line num="596" count="0" type="stmt"/>
        <line num="604" count="0" type="stmt"/>
        <line num="606" count="0" type="stmt"/>
        <line num="613" count="0" type="cond" truecount="0" falsecount="2"/>
        <line num="614" count="0" type="stmt"/>
        <line num="617" count="0" type="stmt"/>
        <line num="631" count="0" type="stmt"/>
        <line num="634" count="0" type="stmt"/>
        <line num="637" count="0" type="stmt"/>
        <line num="644" count="0" type="cond" truecount="0" falsecount="2"/>
        <line num="645" count="0" type="stmt"/>
        <line num="649" count="0" type="stmt"/>
        <line num="660" count="0" type="cond" truecount="0" falsecount="2"/>
        <line num="661" count="0" type="stmt"/>
        <line num="662" count="0" type="cond" truecount="0" falsecount="2"/>
        <line num="663" count="0" type="stmt"/>
        <line num="665" count="0" type="stmt"/>
        <line num="669" count="0" type="stmt"/>
        <line num="671" count="0" type="stmt"/>
        <line num="677" count="0" type="cond" truecount="0" falsecount="2"/>
        <line num="678" count="0" type="cond" truecount="0" falsecount="2"/>
        <line num="679" count="0" type="stmt"/>
        <line num="682" count="0" type="stmt"/>
        <line num="696" count="0" type="stmt"/>
        <line num="698" count="0" type="stmt"/>
        <line num="707" count="0" type="cond" truecount="0" falsecount="2"/>
        <line num="708" count="0" type="stmt"/>
        <line num="711" count="0" type="stmt"/>
        <line num="721" count="0" type="stmt"/>
        <line num="723" count="0" type="stmt"/>
        <line num="730" count="0" type="cond" truecount="0" falsecount="2"/>
        <line num="731" count="0" type="stmt"/>
        <line num="734" count="0" type="stmt"/>
        <line num="745" count="0" type="stmt"/>
        <line num="747" count="0" type="stmt"/>
        <line num="755" count="0" type="cond" truecount="0" falsecount="2"/>
        <line num="756" count="0" type="cond" truecount="0" falsecount="2"/>
        <line num="757" count="0" type="stmt"/>
        <line num="760" count="0" type="stmt"/>
        <line num="772" count="0" type="stmt"/>
        <line num="774" count="0" type="stmt"/>
        <line num="786" count="0" type="cond" truecount="0" falsecount="2"/>
        <line num="787" count="0" type="cond" truecount="0" falsecount="2"/>
        <line num="788" count="0" type="stmt"/>
        <line num="790" count="0" type="stmt"/>
        <line num="793" count="0" type="stmt"/>
        <line num="804" count="0" type="stmt"/>
        <line num="806" count="0" type="stmt"/>
        <line num="813" count="0" type="cond" truecount="0" falsecount="2"/>
        <line num="814" count="0" type="stmt"/>
        <line num="817" count="0" type="cond" truecount="0" falsecount="2"/>
        <line num="818" count="0" type="stmt"/>
        <line num="827" count="0" type="stmt"/>
        <line num="829" count="0" type="stmt"/>
        <line num="835" count="0" type="cond" truecount="0" falsecount="2"/>
        <line num="836" count="0" type="stmt"/>
        <line num="840" count="0" type="cond" truecount="0" falsecount="2"/>
        <line num="841" count="0" type="stmt"/>
        <line num="842" count="0" type="cond" truecount="0" falsecount="2"/>
        <line num="843" count="0" type="stmt"/>
        <line num="846" count="0" type="stmt"/>
        <line num="847" count="0" type="cond" truecount="0" falsecount="2"/>
        <line num="848" count="0" type="cond" truecount="0" falsecount="2"/>
        <line num="849" count="0" type="cond" truecount="0" falsecount="2"/>
        <line num="850" count="0" type="cond" truecount="0" falsecount="2"/>
        <line num="851" count="0" type="stmt"/>
        <line num="854" count="0" type="stmt"/>
        <line num="861" count="0" type="stmt"/>
        <line num="863" count="0" type="stmt"/>
        <line num="870" count="0" type="cond" truecount="0" falsecount="2"/>
        <line num="871" count="0" type="stmt"/>
        <line num="874" count="0" type="stmt"/>
        <line num="882" count="0" type="stmt"/>
        <line num="884" count="0" type="stmt"/>
        <line num="892" count="0" type="cond" truecount="0" falsecount="2"/>
        <line num="893" count="0" type="stmt"/>
        <line num="896" count="0" type="stmt"/>
        <line num="900" count="0" type="stmt"/>
        <line num="902" count="0" type="stmt"/>
        <line num="909" count="0" type="cond" truecount="0" falsecount="2"/>
        <line num="910" count="0" type="stmt"/>
        <line num="913" count="0" type="stmt"/>
        <line num="917" count="0" type="stmt"/>
        <line num="919" count="0" type="stmt"/>
        <line num="929" count="0" type="cond" truecount="0" falsecount="2"/>
        <line num="931" count="0" type="cond" truecount="0" falsecount="2"/>
        <line num="932" count="0" type="stmt"/>
        <line num="934" count="0" type="stmt"/>
        <line num="937" count="0" type="cond" truecount="0" falsecount="2"/>
        <line num="941" count="0" type="stmt"/>
        <line num="942" count="0" type="cond" truecount="0" falsecount="2"/>
        <line num="946" count="0" type="stmt"/>
        <line num="947" count="0" type="stmt"/>
        <line num="948" count="0" type="cond" truecount="0" falsecount="2"/>
        <line num="951" count="0" type="cond" truecount="0" falsecount="2"/>
        <line num="952" count="0" type="stmt"/>
        <line num="956" count="0" type="cond" truecount="0" falsecount="2"/>
        <line num="957" count="0" type="stmt"/>
        <line num="960" count="0" type="stmt"/>
        <line num="962" count="0" type="stmt"/>
        <line num="967" count="0" type="cond" truecount="0" falsecount="2"/>
        <line num="968" count="0" type="stmt"/>
        <line num="971" count="0" type="stmt"/>
        <line num="975" count="0" type="stmt"/>
        <line num="976" count="0" type="stmt"/>
        <line num="977" count="0" type="cond" truecount="0" falsecount="2"/>
        <line num="979" count="0" type="stmt"/>
        <line num="981" count="0" type="stmt"/>
        <line num="986" count="0" type="cond" truecount="0" falsecount="2"/>
        <line num="987" count="0" type="stmt"/>
        <line num="990" count="0" type="stmt"/>
        <line num="1001" count="0" type="stmt"/>
        <line num="1003" count="0" type="stmt"/>
        <line num="1008" count="0" type="cond" truecount="0" falsecount="2"/>
        <line num="1009" count="0" type="stmt"/>
        <line num="1012" count="0" type="stmt"/>
        <line num="1016" count="0" type="cond" truecount="0" falsecount="2"/>
        <line num="1017" count="0" type="stmt"/>
        <line num="1020" count="0" type="stmt"/>
        <line num="1028" count="0" type="stmt"/>
        <line num="1030" count="0" type="stmt"/>
        <line num="1036" count="0" type="cond" truecount="0" falsecount="2"/>
        <line num="1037" count="0" type="stmt"/>
        <line num="1041" count="0" type="cond" truecount="0" falsecount="4"/>
        <line num="1042" count="0" type="stmt"/>
        <line num="1043" count="0" type="stmt"/>
        <line num="1046" count="0" type="stmt"/>
        <line num="1053" count="0" type="stmt"/>
        <line num="1055" count="0" type="stmt"/>
        <line num="1062" count="0" type="cond" truecount="0" falsecount="2"/>
        <line num="1063" count="0" type="stmt"/>
        <line num="1066" count="0" type="stmt"/>
        <line num="1074" count="0" type="stmt"/>
        <line num="1076" count="0" type="stmt"/>
        <line num="1082" count="0" type="cond" truecount="0" falsecount="2"/>
        <line num="1083" count="0" type="stmt"/>
        <line num="1086" count="0" type="stmt"/>
        <line num="1090" count="0" type="cond" truecount="0" falsecount="2"/>
        <line num="1091" count="0" type="stmt"/>
        <line num="1094" count="0" type="stmt"/>
        <line num="1098" count="0" type="stmt"/>
        <line num="1100" count="0" type="stmt"/>
        <line num="1110" count="0" type="cond" truecount="0" falsecount="2"/>
        <line num="1111" count="0" type="cond" truecount="0" falsecount="2"/>
        <line num="1112" count="0" type="stmt"/>
        <line num="1115" count="0" type="cond" truecount="0" falsecount="2"/>
        <line num="1125" count="0" type="stmt"/>
        <line num="1127" count="0" type="stmt"/>
        <line num="1133" count="0" type="cond" truecount="0" falsecount="2"/>
        <line num="1134" count="0" type="cond" truecount="0" falsecount="2"/>
        <line num="1135" count="0" type="stmt"/>
        <line num="1138" count="0" type="stmt"/>
        <line num="1144" count="0" type="stmt"/>
        <line num="1146" count="0" type="cond" truecount="0" falsecount="2"/>
        <line num="1148" count="0" type="stmt"/>
        <line num="1150" count="0" type="stmt"/>
        <line num="1156" count="0" type="cond" truecount="0" falsecount="2"/>
        <line num="1157" count="0" type="stmt"/>
        <line num="1160" count="0" type="stmt"/>
        <line num="1163" count="0" type="stmt"/>
        <line num="1171" count="0" type="stmt"/>
        <line num="1174" count="0" type="stmt"/>
        <line num="1176" count="0" type="stmt"/>
        <line num="1183" count="0" type="cond" truecount="0" falsecount="2"/>
        <line num="1184" count="0" type="stmt"/>
        <line num="1187" count="0" type="stmt"/>
        <line num="1194" count="0" type="stmt"/>
        <line num="1196" count="0" type="stmt"/>
        <line num="1197" count="0" type="stmt"/>
        <line num="1198" count="0" type="stmt"/>
        <line num="1201" count="0" type="stmt"/>
        <line num="1202" count="0" type="cond" truecount="0" falsecount="2"/>
        <line num="1203" count="0" type="stmt"/>
        <line num="1204" count="0" type="stmt"/>
        <line num="1205" count="0" type="stmt"/>
        <line num="1207" count="0" type="cond" truecount="0" falsecount="2"/>
        <line num="1208" count="0" type="stmt"/>
        <line num="1209" count="0" type="cond" truecount="0" falsecount="2"/>
        <line num="1210" count="0" type="stmt"/>
        <line num="1215" count="0" type="cond" truecount="0" falsecount="2"/>
        <line num="1216" count="0" type="cond" truecount="0" falsecount="2"/>
        <line num="1217" count="0" type="stmt"/>
        <line num="1220" count="0" type="stmt"/>
        <line num="1223" count="0" type="stmt"/>
        <line num="1232" count="0" type="stmt"/>
        <line num="1233" count="0" type="stmt"/>
        <line num="1235" count="0" type="cond" truecount="0" falsecount="2"/>
        <line num="1236" count="0" type="stmt"/>
        <line num="1237" count="0" type="stmt"/>
        <line num="1238" count="0" type="cond" truecount="0" falsecount="2"/>
        <line num="1239" count="0" type="stmt"/>
        <line num="1240" count="0" type="stmt"/>
        <line num="1243" count="0" type="stmt"/>
        <line num="1247" count="0" type="stmt"/>
        <line num="1250" count="0" type="stmt"/>
        <line num="1251" count="0" type="stmt"/>
        <line num="1254" count="0" type="cond" truecount="0" falsecount="2"/>
        <line num="1255" count="0" type="cond" truecount="0" falsecount="2"/>
        <line num="1256" count="0" type="cond" truecount="0" falsecount="2"/>
        <line num="1257" count="0" type="cond" truecount="0" falsecount="2"/>
        <line num="1258" count="0" type="cond" truecount="0" falsecount="2"/>
        <line num="1259" count="0" type="cond" truecount="0" falsecount="2"/>
        <line num="1260" count="0" type="cond" truecount="0" falsecount="2"/>
        <line num="1261" count="0" type="cond" truecount="0" falsecount="2"/>
        <line num="1262" count="0" type="cond" truecount="0" falsecount="2"/>
        <line num="1265" count="0" type="cond" truecount="0" falsecount="2"/>
        <line num="1266" count="0" type="cond" truecount="0" falsecount="2"/>
        <line num="1267" count="0" type="cond" truecount="0" falsecount="2"/>
        <line num="1268" count="0" type="cond" truecount="0" falsecount="2"/>
        <line num="1269" count="0" type="cond" truecount="0" falsecount="2"/>
        <line num="1270" count="0" type="cond" truecount="0" falsecount="2"/>
        <line num="1271" count="0" type="cond" truecount="0" falsecount="2"/>
        <line num="1272" count="0" type="cond" truecount="0" falsecount="2"/>
        <line num="1276" count="0" type="cond" truecount="0" falsecount="2"/>
        <line num="1277" count="0" type="cond" truecount="0" falsecount="2"/>
        <line num="1278" count="0" type="cond" truecount="0" falsecount="2"/>
        <line num="1279" count="0" type="cond" truecount="0" falsecount="2"/>
        <line num="1280" count="0" type="cond" truecount="0" falsecount="2"/>
        <line num="1281" count="0" type="cond" truecount="0" falsecount="2"/>
        <line num="1285" count="0" type="cond" truecount="0" falsecount="2"/>
        <line num="1286" count="0" type="cond" truecount="0" falsecount="2"/>
        <line num="1287" count="0" type="cond" truecount="0" falsecount="2"/>
        <line num="1290" count="0" type="stmt"/>
        <line num="1294" count="0" type="stmt"/>
        <line num="1296" count="0" type="stmt"/>
        <line num="1298" count="0" type="stmt"/>
        <line num="1304" count="0" type="cond" truecount="0" falsecount="4"/>
        <line num="1305" count="0" type="stmt"/>
        <line num="1306" count="0" type="stmt"/>
        <line num="1309" count="0" type="stmt"/>
        <line num="1313" count="0" type="stmt"/>
        <line num="1316" count="0" type="stmt"/>
        <line num="1324" count="0" type="cond" truecount="0" falsecount="4"/>
        <line num="1325" count="0" type="stmt"/>
        <line num="1326" count="0" type="cond" truecount="0" falsecount="2"/>
        <line num="1327" count="0" type="stmt"/>
        <line num="1328" count="0" type="stmt"/>
        <line num="1343" count="0" type="stmt"/>
        <line num="1346" count="0" type="stmt"/>
        <line num="1353" count="0" type="cond" truecount="0" falsecount="2"/>
        <line num="1356" count="0" type="stmt"/>
        <line num="1362" count="0" type="stmt"/>
        <line num="1368" count="0" type="cond" truecount="0" falsecount="2"/>
        <line num="1370" count="0" type="cond" truecount="0" falsecount="2"/>
        <line num="1371" count="0" type="stmt"/>
        <line num="1374" count="0" type="stmt"/>
        <line num="1386" count="0" type="cond" truecount="0" falsecount="2"/>
        <line num="1388" count="0" type="stmt"/>
        <line num="1391" count="0" type="stmt"/>
        <line num="1395" count="0" type="stmt"/>
        <line num="1397" count="0" type="cond" truecount="0" falsecount="2"/>
        <line num="1398" count="0" type="stmt"/>
        <line num="1401" count="0" type="cond" truecount="0" falsecount="2"/>
        <line num="1404" count="0" type="stmt"/>
        <line num="1406" count="0" type="cond" truecount="0" falsecount="2"/>
        <line num="1409" count="0" type="stmt"/>
        <line num="1415" count="0" type="stmt"/>
        <line num="1420" count="0" type="cond" truecount="0" falsecount="2"/>
        <line num="1422" count="0" type="cond" truecount="0" falsecount="2"/>
        <line num="1423" count="0" type="stmt"/>
        <line num="1426" count="0" type="cond" truecount="0" falsecount="2"/>
        <line num="1430" count="0" type="stmt"/>
        <line num="1432" count="0" type="stmt"/>
        <line num="1438" count="0" type="cond" truecount="0" falsecount="2"/>
        <line num="1439" count="0" type="stmt"/>
        <line num="1442" count="0" type="stmt"/>
        <line num="1452" count="0" type="stmt"/>
        <line num="1454" count="0" type="stmt"/>
        <line num="1460" count="0" type="cond" truecount="0" falsecount="2"/>
        <line num="1461" count="0" type="stmt"/>
        <line num="1464" count="0" type="stmt"/>
        <line num="1471" count="0" type="stmt"/>
        <line num="1473" count="0" type="stmt"/>
        <line num="1480" count="0" type="cond" truecount="0" falsecount="2"/>
        <line num="1481" count="0" type="stmt"/>
        <line num="1484" count="0" type="stmt"/>
        <line num="1491" count="0" type="stmt"/>
        <line num="1493" count="0" type="stmt"/>
        <line num="1495" count="0" type="cond" truecount="0" falsecount="2"/>
        <line num="1496" count="0" type="stmt"/>
        <line num="1499" count="0" type="stmt"/>
        <line num="1501" count="0" type="cond" truecount="0" falsecount="2"/>
        <line num="1502" count="0" type="stmt"/>
        <line num="1505" count="0" type="stmt"/>
        <line num="1516" count="0" type="stmt"/>
        <line num="1518" count="0" type="stmt"/>
        <line num="1519" count="0" type="stmt"/>
        <line num="1521" count="0" type="stmt"/>
        <line num="1528" count="0" type="cond" truecount="0" falsecount="2"/>
        <line num="1529" count="0" type="stmt"/>
        <line num="1533" count="0" type="stmt"/>
        <line num="1535" count="0" type="stmt"/>
        <line num="1536" count="0" type="stmt"/>
        <line num="1537" count="0" type="cond" truecount="0" falsecount="2"/>
        <line num="1538" count="0" type="stmt"/>
        <line num="1546" count="0" type="stmt"/>
        <line num="1547" count="0" type="cond" truecount="0" falsecount="2"/>
        <line num="1548" count="0" type="cond" truecount="0" falsecount="2"/>
        <line num="1552" count="0" type="stmt"/>
        <line num="1553" count="0" type="stmt"/>
        <line num="1554" count="0" type="stmt"/>
        <line num="1556" count="0" type="stmt"/>
        <line num="1557" count="0" type="stmt"/>
        <line num="1558" count="0" type="stmt"/>
        <line num="1567" count="0" type="stmt"/>
        <line num="1570" count="0" type="stmt"/>
        <line num="1582" count="0" type="stmt"/>
        <line num="1585" count="0" type="stmt"/>
        <line num="1593" count="0" type="cond" truecount="0" falsecount="2"/>
        <line num="1594" count="0" type="stmt"/>
        <line num="1598" count="0" type="stmt"/>
        <line num="1599" count="0" type="stmt"/>
        <line num="1600" count="0" type="stmt"/>
        <line num="1602" count="0" type="cond" truecount="0" falsecount="2"/>
        <line num="1603" count="0" type="cond" truecount="0" falsecount="2"/>
        <line num="1604" count="0" type="cond" truecount="0" falsecount="2"/>
        <line num="1605" count="0" type="cond" truecount="0" falsecount="2"/>
        <line num="1608" count="0" type="stmt"/>
        <line num="1619" count="0" type="stmt"/>
        <line num="1621" count="0" type="stmt"/>
        <line num="1626" count="0" type="cond" truecount="0" falsecount="2"/>
        <line num="1627" count="0" type="stmt"/>
        <line num="1630" count="0" type="stmt"/>
        <line num="1632" count="0" type="cond" truecount="0" falsecount="5"/>
        <line num="1633" count="0" type="stmt"/>
        <line num="1636" count="0" type="stmt"/>
        <line num="1637" count="0" type="stmt"/>
        <line num="1638" count="0" type="stmt"/>
        <line num="1640" count="0" type="cond" truecount="0" falsecount="2"/>
        <line num="1642" count="0" type="stmt"/>
      </file>
    </package>
    <package name="inner-game">
      <metrics statements="22" coveredstatements="21" conditionals="6" coveredconditionals="6" methods="5" coveredmethods="5"/>
      <file name="config.ts" path="/home/jonaswsl/projects/daygame-coach/src/inner-game/config.ts">
        <metrics statements="12" coveredstatements="11" conditionals="4" coveredconditionals="4" methods="4" coveredmethods="4"/>
        <line num="21" count="1" type="stmt"/>
        <line num="197" count="1" type="stmt"/>
        <line num="198" count="11" type="stmt"/>
        <line num="201" count="1" type="stmt"/>
        <line num="202" count="11" type="stmt"/>
        <line num="205" count="1" type="stmt"/>
        <line num="206" count="11" type="stmt"/>
        <line num="213" count="1" type="stmt"/>
        <line num="219" count="0" type="stmt"/>
        <line num="230" count="1" type="stmt"/>
        <line num="243" count="1" type="stmt"/>
        <line num="254" count="1" type="stmt"/>
      </file>
      <file name="schemas.ts" path="/home/jonaswsl/projects/daygame-coach/src/inner-game/schemas.ts">
        <metrics statements="2" coveredstatements="2" conditionals="0" coveredconditionals="0" methods="0" coveredmethods="0"/>
        <line num="4" count="1" type="stmt"/>
        <line num="47" count="1" type="stmt"/>
      </file>
      <file name="types.ts" path="/home/jonaswsl/projects/daygame-coach/src/inner-game/types.ts">
        <metrics statements="8" coveredstatements="8" conditionals="2" coveredconditionals="2" methods="1" coveredmethods="1"/>
        <line num="33" count="2" type="cond" truecount="2" falsecount="0"/>
        <line num="34" count="2" type="stmt"/>
        <line num="35" count="2" type="stmt"/>
        <line num="36" count="2" type="stmt"/>
        <line num="37" count="2" type="stmt"/>
        <line num="38" count="2" type="stmt"/>
        <line num="39" count="2" type="stmt"/>
        <line num="40" count="2" type="stmt"/>
      </file>
    </package>
    <package name="inner-game.modules">
      <metrics statements="90" coveredstatements="90" conditionals="77" coveredconditionals="72" methods="23" coveredmethods="23"/>
      <file name="progressUtils.ts" path="/home/jonaswsl/projects/daygame-coach/src/inner-game/modules/progressUtils.ts">
        <metrics statements="32" coveredstatements="32" conditionals="54" coveredconditionals="50" methods="5" coveredmethods="5"/>
        <line num="14" count="7" type="stmt"/>
        <line num="15" count="7" type="stmt"/>
        <line num="17" count="7" type="cond" truecount="2" falsecount="0"/>
        <line num="18" count="7" type="cond" truecount="2" falsecount="0"/>
        <line num="19" count="7" type="cond" truecount="2" falsecount="0"/>
        <line num="20" count="7" type="cond" truecount="2" falsecount="0"/>
        <line num="21" count="7" type="cond" truecount="2" falsecount="0"/>
        <line num="22" count="7" type="cond" truecount="2" falsecount="0"/>
        <line num="24" count="7" type="stmt"/>
        <line num="34" count="7" type="cond" truecount="2" falsecount="0"/>
        <line num="35" count="6" type="cond" truecount="2" falsecount="0"/>
        <line num="36" count="5" type="cond" truecount="2" falsecount="0"/>
        <line num="37" count="4" type="cond" truecount="2" falsecount="0"/>
        <line num="38" count="3" type="cond" truecount="2" falsecount="0"/>
        <line num="39" count="2" type="cond" truecount="2" falsecount="0"/>
        <line num="40" count="1" type="stmt"/>
        <line num="47" count="12" type="stmt"/>
        <line num="49" count="12" type="cond" truecount="2" falsecount="0"/>
        <line num="50" count="12" type="cond" truecount="2" falsecount="0"/>
        <line num="51" count="12" type="cond" truecount="2" falsecount="0"/>
        <line num="52" count="12" type="cond" truecount="2" falsecount="0"/>
        <line num="53" count="12" type="cond" truecount="2" falsecount="0"/>
        <line num="54" count="12" type="cond" truecount="2" falsecount="0"/>
        <line num="56" count="12" type="stmt"/>
        <line num="64" count="8" type="stmt"/>
        <line num="65" count="8" type="stmt"/>
        <line num="68" count="8" type="cond" truecount="2" falsecount="0"/>
        <line num="71" count="6" type="cond" truecount="2" falsecount="0"/>
        <line num="74" count="4" type="cond" truecount="2" falsecount="0"/>
        <line num="77" count="3" type="cond" truecount="2" falsecount="0"/>
        <line num="79" count="2" type="stmt"/>
        <line num="87" count="5" type="stmt"/>
      </file>
      <file name="valueCutting.ts" path="/home/jonaswsl/projects/daygame-coach/src/inner-game/modules/valueCutting.ts">
        <metrics statements="58" coveredstatements="58" conditionals="23" coveredconditionals="22" methods="18" coveredmethods="18"/>
        <line num="14" count="5" type="stmt"/>
        <line num="17" count="91" type="stmt"/>
        <line num="20" count="5" type="cond" truecount="2" falsecount="0"/>
        <line num="21" count="3" type="stmt"/>
        <line num="22" count="18" type="stmt"/>
        <line num="23" count="58" type="stmt"/>
        <line num="30" count="2" type="stmt"/>
        <line num="31" count="12" type="stmt"/>
        <line num="36" count="5" type="stmt"/>
        <line num="47" count="13" type="stmt"/>
        <line num="50" count="13" type="stmt"/>
        <line num="51" count="53" type="stmt"/>
        <line num="55" count="13" type="stmt"/>
        <line num="56" count="18" type="cond" truecount="2" falsecount="0"/>
        <line num="57" count="18" type="stmt"/>
        <line num="60" count="13" type="stmt"/>
        <line num="71" count="6" type="stmt"/>
        <line num="74" count="6" type="stmt"/>
        <line num="75" count="28" type="stmt"/>
        <line num="77" count="18" type="stmt"/>
        <line num="84" count="15" type="cond" truecount="2" falsecount="0"/>
        <line num="85" count="11" type="cond" truecount="2" falsecount="0"/>
        <line num="86" count="6" type="cond" truecount="2" falsecount="0"/>
        <line num="87" count="2" type="stmt"/>
        <line num="97" count="3" type="stmt"/>
        <line num="98" count="3" type="stmt"/>
        <line num="99" count="3" type="stmt"/>
        <line num="110" count="6" type="stmt"/>
        <line num="111" count="3" type="stmt"/>
        <line num="114" count="3" type="stmt"/>
        <line num="119" count="3" type="stmt"/>
        <line num="120" count="14" type="stmt"/>
        <line num="122" count="12" type="stmt"/>
        <line num="132" count="2" type="stmt"/>
        <line num="134" count="10" type="stmt"/>
        <line num="148" count="3" type="stmt"/>
        <line num="150" count="5" type="stmt"/>
        <line num="151" count="4" type="stmt"/>
        <line num="152" count="4" type="stmt"/>
        <line num="154" count="3" type="stmt"/>
        <line num="164" count="3" type="stmt"/>
        <line num="165" count="3" type="stmt"/>
        <line num="167" count="3" type="stmt"/>
        <line num="168" count="9" type="cond" truecount="2" falsecount="0"/>
        <line num="169" count="4" type="stmt"/>
        <line num="171" count="5" type="stmt"/>
        <line num="175" count="3" type="stmt"/>
        <line num="187" count="6" type="cond" truecount="4" falsecount="0"/>
        <line num="188" count="1" type="stmt"/>
        <line num="192" count="5" type="cond" truecount="2" falsecount="0"/>
        <line num="193" count="2" type="stmt"/>
        <line num="197" count="3" type="cond" truecount="1" falsecount="1"/>
        <line num="198" count="3" type="stmt"/>
        <line num="199" count="3" type="stmt"/>
        <line num="200" count="3" type="stmt"/>
        <line num="202" count="3" type="cond" truecount="2" falsecount="0"/>
        <line num="203" count="2" type="stmt"/>
        <line num="207" count="1" type="stmt"/>
      </file>
    </package>
    <package name="profile">
      <metrics statements="75" coveredstatements="25" conditionals="47" coveredconditionals="17" methods="15" coveredmethods="6"/>
      <file name="config.ts" path="/home/jonaswsl/projects/daygame-coach/src/profile/config.ts">
        <metrics statements="10" coveredstatements="10" conditionals="0" coveredconditionals="0" methods="1" coveredmethods="1"/>
        <line num="10" count="1" type="stmt"/>
        <line num="18" count="1" type="stmt"/>
        <line num="29" count="1" type="stmt"/>
        <line num="39" count="13" type="stmt"/>
        <line num="45" count="1" type="stmt"/>
        <line num="57" count="1" type="stmt"/>
        <line num="65" count="1" type="stmt"/>
        <line num="71" count="1" type="stmt"/>
        <line num="76" count="1" type="stmt"/>
        <line num="97" count="1" type="stmt"/>
      </file>
      <file name="profileService.ts" path="/home/jonaswsl/projects/daygame-coach/src/profile/profileService.ts">
        <metrics statements="65" coveredstatements="15" conditionals="47" coveredconditionals="17" methods="14" coveredmethods="5"/>
        <line num="58" count="0" type="stmt"/>
        <line num="59" count="0" type="stmt"/>
        <line num="60" count="0" type="cond" truecount="0" falsecount="2"/>
        <line num="61" count="0" type="stmt"/>
        <line num="63" count="0" type="stmt"/>
        <line num="65" count="0" type="cond" truecount="0" falsecount="2"/>
        <line num="66" count="0" type="stmt"/>
        <line num="67" count="0" type="stmt"/>
        <line num="79" count="0" type="stmt"/>
        <line num="80" count="0" type="stmt"/>
        <line num="82" count="0" type="stmt"/>
        <line num="83" count="0" type="stmt"/>
        <line num="95" count="9" type="cond" truecount="2" falsecount="0"/>
        <line num="103" count="10" type="stmt"/>
        <line num="106" count="10" type="cond" truecount="4" falsecount="0"/>
        <line num="109" count="10" type="cond" truecount="5" falsecount="0"/>
        <line num="113" count="10" type="stmt"/>
        <line num="120" count="15" type="cond" truecount="4" falsecount="0"/>
        <line num="121" count="5" type="stmt"/>
        <line num="124" count="10" type="stmt"/>
        <line num="125" count="10" type="stmt"/>
        <line num="127" count="10" type="stmt"/>
        <line num="137" count="19" type="cond" truecount="2" falsecount="0"/>
        <line num="138" count="6" type="stmt"/>
        <line num="154" count="0" type="stmt"/>
        <line num="160" count="0" type="stmt"/>
        <line num="162" count="0" type="stmt"/>
        <line num="186" count="0" type="stmt"/>
        <line num="188" count="0" type="cond" truecount="0" falsecount="2"/>
        <line num="190" count="0" type="cond" truecount="0" falsecount="4"/>
        <line num="192" count="0" type="stmt"/>
        <line num="203" count="0" type="stmt"/>
        <line num="204" count="0" type="stmt"/>
        <line num="206" count="0" type="cond" truecount="0" falsecount="2"/>
        <line num="207" count="0" type="stmt"/>
        <line num="208" count="0" type="cond" truecount="0" falsecount="2"/>
        <line num="209" count="0" type="cond" truecount="0" falsecount="2"/>
        <line num="210" count="0" type="stmt"/>
        <line num="212" count="0" type="stmt"/>
        <line num="213" count="0" type="cond" truecount="0" falsecount="2"/>
        <line num="214" count="0" type="cond" truecount="0" falsecount="2"/>
        <line num="215" count="0" type="stmt"/>
        <line num="217" count="0" type="stmt"/>
        <line num="219" count="0" type="stmt"/>
        <line num="222" count="0" type="stmt"/>
        <line num="233" count="0" type="stmt"/>
        <line num="235" count="0" type="stmt"/>
        <line num="237" count="0" type="stmt"/>
        <line num="238" count="0" type="cond" truecount="0" falsecount="2"/>
        <line num="239" count="0" type="stmt"/>
        <line num="242" count="0" type="stmt"/>
        <line num="253" count="0" type="cond" truecount="0" falsecount="2"/>
        <line num="254" count="0" type="stmt"/>
        <line num="257" count="0" type="stmt"/>
        <line num="260" count="0" type="cond" truecount="0" falsecount="4"/>
        <line num="262" count="0" type="stmt"/>
        <line num="274" count="0" type="stmt"/>
        <line num="275" count="0" type="stmt"/>
        <line num="286" count="0" type="cond" truecount="0" falsecount="2"/>
        <line num="287" count="0" type="stmt"/>
        <line num="290" count="0" type="stmt"/>
        <line num="292" count="0" type="stmt"/>
        <line num="310" count="15" type="stmt"/>
        <line num="311" count="15" type="stmt"/>
        <line num="312" count="15" type="stmt"/>
      </file>
    </package>
    <package name="profile.data">
      <metrics statements="12" coveredstatements="5" conditionals="9" coveredconditionals="0" methods="5" coveredmethods="0"/>
      <file name="regions.ts" path="/home/jonaswsl/projects/daygame-coach/src/profile/data/regions.ts">
        <metrics statements="12" coveredstatements="5" conditionals="9" coveredconditionals="0" methods="5" coveredmethods="0"/>
        <line num="17" count="1" type="stmt"/>
        <line num="37" count="1" type="stmt"/>
        <line num="106" count="1" type="stmt"/>
        <line num="188" count="1" type="stmt"/>
        <line num="194" count="1" type="stmt"/>
        <line num="494" count="0" type="stmt"/>
        <line num="505" count="0" type="stmt"/>
        <line num="516" count="0" type="cond" truecount="0" falsecount="4"/>
        <line num="517" count="0" type="stmt"/>
        <line num="519" count="0" type="cond" truecount="0" falsecount="2"/>
        <line num="526" count="0" type="stmt"/>
        <line num="533" count="0" type="stmt"/>
      </file>
    </package>
    <package name="qa">
      <metrics statements="283" coveredstatements="93" conditionals="275" coveredconditionals="79" methods="72" coveredmethods="30"/>
      <file name="confidence.ts" path="/home/jonaswsl/projects/daygame-coach/src/qa/confidence.ts">
        <metrics statements="29" coveredstatements="29" conditionals="15" coveredconditionals="15" methods="11" coveredmethods="11"/>
        <line num="12" count="12" type="stmt"/>
        <line num="13" count="12" type="stmt"/>
        <line num="14" count="12" type="stmt"/>
        <line num="17" count="12" type="stmt"/>
        <line num="25" count="12" type="stmt"/>
        <line num="40" count="12" type="cond" truecount="2" falsecount="0"/>
        <line num="42" count="14" type="stmt"/>
        <line num="43" count="14" type="stmt"/>
        <line num="47" count="10" type="stmt"/>
        <line num="55" count="12" type="cond" truecount="2" falsecount="0"/>
        <line num="56" count="10" type="cond" truecount="2" falsecount="0"/>
        <line num="58" count="7" type="stmt"/>
        <line num="59" count="7" type="stmt"/>
        <line num="63" count="7" type="stmt"/>
        <line num="64" count="3" type="stmt"/>
        <line num="68" count="3" type="stmt"/>
        <line num="71" count="3" type="stmt"/>
        <line num="73" count="3" type="stmt"/>
        <line num="81" count="12" type="cond" truecount="2" falsecount="0"/>
        <line num="84" count="3" type="stmt"/>
        <line num="92" count="12" type="stmt"/>
        <line num="95" count="12" type="stmt"/>
        <line num="100" count="12" type="stmt"/>
        <line num="101" count="24" type="cond" truecount="2" falsecount="0"/>
        <line num="102" count="11" type="stmt"/>
        <line num="106" count="12" type="stmt"/>
        <line num="113" count="9" type="cond" truecount="2" falsecount="0"/>
        <line num="114" count="6" type="cond" truecount="2" falsecount="0"/>
        <line num="115" count="3" type="stmt"/>
      </file>
      <file name="config.ts" path="/home/jonaswsl/projects/daygame-coach/src/qa/config.ts">
        <metrics statements="4" coveredstatements="4" conditionals="8" coveredconditionals="8" methods="0" coveredmethods="0"/>
        <line num="7" count="2" type="stmt"/>
        <line num="43" count="2" type="stmt"/>
        <line num="52" count="2" type="stmt"/>
        <line num="61" count="2" type="stmt"/>
      </file>
      <file name="prompt.ts" path="/home/jonaswsl/projects/daygame-coach/src/qa/prompt.ts">
        <metrics statements="35" coveredstatements="35" conditionals="38" coveredconditionals="36" methods="8" coveredmethods="8"/>
        <line num="4" count="16" type="stmt"/>
        <line num="5" count="16" type="stmt"/>
        <line num="24" count="16" type="stmt"/>
        <line num="26" count="18" type="cond" truecount="2" falsecount="0"/>
        <line num="27" count="18" type="cond" truecount="2" falsecount="0"/>
        <line num="28" count="18" type="stmt"/>
        <line num="32" count="16" type="stmt"/>
        <line num="33" count="16" type="stmt"/>
        <line num="35" count="18" type="cond" truecount="2" falsecount="0"/>
        <line num="36" count="18" type="cond" truecount="2" falsecount="0"/>
        <line num="37" count="18" type="cond" truecount="1" falsecount="1"/>
        <line num="39" count="18" type="cond" truecount="1" falsecount="1"/>
        <line num="43" count="18" type="cond" truecount="2" falsecount="0"/>
        <line num="46" count="18" type="stmt"/>
        <line num="53" count="16" type="stmt"/>
        <line num="128" count="4" type="stmt"/>
        <line num="141" count="15" type="cond" truecount="2" falsecount="0"/>
        <line num="147" count="15" type="cond" truecount="2" falsecount="0"/>
        <line num="151" count="15" type="cond" truecount="2" falsecount="0"/>
        <line num="154" count="15" type="cond" truecount="2" falsecount="0"/>
        <line num="157" count="15" type="stmt"/>
        <line num="160" count="15" type="stmt"/>
        <line num="163" count="15" type="stmt"/>
        <line num="167" count="15" type="stmt"/>
        <line num="178" count="15" type="stmt"/>
        <line num="179" count="135" type="stmt"/>
        <line num="180" count="135" type="cond" truecount="4" falsecount="0"/>
        <line num="181" count="2" type="stmt"/>
        <line num="185" count="15" type="stmt"/>
        <line num="188" count="15" type="stmt"/>
        <line num="191" count="15" type="cond" truecount="2" falsecount="0"/>
        <line num="192" count="15" type="stmt"/>
        <line num="194" count="29" type="stmt"/>
        <line num="195" count="29" type="stmt"/>
        <line num="198" count="15" type="stmt"/>
      </file>
      <file name="qaService.ts" path="/home/jonaswsl/projects/daygame-coach/src/qa/qaService.ts">
        <metrics statements="46" coveredstatements="23" conditionals="42" coveredconditionals="20" methods="13" coveredmethods="11"/>
        <line num="30" count="0" type="stmt"/>
        <line num="31" count="0" type="stmt"/>
        <line num="34" count="0" type="stmt"/>
        <line num="40" count="0" type="stmt"/>
        <line num="48" count="0" type="cond" truecount="0" falsecount="2"/>
        <line num="49" count="0" type="stmt"/>
        <line num="56" count="0" type="stmt"/>
        <line num="59" count="0" type="cond" truecount="0" falsecount="2"/>
        <line num="60" count="0" type="stmt"/>
        <line num="64" count="0" type="stmt"/>
        <line num="65" count="0" type="stmt"/>
        <line num="68" count="0" type="stmt"/>
        <line num="69" count="0" type="stmt"/>
        <line num="78" count="0" type="stmt"/>
        <line num="79" count="0" type="stmt"/>
        <line num="82" count="0" type="stmt"/>
        <line num="83" count="0" type="stmt"/>
        <line num="86" count="0" type="stmt"/>
        <line num="87" count="0" type="stmt"/>
        <line num="89" count="0" type="stmt"/>
        <line num="107" count="8" type="stmt"/>
        <line num="142" count="6" type="stmt"/>
        <line num="151" count="7" type="stmt"/>
        <line num="152" count="7" type="stmt"/>
        <line num="153" count="8" type="cond" truecount="2" falsecount="0"/>
        <line num="157" count="7" type="stmt"/>
        <line num="158" count="7" type="stmt"/>
        <line num="159" count="7" type="stmt"/>
        <line num="160" count="7" type="cond" truecount="2" falsecount="0"/>
        <line num="161" count="6" type="stmt"/>
        <line num="174" count="11" type="stmt"/>
        <line num="175" count="9" type="cond" truecount="2" falsecount="0"/>
        <line num="181" count="9" type="stmt"/>
        <line num="182" count="9" type="stmt"/>
        <line num="183" count="11" type="cond" truecount="2" falsecount="0"/>
        <line num="184" count="11" type="cond" truecount="2" falsecount="0"/>
        <line num="185" count="11" type="cond" truecount="1" falsecount="1"/>
        <line num="186" count="11" type="stmt"/>
        <line num="188" count="9" type="cond" truecount="1" falsecount="1"/>
        <line num="193" count="9" type="stmt"/>
        <line num="210" count="12" type="cond" truecount="2" falsecount="0"/>
        <line num="212" count="3" type="stmt"/>
        <line num="214" count="9" type="stmt"/>
        <line num="225" count="0" type="stmt"/>
        <line num="226" count="0" type="stmt"/>
        <line num="227" count="0" type="stmt"/>
      </file>
      <file name="retrieval.ts" path="/home/jonaswsl/projects/daygame-coach/src/qa/retrieval.ts">
        <metrics statements="168" coveredstatements="1" conditionals="172" coveredconditionals="0" methods="40" coveredmethods="0"/>
        <line num="7" count="0" type="cond" truecount="0" falsecount="2"/>
        <line num="10" count="1" type="stmt"/>
        <line num="64" count="0" type="cond" truecount="0" falsecount="2"/>
        <line num="65" count="0" type="cond" truecount="0" falsecount="4"/>
        <line num="66" count="0" type="cond" truecount="0" falsecount="4"/>
        <line num="67" count="0" type="cond" truecount="0" falsecount="4"/>
        <line num="68" count="0" type="cond" truecount="0" falsecount="5"/>
        <line num="69" count="0" type="stmt"/>
        <line num="73" count="0" type="stmt"/>
        <line num="77" count="0" type="stmt"/>
        <line num="78" count="0" type="cond" truecount="0" falsecount="2"/>
        <line num="82" count="0" type="cond" truecount="0" falsecount="2"/>
        <line num="83" count="0" type="stmt"/>
        <line num="84" count="0" type="cond" truecount="0" falsecount="2"/>
        <line num="88" count="0" type="cond" truecount="0" falsecount="2"/>
        <line num="89" count="0" type="stmt"/>
        <line num="90" count="0" type="stmt"/>
        <line num="91" count="0" type="stmt"/>
        <line num="92" count="0" type="cond" truecount="0" falsecount="2"/>
        <line num="94" count="0" type="stmt"/>
        <line num="99" count="0" type="cond" truecount="0" falsecount="2"/>
        <line num="100" count="0" type="stmt"/>
        <line num="101" count="0" type="stmt"/>
        <line num="114" count="0" type="stmt"/>
        <line num="116" count="0" type="stmt"/>
        <line num="117" count="0" type="cond" truecount="0" falsecount="2"/>
        <line num="119" count="0" type="stmt"/>
        <line num="120" count="0" type="stmt"/>
        <line num="122" count="0" type="stmt"/>
        <line num="123" count="0" type="stmt"/>
        <line num="125" count="0" type="cond" truecount="0" falsecount="2"/>
        <line num="127" count="0" type="stmt"/>
        <line num="130" count="0" type="stmt"/>
        <line num="132" count="0" type="cond" truecount="0" falsecount="5"/>
        <line num="133" count="0" type="stmt"/>
        <line num="151" count="0" type="stmt"/>
        <line num="154" count="0" type="stmt"/>
        <line num="155" count="0" type="stmt"/>
        <line num="156" count="0" type="stmt"/>
        <line num="157" count="0" type="stmt"/>
        <line num="158" count="0" type="cond" truecount="0" falsecount="5"/>
        <line num="159" count="0" type="stmt"/>
        <line num="160" count="0" type="stmt"/>
        <line num="161" count="0" type="stmt"/>
        <line num="163" count="0" type="stmt"/>
        <line num="166" count="0" type="stmt"/>
        <line num="172" count="0" type="stmt"/>
        <line num="173" count="0" type="stmt"/>
        <line num="175" count="0" type="stmt"/>
        <line num="177" count="0" type="cond" truecount="0" falsecount="6"/>
        <line num="184" count="0" type="cond" truecount="0" falsecount="4"/>
        <line num="186" count="0" type="stmt"/>
        <line num="187" count="0" type="stmt"/>
        <line num="188" count="0" type="stmt"/>
        <line num="192" count="0" type="cond" truecount="0" falsecount="2"/>
        <line num="193" count="0" type="stmt"/>
        <line num="194" count="0" type="stmt"/>
        <line num="195" count="0" type="stmt"/>
        <line num="196" count="0" type="cond" truecount="0" falsecount="4"/>
        <line num="198" count="0" type="stmt"/>
        <line num="202" count="0" type="cond" truecount="0" falsecount="2"/>
        <line num="203" count="0" type="stmt"/>
        <line num="204" count="0" type="cond" truecount="0" falsecount="2"/>
        <line num="208" count="0" type="stmt"/>
        <line num="209" count="0" type="cond" truecount="0" falsecount="2"/>
        <line num="214" count="0" type="stmt"/>
        <line num="215" count="0" type="stmt"/>
        <line num="217" count="0" type="cond" truecount="0" falsecount="2"/>
        <line num="218" count="0" type="cond" truecount="0" falsecount="2"/>
        <line num="219" count="0" type="stmt"/>
        <line num="223" count="0" type="stmt"/>
        <line num="224" count="0" type="cond" truecount="0" falsecount="2"/>
        <line num="225" count="0" type="stmt"/>
        <line num="226" count="0" type="cond" truecount="0" falsecount="2"/>
        <line num="227" count="0" type="cond" truecount="0" falsecount="2"/>
        <line num="235" count="0" type="stmt"/>
        <line num="236" count="0" type="cond" truecount="0" falsecount="2"/>
        <line num="238" count="0" type="stmt"/>
        <line num="247" count="0" type="cond" truecount="0" falsecount="2"/>
        <line num="248" count="0" type="cond" truecount="0" falsecount="2"/>
        <line num="249" count="0" type="stmt"/>
        <line num="253" count="0" type="stmt"/>
        <line num="254" count="0" type="stmt"/>
        <line num="257" count="0" type="stmt"/>
        <line num="258" count="0" type="cond" truecount="0" falsecount="2"/>
        <line num="259" count="0" type="stmt"/>
        <line num="262" count="0" type="stmt"/>
        <line num="277" count="0" type="stmt"/>
        <line num="280" count="0" type="stmt"/>
        <line num="281" count="0" type="stmt"/>
        <line num="286" count="0" type="stmt"/>
        <line num="287" count="0" type="stmt"/>
        <line num="289" count="0" type="stmt"/>
        <line num="294" count="0" type="stmt"/>
        <line num="295" count="0" type="stmt"/>
        <line num="296" count="0" type="stmt"/>
        <line num="297" count="0" type="cond" truecount="0" falsecount="2"/>
        <line num="298" count="0" type="stmt"/>
        <line num="302" count="0" type="stmt"/>
        <line num="303" count="0" type="stmt"/>
        <line num="304" count="0" type="cond" truecount="0" falsecount="3"/>
        <line num="307" count="0" type="stmt"/>
        <line num="312" count="0" type="stmt"/>
        <line num="313" count="0" type="cond" truecount="0" falsecount="2"/>
        <line num="314" count="0" type="cond" truecount="0" falsecount="2"/>
        <line num="315" count="0" type="stmt"/>
        <line num="318" count="0" type="cond" truecount="0" falsecount="4"/>
        <line num="322" count="0" type="stmt"/>
        <line num="323" count="0" type="stmt"/>
        <line num="324" count="0" type="stmt"/>
        <line num="325" count="0" type="stmt"/>
        <line num="327" count="0" type="stmt"/>
        <line num="328" count="0" type="cond" truecount="0" falsecount="2"/>
        <line num="329" count="0" type="stmt"/>
        <line num="339" count="0" type="stmt"/>
        <line num="342" count="0" type="stmt"/>
        <line num="343" count="0" type="cond" truecount="0" falsecount="2"/>
        <line num="344" count="0" type="stmt"/>
        <line num="346" count="0" type="cond" truecount="0" falsecount="2"/>
        <line num="349" count="0" type="stmt"/>
        <line num="350" count="0" type="cond" truecount="0" falsecount="4"/>
        <line num="354" count="0" type="stmt"/>
        <line num="356" count="0" type="stmt"/>
        <line num="357" count="0" type="cond" truecount="0" falsecount="2"/>
        <line num="358" count="0" type="stmt"/>
        <line num="359" count="0" type="cond" truecount="0" falsecount="2"/>
        <line num="360" count="0" type="cond" truecount="0" falsecount="2"/>
        <line num="361" count="0" type="stmt"/>
        <line num="364" count="0" type="stmt"/>
        <line num="366" count="0" type="cond" truecount="0" falsecount="2"/>
        <line num="368" count="0" type="stmt"/>
        <line num="369" count="0" type="cond" truecount="0" falsecount="2"/>
        <line num="370" count="0" type="cond" truecount="0" falsecount="2"/>
        <line num="372" count="0" type="stmt"/>
        <line num="373" count="0" type="cond" truecount="0" falsecount="2"/>
        <line num="376" count="0" type="cond" truecount="0" falsecount="2"/>
        <line num="380" count="0" type="cond" truecount="0" falsecount="4"/>
        <line num="382" count="0" type="stmt"/>
        <line num="385" count="0" type="stmt"/>
        <line num="387" count="0" type="stmt"/>
        <line num="390" count="0" type="stmt"/>
        <line num="393" count="0" type="stmt"/>
        <line num="394" count="0" type="stmt"/>
        <line num="395" count="0" type="stmt"/>
        <line num="396" count="0" type="stmt"/>
        <line num="398" count="0" type="stmt"/>
        <line num="399" count="0" type="stmt"/>
        <line num="400" count="0" type="cond" truecount="0" falsecount="2"/>
        <line num="401" count="0" type="cond" truecount="0" falsecount="2"/>
        <line num="402" count="0" type="cond" truecount="0" falsecount="2"/>
        <line num="403" count="0" type="cond" truecount="0" falsecount="2"/>
        <line num="405" count="0" type="stmt"/>
        <line num="411" count="0" type="cond" truecount="0" falsecount="2"/>
        <line num="412" count="0" type="cond" truecount="0" falsecount="2"/>
        <line num="414" count="0" type="stmt"/>
        <line num="415" count="0" type="stmt"/>
        <line num="416" count="0" type="stmt"/>
        <line num="421" count="0" type="cond" truecount="0" falsecount="4"/>
        <line num="422" count="0" type="stmt"/>
        <line num="423" count="0" type="cond" truecount="0" falsecount="2"/>
        <line num="425" count="0" type="cond" truecount="0" falsecount="2"/>
        <line num="426" count="0" type="stmt"/>
        <line num="431" count="0" type="stmt"/>
        <line num="432" count="0" type="cond" truecount="0" falsecount="3"/>
        <line num="433" count="0" type="cond" truecount="0" falsecount="3"/>
        <line num="437" count="0" type="stmt"/>
        <line num="452" count="0" type="stmt"/>
        <line num="459" count="0" type="stmt"/>
      </file>
      <file name="schemas.ts" path="/home/jonaswsl/projects/daygame-coach/src/qa/schemas.ts">
        <metrics statements="1" coveredstatements="1" conditionals="0" coveredconditionals="0" methods="0" coveredmethods="0"/>
        <line num="4" count="1" type="stmt"/>
      </file>
    </package>
    <package name="qa.providers">
      <metrics statements="26" coveredstatements="0" conditionals="21" coveredconditionals="0" methods="6" coveredmethods="0"/>
      <file name="claude.ts" path="/home/jonaswsl/projects/daygame-coach/src/qa/providers/claude.ts">
        <metrics statements="8" coveredstatements="0" conditionals="4" coveredconditionals="0" methods="2" coveredmethods="0"/>
        <line num="11" count="0" type="stmt"/>
        <line num="13" count="0" type="cond" truecount="0" falsecount="2"/>
        <line num="15" count="0" type="stmt"/>
        <line num="23" count="0" type="stmt"/>
        <line num="25" count="0" type="stmt"/>
        <line num="39" count="0" type="stmt"/>
        <line num="40" count="0" type="stmt"/>
        <line num="41" count="0" type="stmt"/>
      </file>
      <file name="index.ts" path="/home/jonaswsl/projects/daygame-coach/src/qa/providers/index.ts">
        <metrics statements="5" coveredstatements="0" conditionals="3" coveredconditionals="0" methods="2" coveredmethods="0"/>
        <line num="14" count="0" type="cond" truecount="0" falsecount="3"/>
        <line num="16" count="0" type="stmt"/>
        <line num="18" count="0" type="stmt"/>
        <line num="20" count="0" type="stmt"/>
        <line num="28" count="0" type="stmt"/>
      </file>
      <file name="ollama.ts" path="/home/jonaswsl/projects/daygame-coach/src/qa/providers/ollama.ts">
        <metrics statements="13" coveredstatements="0" conditionals="14" coveredconditionals="0" methods="2" coveredmethods="0"/>
        <line num="9" count="0" type="stmt"/>
        <line num="11" count="0" type="stmt"/>
        <line num="29" count="0" type="stmt"/>
        <line num="31" count="0" type="cond" truecount="0" falsecount="2"/>
        <line num="32" count="0" type="cond" truecount="0" falsecount="2"/>
        <line num="33" count="0" type="stmt"/>
        <line num="38" count="0" type="stmt"/>
        <line num="39" count="0" type="stmt"/>
        <line num="45" count="0" type="stmt"/>
        <line num="47" count="0" type="stmt"/>
        <line num="61" count="0" type="stmt"/>
        <line num="62" count="0" type="stmt"/>
        <line num="63" count="0" type="stmt"/>
      </file>
    </package>
    <package name="scenarios.providers">
      <metrics statements="4" coveredstatements="0" conditionals="10" coveredconditionals="0" methods="1" coveredmethods="0"/>
      <file name="structuredModel.ts" path="/home/jonaswsl/projects/daygame-coach/src/scenarios/providers/structuredModel.ts">
        <metrics statements="4" coveredstatements="0" conditionals="10" coveredconditionals="0" methods="1" coveredmethods="0"/>
        <line num="4" count="0" type="cond" truecount="0" falsecount="2"/>
        <line num="6" count="0" type="cond" truecount="0" falsecount="4"/>
        <line num="7" count="0" type="cond" truecount="0" falsecount="2"/>
        <line num="12" count="0" type="cond" truecount="0" falsecount="2"/>
      </file>
    </package>
    <package name="scenarios.shared">
      <metrics statements="11" coveredstatements="8" conditionals="14" coveredconditionals="14" methods="3" coveredmethods="2"/>
      <file name="difficulty.ts" path="/home/jonaswsl/projects/daygame-coach/src/scenarios/shared/difficulty.ts">
        <metrics statements="11" coveredstatements="8" conditionals="14" coveredconditionals="14" methods="3" coveredmethods="2"/>
        <line num="10" count="1" type="stmt"/>
        <line num="79" count="0" type="stmt"/>
        <line num="80" count="0" type="stmt"/>
        <line num="82" count="0" type="stmt"/>
        <line num="96" count="10" type="cond" truecount="2" falsecount="0"/>
        <line num="97" count="8" type="cond" truecount="2" falsecount="0"/>
        <line num="98" count="6" type="cond" truecount="2" falsecount="0"/>
        <line num="99" count="4" type="cond" truecount="2" falsecount="0"/>
        <line num="100" count="2" type="stmt"/>
        <line num="108" count="10" type="stmt"/>
        <line num="110" count="10" type="stmt"/>
      </file>
    </package>
    <package name="tracking">
      <metrics statements="120" coveredstatements="58" conditionals="59" coveredconditionals="44" methods="59" coveredmethods="14"/>
      <file name="config.ts" path="/home/jonaswsl/projects/daygame-coach/src/tracking/config.ts">
        <metrics statements="19" coveredstatements="19" conditionals="4" coveredconditionals="4" methods="5" coveredmethods="5"/>
        <line num="14" count="3" type="stmt"/>
        <line num="28" count="3" type="stmt"/>
        <line num="40" count="3" type="stmt"/>
        <line num="52" count="3" type="stmt"/>
        <line num="81" count="3" type="stmt"/>
        <line num="83" count="3" type="stmt"/>
        <line num="97" count="33" type="stmt"/>
        <line num="101" count="30" type="cond" truecount="2" falsecount="0"/>
        <line num="106" count="32" type="cond" truecount="2" falsecount="0"/>
        <line num="113" count="3" type="stmt"/>
        <line num="138" count="3" type="stmt"/>
        <line num="156" count="3" type="stmt"/>
        <line num="169" count="3" type="stmt"/>
        <line num="178" count="3" type="stmt"/>
        <line num="196" count="3" type="stmt"/>
        <line num="214" count="3" type="stmt"/>
        <line num="256" count="3" type="stmt"/>
        <line num="796" count="3" type="stmt"/>
        <line num="812" count="3" type="stmt"/>
      </file>
      <file name="schemas.ts" path="/home/jonaswsl/projects/daygame-coach/src/tracking/schemas.ts">
        <metrics statements="11" coveredstatements="11" conditionals="2" coveredconditionals="2" methods="1" coveredmethods="1"/>
        <line num="12" count="1" type="stmt"/>
        <line num="20" count="1" type="stmt"/>
        <line num="38" count="1" type="stmt"/>
        <line num="44" count="1" type="stmt"/>
        <line num="55" count="1" type="stmt"/>
        <line num="64" count="1" type="stmt"/>
        <line num="77" count="1" type="stmt"/>
        <line num="90" count="1" type="stmt"/>
        <line num="102" count="21" type="cond" truecount="2" falsecount="0"/>
        <line num="106" count="1" type="stmt"/>
        <line num="115" count="1" type="stmt"/>
      </file>
      <file name="sessionImportHelpers.ts" path="/home/jonaswsl/projects/daygame-coach/src/tracking/sessionImportHelpers.ts">
        <metrics statements="7" coveredstatements="7" conditionals="18" coveredconditionals="17" methods="4" coveredmethods="4"/>
        <line num="14" count="9" type="cond" truecount="2" falsecount="0"/>
        <line num="15" count="30" type="cond" truecount="2" falsecount="0"/>
        <line num="23" count="12" type="cond" truecount="2" falsecount="0"/>
        <line num="25" count="11" type="stmt"/>
        <line num="41" count="1" type="stmt"/>
        <line num="47" count="5" type="cond" truecount="2" falsecount="0"/>
        <line num="48" count="4" type="stmt"/>
      </file>
      <file name="trackingService.ts" path="/home/jonaswsl/projects/daygame-coach/src/tracking/trackingService.ts">
        <metrics statements="83" coveredstatements="21" conditionals="35" coveredconditionals="21" methods="49" coveredmethods="4"/>
        <line num="107" count="0" type="stmt"/>
        <line num="111" count="0" type="stmt"/>
        <line num="115" count="0" type="stmt"/>
        <line num="122" count="0" type="stmt"/>
        <line num="126" count="0" type="stmt"/>
        <line num="134" count="0" type="stmt"/>
        <line num="138" count="0" type="stmt"/>
        <line num="142" count="0" type="stmt"/>
        <line num="148" count="0" type="stmt"/>
        <line num="156" count="0" type="stmt"/>
        <line num="163" count="0" type="stmt"/>
        <line num="167" count="0" type="stmt"/>
        <line num="173" count="0" type="stmt"/>
        <line num="181" count="0" type="stmt"/>
        <line num="188" count="0" type="stmt"/>
        <line num="196" count="0" type="stmt"/>
        <line num="204" count="0" type="stmt"/>
        <line num="211" count="0" type="stmt"/>
        <line num="219" count="0" type="stmt"/>
        <line num="223" count="0" type="stmt"/>
        <line num="229" count="0" type="stmt"/>
        <line num="235" count="0" type="stmt"/>
        <line num="239" count="0" type="stmt"/>
        <line num="243" count="0" type="stmt"/>
        <line num="247" count="0" type="stmt"/>
        <line num="251" count="0" type="stmt"/>
        <line num="263" count="6" type="stmt"/>
        <line num="269" count="6" type="stmt"/>
        <line num="270" count="6" type="stmt"/>
        <line num="278" count="11" type="stmt"/>
        <line num="279" count="11" type="stmt"/>
        <line num="280" count="17" type="cond" truecount="7" falsecount="0"/>
        <line num="282" count="2" type="stmt"/>
        <line num="283" count="2" type="stmt"/>
        <line num="287" count="5" type="stmt"/>
        <line num="288" count="5" type="stmt"/>
        <line num="291" count="9" type="stmt"/>
        <line num="292" count="9" type="stmt"/>
        <line num="294" count="1" type="stmt"/>
        <line num="297" count="11" type="stmt"/>
        <line num="313" count="0" type="cond" truecount="0" falsecount="2"/>
        <line num="314" count="0" type="stmt"/>
        <line num="316" count="0" type="cond" truecount="0" falsecount="2"/>
        <line num="317" count="0" type="stmt"/>
        <line num="320" count="0" type="stmt"/>
        <line num="332" count="0" type="stmt"/>
        <line num="341" count="0" type="stmt"/>
        <line num="352" count="0" type="stmt"/>
        <line num="367" count="0" type="stmt"/>
        <line num="369" count="0" type="cond" truecount="0" falsecount="2"/>
        <line num="370" count="0" type="cond" truecount="0" falsecount="2"/>
        <line num="371" count="0" type="stmt"/>
        <line num="373" count="0" type="stmt"/>
        <line num="376" count="0" type="cond" truecount="0" falsecount="2"/>
        <line num="377" count="0" type="stmt"/>
        <line num="380" count="0" type="cond" truecount="0" falsecount="2"/>
        <line num="381" count="0" type="cond" truecount="0" falsecount="2"/>
        <line num="382" count="0" type="stmt"/>
        <line num="384" count="0" type="stmt"/>
        <line num="385" count="0" type="stmt"/>
        <line num="388" count="0" type="stmt"/>
        <line num="398" count="0" type="stmt"/>
        <line num="406" count="0" type="stmt"/>
        <line num="413" count="0" type="stmt"/>
        <line num="421" count="0" type="stmt"/>
        <line num="428" count="0" type="stmt"/>
        <line num="432" count="0" type="stmt"/>
        <line num="442" count="0" type="stmt"/>
        <line num="448" count="0" type="stmt"/>
        <line num="452" count="0" type="stmt"/>
        <line num="459" count="0" type="stmt"/>
        <line num="467" count="0" type="stmt"/>
        <line num="468" count="0" type="stmt"/>
        <line num="478" count="0" type="stmt"/>
        <line num="485" count="0" type="stmt"/>
        <line num="492" count="0" type="stmt"/>
        <line num="504" count="7" type="cond" truecount="2" falsecount="0"/>
        <line num="505" count="6" type="cond" truecount="5" falsecount="0"/>
        <line num="506" count="2" type="stmt"/>
        <line num="508" count="4" type="stmt"/>
        <line num="515" count="7" type="cond" truecount="5" falsecount="0"/>
        <line num="516" count="3" type="cond" truecount="2" falsecount="0"/>
        <line num="518" count="4" type="stmt"/>
      </file>
    </package>
    <package name="tracking.data">
      <metrics statements="30" coveredstatements="22" conditionals="14" coveredconditionals="12" methods="11" coveredmethods="6"/>
      <file name="milestones.ts" path="/home/jonaswsl/projects/daygame-coach/src/tracking/data/milestones.ts">
        <metrics statements="17" coveredstatements="17" conditionals="12" coveredconditionals="12" methods="6" coveredmethods="6"/>
        <line num="24" count="2" type="stmt"/>
        <line num="36" count="2" type="stmt"/>
        <line num="168" count="5" type="cond" truecount="2" falsecount="0"/>
        <line num="172" count="5" type="cond" truecount="5" falsecount="0"/>
        <line num="173" count="1" type="stmt"/>
        <line num="174" count="1" type="stmt"/>
        <line num="175" count="1" type="stmt"/>
        <line num="176" count="1" type="stmt"/>
        <line num="177" count="1" type="stmt"/>
        <line num="182" count="5" type="cond" truecount="5" falsecount="0"/>
        <line num="183" count="1" type="stmt"/>
        <line num="184" count="1" type="stmt"/>
        <line num="185" count="1" type="stmt"/>
        <line num="186" count="1" type="stmt"/>
        <line num="187" count="1" type="stmt"/>
        <line num="195" count="404" type="stmt"/>
        <line num="202" count="5" type="stmt"/>
      </file>
      <file name="templates.ts" path="/home/jonaswsl/projects/daygame-coach/src/tracking/data/templates.ts">
        <metrics statements="13" coveredstatements="5" conditionals="2" coveredconditionals="0" methods="5" coveredmethods="0"/>
        <line num="51" count="2" type="stmt"/>
        <line num="365" count="2" type="stmt"/>
        <line num="409" count="0" type="stmt"/>
        <line num="416" count="0" type="stmt"/>
        <line num="426" count="0" type="cond" truecount="0" falsecount="2"/>
        <line num="427" count="0" type="stmt"/>
        <line num="429" count="0" type="stmt"/>
        <line num="437" count="0" type="stmt"/>
        <line num="438" count="0" type="stmt"/>
        <line num="460" count="0" type="stmt"/>
        <line num="471" count="2" type="stmt"/>
        <line num="482" count="2" type="stmt"/>
        <line num="524" count="2" type="stmt"/>
      </file>
    </package>
    <package name="tracking.hooks">
      <metrics statements="194" coveredstatements="103" conditionals="108" coveredconditionals="30" methods="51" coveredmethods="19"/>
      <file name="useSession.ts" path="/home/jonaswsl/projects/daygame-coach/src/tracking/hooks/useSession.ts">
        <metrics statements="194" coveredstatements="103" conditionals="108" coveredconditionals="30" methods="51" coveredmethods="19"/>
        <line num="50" count="1" type="stmt"/>
        <line num="53" count="23" type="stmt"/>
        <line num="61" count="23" type="stmt"/>
        <line num="63" count="23" type="stmt"/>
        <line num="64" count="23" type="stmt"/>
        <line num="65" count="23" type="stmt"/>
        <line num="68" count="23" type="stmt"/>
        <line num="69" count="9" type="stmt"/>
        <line num="70" count="9" type="stmt"/>
        <line num="71" count="9" type="cond" truecount="2" falsecount="0"/>
        <line num="72" count="6" type="stmt"/>
        <line num="74" count="6" type="stmt"/>
        <line num="75" count="6" type="stmt"/>
        <line num="76" count="6" type="cond" truecount="2" falsecount="0"/>
        <line num="77" count="4" type="stmt"/>
        <line num="79" count="1" type="stmt"/>
        <line num="80" count="1" type="stmt"/>
        <line num="83" count="3" type="stmt"/>
        <line num="86" count="1" type="stmt"/>
        <line num="87" count="1" type="stmt"/>
        <line num="92" count="23" type="stmt"/>
        <line num="93" count="8" type="stmt"/>
        <line num="97" count="23" type="stmt"/>
        <line num="98" count="11" type="cond" truecount="2" falsecount="0"/>
        <line num="99" count="2" type="stmt"/>
        <line num="100" count="0" type="stmt"/>
        <line num="103" count="11" type="stmt"/>
        <line num="104" count="11" type="cond" truecount="2" falsecount="0"/>
        <line num="105" count="3" type="stmt"/>
        <line num="111" count="23" type="stmt"/>
        <line num="112" count="11" type="stmt"/>
        <line num="116" count="23" type="stmt"/>
        <line num="117" count="8" type="stmt"/>
        <line num="122" count="23" type="stmt"/>
        <line num="123" count="8" type="stmt"/>
        <line num="124" count="2" type="cond" truecount="2" falsecount="0"/>
        <line num="126" count="1" type="stmt"/>
        <line num="127" count="1" type="stmt"/>
        <line num="131" count="8" type="stmt"/>
        <line num="132" count="8" type="stmt"/>
        <line num="135" count="23" type="stmt"/>
        <line num="136" count="9" type="stmt"/>
        <line num="137" count="9" type="stmt"/>
        <line num="138" count="9" type="cond" truecount="1" falsecount="1"/>
        <line num="139" count="9" type="stmt"/>
        <line num="140" count="9" type="cond" truecount="2" falsecount="0"/>
        <line num="141" count="1" type="stmt"/>
        <line num="148" count="1" type="stmt"/>
        <line num="151" count="8" type="stmt"/>
        <line num="153" count="0" type="stmt"/>
        <line num="157" count="23" type="stmt"/>
        <line num="158" count="1" type="stmt"/>
        <line num="160" count="1" type="stmt"/>
        <line num="161" count="1" type="stmt"/>
        <line num="175" count="1" type="cond" truecount="1" falsecount="1"/>
        <line num="176" count="0" type="stmt"/>
        <line num="177" count="0" type="cond" truecount="0" falsecount="2"/>
        <line num="180" count="1" type="stmt"/>
        <line num="183" count="1" type="stmt"/>
        <line num="184" count="1" type="stmt"/>
        <line num="186" count="1" type="stmt"/>
        <line num="193" count="1" type="stmt"/>
        <line num="195" count="0" type="stmt"/>
        <line num="200" count="0" type="stmt"/>
        <line num="204" count="23" type="stmt"/>
        <line num="205" count="1" type="cond" truecount="1" falsecount="1"/>
        <line num="208" count="1" type="stmt"/>
        <line num="209" count="1" type="stmt"/>
        <line num="210" count="1" type="stmt"/>
        <line num="211" count="1" type="stmt"/>
        <line num="213" count="1" type="stmt"/>
        <line num="215" count="1" type="stmt"/>
        <line num="216" count="1" type="stmt"/>
        <line num="220" count="1" type="cond" truecount="1" falsecount="1"/>
        <line num="221" count="0" type="stmt"/>
        <line num="224" count="1" type="stmt"/>
        <line num="227" count="1" type="stmt"/>
        <line num="233" count="1" type="stmt"/>
        <line num="234" count="1" type="stmt"/>
        <line num="236" count="1" type="stmt"/>
        <line num="244" count="1" type="stmt"/>
        <line num="246" count="0" type="stmt"/>
        <line num="254" count="23" type="stmt"/>
        <line num="255" count="0" type="cond" truecount="0" falsecount="2"/>
        <line num="258" count="0" type="stmt"/>
        <line num="259" count="0" type="stmt"/>
        <line num="275" count="0" type="stmt"/>
        <line num="281" count="0" type="cond" truecount="0" falsecount="2"/>
        <line num="282" count="0" type="stmt"/>
        <line num="285" count="0" type="stmt"/>
        <line num="286" count="0" type="stmt"/>
        <line num="295" count="0" type="cond" truecount="0" falsecount="2"/>
        <line num="296" count="0" type="stmt"/>
        <line num="299" count="0" type="stmt"/>
        <line num="302" count="0" type="stmt"/>
        <line num="305" count="0" type="cond" truecount="0" falsecount="2"/>
        <line num="309" count="0" type="stmt"/>
        <line num="312" count="0" type="stmt"/>
        <line num="314" count="0" type="stmt"/>
        <line num="320" count="23" type="stmt"/>
        <line num="321" count="0" type="stmt"/>
        <line num="322" count="0" type="stmt"/>
        <line num="323" count="0" type="cond" truecount="0" falsecount="2"/>
        <line num="326" count="0" type="cond" truecount="0" falsecount="2"/>
        <line num="327" count="0" type="stmt"/>
        <line num="328" count="0" type="stmt"/>
        <line num="329" count="0" type="stmt"/>
        <line num="330" count="0" type="stmt"/>
        <line num="332" count="0" type="stmt"/>
        <line num="333" count="0" type="stmt"/>
        <line num="334" count="0" type="stmt"/>
        <line num="335" count="0" type="stmt"/>
        <line num="336" count="0" type="stmt"/>
        <line num="337" count="0" type="cond" truecount="0" falsecount="4"/>
        <line num="338" count="0" type="stmt"/>
        <line num="339" count="0" type="stmt"/>
        <line num="342" count="0" type="cond" truecount="0" falsecount="2"/>
        <line num="343" count="0" type="stmt"/>
        <line num="347" count="0" type="stmt"/>
        <line num="351" count="0" type="cond" truecount="0" falsecount="2"/>
        <line num="352" count="0" type="stmt"/>
        <line num="356" count="0" type="stmt"/>
        <line num="360" count="0" type="stmt"/>
        <line num="361" count="0" type="stmt"/>
        <line num="367" count="0" type="cond" truecount="0" falsecount="2"/>
        <line num="368" count="0" type="stmt"/>
        <line num="371" count="0" type="stmt"/>
        <line num="373" count="0" type="stmt"/>
        <line num="376" count="0" type="cond" truecount="0" falsecount="2"/>
        <line num="380" count="0" type="stmt"/>
        <line num="388" count="23" type="stmt"/>
        <line num="389" count="0" type="cond" truecount="0" falsecount="2"/>
        <line num="391" count="0" type="stmt"/>
        <line num="392" count="0" type="stmt"/>
        <line num="398" count="0" type="cond" truecount="0" falsecount="2"/>
        <line num="399" count="0" type="stmt"/>
        <line num="402" count="0" type="stmt"/>
        <line num="404" count="0" type="stmt"/>
        <line num="409" count="0" type="stmt"/>
        <line num="417" count="23" type="stmt"/>
        <line num="418" count="0" type="stmt"/>
        <line num="422" count="23" type="stmt"/>
        <line num="423" count="0" type="cond" truecount="0" falsecount="2"/>
        <line num="425" count="0" type="stmt"/>
        <line num="427" count="0" type="stmt"/>
        <line num="428" count="0" type="stmt"/>
        <line num="432" count="0" type="cond" truecount="0" falsecount="2"/>
        <line num="433" count="0" type="stmt"/>
        <line num="434" count="0" type="cond" truecount="0" falsecount="2"/>
        <line num="437" count="0" type="stmt"/>
        <line num="440" count="0" type="stmt"/>
        <line num="441" count="0" type="stmt"/>
        <line num="443" count="0" type="stmt"/>
        <line num="451" count="0" type="stmt"/>
        <line num="453" count="0" type="stmt"/>
        <line num="458" count="0" type="stmt"/>
        <line num="463" count="23" type="stmt"/>
        <line num="464" count="0" type="stmt"/>
        <line num="466" count="0" type="stmt"/>
        <line num="467" count="0" type="stmt"/>
        <line num="471" count="0" type="cond" truecount="0" falsecount="2"/>
        <line num="472" count="0" type="stmt"/>
        <line num="473" count="0" type="cond" truecount="0" falsecount="2"/>
        <line num="476" count="0" type="stmt"/>
        <line num="479" count="0" type="stmt"/>
        <line num="480" count="0" type="stmt"/>
        <line num="482" count="0" type="stmt"/>
        <line num="490" count="0" type="stmt"/>
        <line num="492" count="0" type="stmt"/>
        <line num="497" count="0" type="stmt"/>
        <line num="502" count="23" type="stmt"/>
        <line num="503" count="1" type="stmt"/>
        <line num="504" count="1" type="stmt"/>
        <line num="508" count="23" type="stmt"/>
        <line num="510" count="23" type="stmt"/>
        <line num="527" count="23" type="stmt"/>
        <line num="529" count="23" type="stmt"/>
        <line num="532" count="23" type="cond" truecount="2" falsecount="0"/>
        <line num="537" count="23" type="cond" truecount="2" falsecount="0"/>
        <line num="540" count="23" type="stmt"/>
        <line num="541" count="23" type="cond" truecount="2" falsecount="0"/>
        <line num="546" count="23" type="stmt"/>
        <line num="547" count="23" type="cond" truecount="2" falsecount="0"/>
        <line num="552" count="23" type="stmt"/>
        <line num="559" count="23" type="stmt"/>
        <line num="560" count="2" type="cond" truecount="1" falsecount="1"/>
        <line num="561" count="0" type="stmt"/>
        <line num="566" count="23" type="stmt"/>
        <line num="572" count="23" type="stmt"/>
        <line num="584" count="4" type="stmt"/>
        <line num="585" count="4" type="stmt"/>
        <line num="586" count="4" type="stmt"/>
        <line num="587" count="4" type="stmt"/>
        <line num="589" count="4" type="stmt"/>
      </file>
    </package>
  </project>
</coverage>
