{"/home/jonaswsl/projects/daygame-coach/src/articles/articlesService.ts": {"path":"/home/jonaswsl/projects/daygame-coach/src/articles/articlesService.ts","statementMap":{"0":{"start":{"line":29,"column":67},"end":{"line":38,"column":null}},"1":{"start":{"line":44,"column":6},"end":{"line":56,"column":null}},"2":{"start":{"line":62,"column":28},"end":{"line":62,"column":null}},"3":{"start":{"line":63,"column":2},"end":{"line":67,"column":null}},"4":{"start":{"line":64,"column":21},"end":{"line":64,"column":null}},"5":{"start":{"line":65,"column":4},"end":{"line":65,"column":null}},"6":{"start":{"line":66,"column":4},"end":{"line":66,"column":null}},"7":{"start":{"line":69,"column":2},"end":{"line":88,"column":null}},"8":{"start":{"line":71,"column":30},"end":{"line":71,"column":null}},"9":{"start":{"line":72,"column":19},"end":{"line":72,"column":null}},"10":{"start":{"line":74,"column":6},"end":{"line":84,"column":null}},"11":{"start":{"line":75,"column":8},"end":{"line":75,"column":null}},"12":{"start":{"line":76,"column":8},"end":{"line":81,"column":null}},"13":{"start":{"line":77,"column":28},"end":{"line":77,"column":null}},"14":{"start":{"line":78,"column":10},"end":{"line":78,"column":null}},"15":{"start":{"line":79,"column":10},"end":{"line":79,"column":null}},"16":{"start":{"line":79,"column":22},"end":{"line":79,"column":null}},"17":{"start":{"line":80,"column":10},"end":{"line":80,"column":null}},"18":{"start":{"line":83,"column":8},"end":{"line":83,"column":null}},"19":{"start":{"line":86,"column":6},"end":{"line":86,"column":null}},"20":{"start":{"line":92,"column":23},"end":{"line":94,"column":null}},"21":{"start":{"line":96,"column":26},"end":{"line":106,"column":null}},"22":{"start":{"line":108,"column":2},"end":{"line":131,"column":null}},"23":{"start":{"line":139,"column":20},"end":{"line":139,"column":null}},"24":{"start":{"line":141,"column":17},"end":{"line":141,"column":null}},"25":{"start":{"line":142,"column":27},"end":{"line":142,"column":null}},"26":{"start":{"line":144,"column":17},"end":{"line":148,"column":null}},"27":{"start":{"line":152,"column":8},"end":{"line":152,"column":null}},"28":{"start":{"line":154,"column":17},"end":{"line":161,"column":null}},"29":{"start":{"line":163,"column":20},"end":{"line":163,"column":null}},"30":{"start":{"line":166,"column":24},"end":{"line":177,"column":null}},"31":{"start":{"line":174,"column":62},"end":{"line":174,"column":83}},"32":{"start":{"line":179,"column":2},"end":{"line":186,"column":null}},"33":{"start":{"line":193,"column":6},"end":{"line":206,"column":null}},"34":{"start":{"line":217,"column":25},"end":{"line":217,"column":null}},"35":{"start":{"line":217,"column":45},"end":{"line":217,"column":79}},"36":{"start":{"line":219,"column":2},"end":{"line":221,"column":null}},"37":{"start":{"line":220,"column":4},"end":{"line":220,"column":null}},"38":{"start":{"line":223,"column":8},"end":{"line":223,"column":null}},"39":{"start":{"line":225,"column":25},"end":{"line":230,"column":null}},"40":{"start":{"line":225,"column":55},"end":{"line":230,"column":4}},"41":{"start":{"line":232,"column":17},"end":{"line":232,"column":null}},"42":{"start":{"line":261,"column":17},"end":{"line":267,"column":null}},"43":{"start":{"line":271,"column":2},"end":{"line":293,"column":null}},"44":{"start":{"line":272,"column":19},"end":{"line":279,"column":null}},"45":{"start":{"line":282,"column":4},"end":{"line":289,"column":null}},"46":{"start":{"line":282,"column":49},"end":{"line":289,"column":6}},"47":{"start":{"line":291,"column":4},"end":{"line":291,"column":null}},"48":{"start":{"line":292,"column":4},"end":{"line":292,"column":null}},"49":{"start":{"line":304,"column":43},"end":{"line":304,"column":null}},"50":{"start":{"line":307,"column":25},"end":{"line":307,"column":null}},"51":{"start":{"line":308,"column":16},"end":{"line":308,"column":null}},"52":{"start":{"line":310,"column":2},"end":{"line":313,"column":null}},"53":{"start":{"line":312,"column":4},"end":{"line":312,"column":null}},"54":{"start":{"line":316,"column":23},"end":{"line":316,"column":null}},"55":{"start":{"line":317,"column":22},"end":{"line":317,"column":null}},"56":{"start":{"line":318,"column":21},"end":{"line":318,"column":null}},"57":{"start":{"line":321,"column":17},"end":{"line":321,"column":null}},"58":{"start":{"line":322,"column":16},"end":{"line":322,"column":null}},"59":{"start":{"line":324,"column":2},"end":{"line":324,"column":null}},"60":{"start":{"line":334,"column":8},"end":{"line":338,"column":null}},"61":{"start":{"line":340,"column":25},"end":{"line":340,"column":null}},"62":{"start":{"line":343,"column":25},"end":{"line":343,"column":null}},"63":{"start":{"line":344,"column":2},"end":{"line":346,"column":null}},"64":{"start":{"line":345,"column":4},"end":{"line":345,"column":null}},"65":{"start":{"line":348,"column":22},"end":{"line":348,"column":null}},"66":{"start":{"line":349,"column":17},"end":{"line":349,"column":null}},"67":{"start":{"line":350,"column":16},"end":{"line":350,"column":null}},"68":{"start":{"line":352,"column":2},"end":{"line":352,"column":null}},"69":{"start":{"line":363,"column":2},"end":{"line":365,"column":null}},"70":{"start":{"line":364,"column":4},"end":{"line":364,"column":null}},"71":{"start":{"line":367,"column":2},"end":{"line":367,"column":null}},"72":{"start":{"line":368,"column":2},"end":{"line":368,"column":null}},"73":{"start":{"line":369,"column":2},"end":{"line":369,"column":null}},"74":{"start":{"line":370,"column":2},"end":{"line":370,"column":null}},"75":{"start":{"line":372,"column":2},"end":{"line":372,"column":null}},"76":{"start":{"line":379,"column":2},"end":{"line":381,"column":null}},"77":{"start":{"line":380,"column":4},"end":{"line":380,"column":null}},"78":{"start":{"line":383,"column":2},"end":{"line":383,"column":null}},"79":{"start":{"line":384,"column":2},"end":{"line":384,"column":null}},"80":{"start":{"line":386,"column":2},"end":{"line":386,"column":null}},"81":{"start":{"line":390,"column":2},"end":{"line":392,"column":null}},"82":{"start":{"line":391,"column":4},"end":{"line":391,"column":null}},"83":{"start":{"line":394,"column":2},"end":{"line":394,"column":null}},"84":{"start":{"line":395,"column":2},"end":{"line":395,"column":null}},"85":{"start":{"line":397,"column":2},"end":{"line":397,"column":null}},"86":{"start":{"line":404,"column":2},"end":{"line":406,"column":null}},"87":{"start":{"line":405,"column":4},"end":{"line":405,"column":null}},"88":{"start":{"line":408,"column":34},"end":{"line":412,"column":null}},"89":{"start":{"line":414,"column":2},"end":{"line":414,"column":null}},"90":{"start":{"line":415,"column":2},"end":{"line":415,"column":null}},"91":{"start":{"line":416,"column":2},"end":{"line":416,"column":null}},"92":{"start":{"line":418,"column":2},"end":{"line":418,"column":null}}},"fnMap":{"0":{"name":"formatFeedbackForPrompt","decl":{"start":{"line":58,"column":16},"end":{"line":58,"column":null}},"loc":{"start":{"line":61,"column":10},"end":{"line":89,"column":null}},"line":61},"1":{"name":"(anonymous_1)","decl":{"start":{"line":63,"column":19},"end":{"line":63,"column":20}},"loc":{"start":{"line":63,"column":26},"end":{"line":67,"column":3}},"line":63},"2":{"name":"(anonymous_2)","decl":{"start":{"line":70,"column":9},"end":{"line":70,"column":10}},"loc":{"start":{"line":70,"column":22},"end":{"line":87,"column":5}},"line":70},"3":{"name":"(anonymous_3)","decl":{"start":{"line":76,"column":32},"end":{"line":76,"column":33}},"loc":{"start":{"line":76,"column":39},"end":{"line":81,"column":9}},"line":76},"4":{"name":"buildRevisionSystemPrompt","decl":{"start":{"line":91,"column":16},"end":{"line":91,"column":42}},"loc":{"start":{"line":91,"column":99},"end":{"line":134,"column":null}},"line":91},"5":{"name":"generateRevisedDraft","decl":{"start":{"line":136,"column":22},"end":{"line":136,"column":null}},"loc":{"start":{"line":138,"column":41},"end":{"line":187,"column":null}},"line":138},"6":{"name":"(anonymous_6)","decl":{"start":{"line":174,"column":34},"end":{"line":174,"column":35}},"loc":{"start":{"line":174,"column":62},"end":{"line":174,"column":83}},"line":174},"7":{"name":"analyzeCommentsForLearnings","decl":{"start":{"line":212,"column":22},"end":{"line":212,"column":null}},"loc":{"start":{"line":215,"column":33},"end":{"line":294,"column":null}},"line":215},"8":{"name":"(anonymous_8)","decl":{"start":{"line":217,"column":38},"end":{"line":217,"column":39}},"loc":{"start":{"line":217,"column":45},"end":{"line":217,"column":79}},"line":217},"9":{"name":"(anonymous_9)","decl":{"start":{"line":225,"column":44},"end":{"line":225,"column":45}},"loc":{"start":{"line":225,"column":55},"end":{"line":230,"column":4}},"line":225},"10":{"name":"(anonymous_10)","decl":{"start":{"line":282,"column":41},"end":{"line":282,"column":42}},"loc":{"start":{"line":282,"column":49},"end":{"line":289,"column":6}},"line":282},"11":{"name":"insertLearningIntoStyleGuide","decl":{"start":{"line":300,"column":16},"end":{"line":300,"column":null}},"loc":{"start":{"line":303,"column":10},"end":{"line":325,"column":null}},"line":303},"12":{"name":"updateStyleGuideChangelog","decl":{"start":{"line":330,"column":16},"end":{"line":330,"column":null}},"loc":{"start":{"line":333,"column":10},"end":{"line":353,"column":null}},"line":333},"13":{"name":"lockContract","decl":{"start":{"line":359,"column":16},"end":{"line":359,"column":null}},"loc":{"start":{"line":362,"column":25},"end":{"line":373,"column":null}},"line":362},"14":{"name":"lockOutline","decl":{"start":{"line":375,"column":16},"end":{"line":375,"column":null}},"loc":{"start":{"line":378,"column":25},"end":{"line":387,"column":null}},"line":378},"15":{"name":"lockStructure","decl":{"start":{"line":389,"column":16},"end":{"line":389,"column":30}},"loc":{"start":{"line":389,"column":80},"end":{"line":398,"column":null}},"line":389},"16":{"name":"unlockStructure","decl":{"start":{"line":400,"column":16},"end":{"line":400,"column":null}},"loc":{"start":{"line":403,"column":25},"end":{"line":419,"column":null}},"line":403}},"branchMap":{"0":{"loc":{"start":{"line":64,"column":21},"end":{"line":64,"column":null}},"type":"binary-expr","locations":[{"start":{"line":64,"column":21},"end":{"line":64,"column":59}},{"start":{"line":64,"column":59},"end":{"line":64,"column":null}}],"line":64},"1":{"loc":{"start":{"line":71,"column":30},"end":{"line":71,"column":null}},"type":"binary-expr","locations":[{"start":{"line":71,"column":30},"end":{"line":71,"column":67}},{"start":{"line":71,"column":67},"end":{"line":71,"column":null}}],"line":71},"2":{"loc":{"start":{"line":74,"column":6},"end":{"line":84,"column":null}},"type":"if","locations":[{"start":{"line":74,"column":6},"end":{"line":84,"column":null}},{"start":{"line":82,"column":13},"end":{"line":84,"column":null}}],"line":74},"3":{"loc":{"start":{"line":77,"column":28},"end":{"line":77,"column":null}},"type":"cond-expr","locations":[{"start":{"line":77,"column":38},"end":{"line":77,"column":110}},{"start":{"line":77,"column":110},"end":{"line":77,"column":null}}],"line":77},"4":{"loc":{"start":{"line":77,"column":71},"end":{"line":77,"column":104}},"type":"cond-expr","locations":[{"start":{"line":77,"column":94},"end":{"line":77,"column":102}},{"start":{"line":77,"column":102},"end":{"line":77,"column":104}}],"line":77},"5":{"loc":{"start":{"line":79,"column":10},"end":{"line":79,"column":null}},"type":"if","locations":[{"start":{"line":79,"column":10},"end":{"line":79,"column":null}},{"start":{},"end":{}}],"line":79},"6":{"loc":{"start":{"line":92,"column":23},"end":{"line":94,"column":null}},"type":"cond-expr","locations":[{"start":{"line":93,"column":6},"end":{"line":93,"column":null}},{"start":{"line":94,"column":6},"end":{"line":94,"column":null}}],"line":92},"7":{"loc":{"start":{"line":96,"column":26},"end":{"line":106,"column":null}},"type":"cond-expr","locations":[{"start":{"line":97,"column":6},"end":{"line":102,"column":null}},{"start":{"line":106,"column":6},"end":{"line":106,"column":null}}],"line":96},"8":{"loc":{"start":{"line":183,"column":13},"end":{"line":183,"column":null}},"type":"binary-expr","locations":[{"start":{"line":183,"column":13},"end":{"line":183,"column":37}},{"start":{"line":183,"column":37},"end":{"line":183,"column":null}}],"line":183},"9":{"loc":{"start":{"line":217,"column":45},"end":{"line":217,"column":79}},"type":"binary-expr","locations":[{"start":{"line":217,"column":45},"end":{"line":217,"column":55}},{"start":{"line":217,"column":55},"end":{"line":217,"column":79}}],"line":217},"10":{"loc":{"start":{"line":219,"column":2},"end":{"line":221,"column":null}},"type":"if","locations":[{"start":{"line":219,"column":2},"end":{"line":221,"column":null}},{"start":{},"end":{}}],"line":219},"11":{"loc":{"start":{"line":228,"column":11},"end":{"line":228,"column":null}},"type":"binary-expr","locations":[{"start":{"line":228,"column":11},"end":{"line":228,"column":37}},{"start":{"line":228,"column":37},"end":{"line":228,"column":null}}],"line":228},"12":{"loc":{"start":{"line":310,"column":2},"end":{"line":313,"column":null}},"type":"if","locations":[{"start":{"line":310,"column":2},"end":{"line":313,"column":null}},{"start":{},"end":{}}],"line":310},"13":{"loc":{"start":{"line":318,"column":21},"end":{"line":318,"column":null}},"type":"cond-expr","locations":[{"start":{"line":318,"column":42},"end":{"line":318,"column":62}},{"start":{"line":318,"column":62},"end":{"line":318,"column":null}}],"line":318},"14":{"loc":{"start":{"line":344,"column":2},"end":{"line":346,"column":null}},"type":"if","locations":[{"start":{"line":344,"column":2},"end":{"line":346,"column":null}},{"start":{},"end":{}}],"line":344},"15":{"loc":{"start":{"line":363,"column":2},"end":{"line":365,"column":null}},"type":"if","locations":[{"start":{"line":363,"column":2},"end":{"line":365,"column":null}},{"start":{},"end":{}}],"line":363},"16":{"loc":{"start":{"line":379,"column":2},"end":{"line":381,"column":null}},"type":"if","locations":[{"start":{"line":379,"column":2},"end":{"line":381,"column":null}},{"start":{},"end":{}}],"line":379},"17":{"loc":{"start":{"line":390,"column":2},"end":{"line":392,"column":null}},"type":"if","locations":[{"start":{"line":390,"column":2},"end":{"line":392,"column":null}},{"start":{},"end":{}}],"line":390},"18":{"loc":{"start":{"line":404,"column":2},"end":{"line":406,"column":null}},"type":"if","locations":[{"start":{"line":404,"column":2},"end":{"line":406,"column":null}},{"start":{},"end":{}}],"line":404},"19":{"loc":{"start":{"line":414,"column":35},"end":{"line":414,"column":69}},"type":"binary-expr","locations":[{"start":{"line":414,"column":35},"end":{"line":414,"column":64}},{"start":{"line":414,"column":64},"end":{"line":414,"column":69}}],"line":414}},"s":{"0":1,"1":1,"2":7,"3":7,"4":8,"5":8,"6":8,"7":7,"8":9,"9":9,"10":9,"11":7,"12":7,"13":8,"14":8,"15":8,"16":2,"17":8,"18":2,"19":9,"20":6,"21":6,"22":6,"23":0,"24":0,"25":0,"26":0,"27":0,"28":0,"29":0,"30":0,"31":0,"32":0,"33":1,"34":0,"35":0,"36":0,"37":0,"38":0,"39":0,"40":0,"41":0,"42":0,"43":0,"44":0,"45":0,"46":0,"47":0,"48":0,"49":4,"50":4,"51":4,"52":4,"53":1,"54":3,"55":3,"56":3,"57":4,"58":4,"59":4,"60":3,"61":3,"62":3,"63":3,"64":1,"65":2,"66":2,"67":2,"68":2,"69":0,"70":0,"71":0,"72":0,"73":0,"74":0,"75":0,"76":0,"77":0,"78":0,"79":0,"80":0,"81":0,"82":0,"83":0,"84":0,"85":0,"86":0,"87":0,"88":0,"89":0,"90":0,"91":0,"92":0},"f":{"0":7,"1":8,"2":9,"3":8,"4":6,"5":0,"6":0,"7":0,"8":0,"9":0,"10":0,"11":4,"12":3,"13":0,"14":0,"15":0,"16":0},"b":{"0":[8,7],"1":[9,2],"2":[7,2],"3":[3,5],"4":[1,2],"5":[2,6],"6":[1,5],"7":[0,6],"8":[0,0],"9":[0,0],"10":[0,0],"11":[0,0],"12":[1,3],"13":[0,3],"14":[1,2],"15":[0,0],"16":[0,0],"17":[0,0],"18":[0,0],"19":[0,0]},"meta":{"lastBranch":20,"lastFunction":17,"lastStatement":93,"seen":{"s:29:67:38:Infinity":0,"s:44:6:56:Infinity":1,"f:58:16:58:Infinity":0,"s:62:28:62:Infinity":2,"s:63:2:67:Infinity":3,"f:63:19:63:20":1,"s:64:21:64:Infinity":4,"b:64:21:64:59:64:59:64:Infinity":0,"s:65:4:65:Infinity":5,"s:66:4:66:Infinity":6,"s:69:2:88:Infinity":7,"f:70:9:70:10":2,"s:71:30:71:Infinity":8,"b:71:30:71:67:71:67:71:Infinity":1,"s:72:19:72:Infinity":9,"b:74:6:84:Infinity:82:13:84:Infinity":2,"s:74:6:84:Infinity":10,"s:75:8:75:Infinity":11,"s:76:8:81:Infinity":12,"f:76:32:76:33":3,"s:77:28:77:Infinity":13,"b:77:38:77:110:77:110:77:Infinity":3,"b:77:94:77:102:77:102:77:104":4,"s:78:10:78:Infinity":14,"b:79:10:79:Infinity:undefined:undefined:undefined:undefined":5,"s:79:10:79:Infinity":15,"s:79:22:79:Infinity":16,"s:80:10:80:Infinity":17,"s:83:8:83:Infinity":18,"s:86:6:86:Infinity":19,"f:91:16:91:42":4,"s:92:23:94:Infinity":20,"b:93:6:93:Infinity:94:6:94:Infinity":6,"s:96:26:106:Infinity":21,"b:97:6:102:Infinity:106:6:106:Infinity":7,"s:108:2:131:Infinity":22,"f:136:22:136:Infinity":5,"s:139:20:139:Infinity":23,"s:141:17:141:Infinity":24,"s:142:27:142:Infinity":25,"s:144:17:148:Infinity":26,"s:152:8:152:Infinity":27,"s:154:17:161:Infinity":28,"s:163:20:163:Infinity":29,"s:166:24:177:Infinity":30,"f:174:34:174:35":6,"s:174:62:174:83":31,"s:179:2:186:Infinity":32,"b:183:13:183:37:183:37:183:Infinity":8,"s:193:6:206:Infinity":33,"f:212:22:212:Infinity":7,"s:217:25:217:Infinity":34,"f:217:38:217:39":8,"s:217:45:217:79":35,"b:217:45:217:55:217:55:217:79":9,"b:219:2:221:Infinity:undefined:undefined:undefined:undefined":10,"s:219:2:221:Infinity":36,"s:220:4:220:Infinity":37,"s:223:8:223:Infinity":38,"s:225:25:230:Infinity":39,"f:225:44:225:45":9,"s:225:55:230:4":40,"b:228:11:228:37:228:37:228:Infinity":11,"s:232:17:232:Infinity":41,"s:261:17:267:Infinity":42,"s:271:2:293:Infinity":43,"s:272:19:279:Infinity":44,"s:282:4:289:Infinity":45,"f:282:41:282:42":10,"s:282:49:289:6":46,"s:291:4:291:Infinity":47,"s:292:4:292:Infinity":48,"f:300:16:300:Infinity":11,"s:304:43:304:Infinity":49,"s:307:25:307:Infinity":50,"s:308:16:308:Infinity":51,"b:310:2:313:Infinity:undefined:undefined:undefined:undefined":12,"s:310:2:313:Infinity":52,"s:312:4:312:Infinity":53,"s:316:23:316:Infinity":54,"s:317:22:317:Infinity":55,"s:318:21:318:Infinity":56,"b:318:42:318:62:318:62:318:Infinity":13,"s:321:17:321:Infinity":57,"s:322:16:322:Infinity":58,"s:324:2:324:Infinity":59,"f:330:16:330:Infinity":12,"s:334:8:338:Infinity":60,"s:340:25:340:Infinity":61,"s:343:25:343:Infinity":62,"b:344:2:346:Infinity:undefined:undefined:undefined:undefined":14,"s:344:2:346:Infinity":63,"s:345:4:345:Infinity":64,"s:348:22:348:Infinity":65,"s:349:17:349:Infinity":66,"s:350:16:350:Infinity":67,"s:352:2:352:Infinity":68,"f:359:16:359:Infinity":13,"b:363:2:365:Infinity:undefined:undefined:undefined:undefined":15,"s:363:2:365:Infinity":69,"s:364:4:364:Infinity":70,"s:367:2:367:Infinity":71,"s:368:2:368:Infinity":72,"s:369:2:369:Infinity":73,"s:370:2:370:Infinity":74,"s:372:2:372:Infinity":75,"f:375:16:375:Infinity":14,"b:379:2:381:Infinity:undefined:undefined:undefined:undefined":16,"s:379:2:381:Infinity":76,"s:380:4:380:Infinity":77,"s:383:2:383:Infinity":78,"s:384:2:384:Infinity":79,"s:386:2:386:Infinity":80,"f:389:16:389:30":15,"b:390:2:392:Infinity:undefined:undefined:undefined:undefined":17,"s:390:2:392:Infinity":81,"s:391:4:391:Infinity":82,"s:394:2:394:Infinity":83,"s:395:2:395:Infinity":84,"s:397:2:397:Infinity":85,"f:400:16:400:Infinity":16,"b:404:2:406:Infinity:undefined:undefined:undefined:undefined":18,"s:404:2:406:Infinity":86,"s:405:4:405:Infinity":87,"s:408:34:412:Infinity":88,"s:414:2:414:Infinity":89,"b:414:35:414:64:414:64:414:69":19,"s:415:2:415:Infinity":90,"s:416:2:416:Infinity":91,"s:418:2:418:Infinity":92}}}
,"/home/jonaswsl/projects/daygame-coach/src/articles/schemas.ts": {"path":"/home/jonaswsl/projects/daygame-coach/src/articles/schemas.ts","statementMap":{"0":{"start":{"line":16,"column":35},"end":{"line":23,"column":null}},"1":{"start":{"line":29,"column":34},"end":{"line":39,"column":null}},"2":{"start":{"line":41,"column":44},"end":{"line":41,"column":null}},"3":{"start":{"line":43,"column":40},"end":{"line":43,"column":null}},"4":{"start":{"line":49,"column":33},"end":{"line":53,"column":null}},"5":{"start":{"line":59,"column":37},"end":{"line":66,"column":null}},"6":{"start":{"line":72,"column":36},"end":{"line":80,"column":null}},"7":{"start":{"line":82,"column":36},"end":{"line":85,"column":null}},"8":{"start":{"line":91,"column":41},"end":{"line":96,"column":null}},"9":{"start":{"line":102,"column":40},"end":{"line":109,"column":null}},"10":{"start":{"line":118,"column":44},"end":{"line":144,"column":null}},"11":{"start":{"line":128,"column":6},"end":{"line":130,"column":null}},"12":{"start":{"line":129,"column":8},"end":{"line":129,"column":null}},"13":{"start":{"line":131,"column":6},"end":{"line":131,"column":null}},"14":{"start":{"line":138,"column":6},"end":{"line":140,"column":null}},"15":{"start":{"line":139,"column":8},"end":{"line":139,"column":null}},"16":{"start":{"line":141,"column":6},"end":{"line":141,"column":null}},"17":{"start":{"line":149,"column":44},"end":{"line":155,"column":null}},"18":{"start":{"line":160,"column":44},"end":{"line":162,"column":null}},"19":{"start":{"line":167,"column":45},"end":{"line":169,"column":null}}},"fnMap":{"0":{"name":"(anonymous_0)","decl":{"start":{"line":126,"column":4},"end":{"line":126,"column":5}},"loc":{"start":{"line":126,"column":14},"end":{"line":132,"column":null}},"line":126},"1":{"name":"(anonymous_1)","decl":{"start":{"line":136,"column":4},"end":{"line":136,"column":5}},"loc":{"start":{"line":136,"column":14},"end":{"line":142,"column":null}},"line":136}},"branchMap":{"0":{"loc":{"start":{"line":128,"column":6},"end":{"line":130,"column":null}},"type":"if","locations":[{"start":{"line":128,"column":6},"end":{"line":130,"column":null}},{"start":{},"end":{}}],"line":128},"1":{"loc":{"start":{"line":128,"column":10},"end":{"line":128,"column":61}},"type":"binary-expr","locations":[{"start":{"line":128,"column":10},"end":{"line":128,"column":45}},{"start":{"line":128,"column":45},"end":{"line":128,"column":61}}],"line":128},"2":{"loc":{"start":{"line":138,"column":6},"end":{"line":140,"column":null}},"type":"if","locations":[{"start":{"line":138,"column":6},"end":{"line":140,"column":null}},{"start":{},"end":{}}],"line":138},"3":{"loc":{"start":{"line":138,"column":10},"end":{"line":138,"column":59}},"type":"binary-expr","locations":[{"start":{"line":138,"column":10},"end":{"line":138,"column":44}},{"start":{"line":138,"column":44},"end":{"line":138,"column":59}}],"line":138}},"s":{"0":1,"1":1,"2":1,"3":1,"4":1,"5":1,"6":1,"7":1,"8":1,"9":1,"10":1,"11":6,"12":1,"13":5,"14":6,"15":1,"16":5,"17":1,"18":1,"19":1},"f":{"0":6,"1":6},"b":{"0":[1,5],"1":[6,2],"2":[1,5],"3":[6,2]},"meta":{"lastBranch":4,"lastFunction":2,"lastStatement":20,"seen":{"s:16:35:23:Infinity":0,"s:29:34:39:Infinity":1,"s:41:44:41:Infinity":2,"s:43:40:43:Infinity":3,"s:49:33:53:Infinity":4,"s:59:37:66:Infinity":5,"s:72:36:80:Infinity":6,"s:82:36:85:Infinity":7,"s:91:41:96:Infinity":8,"s:102:40:109:Infinity":9,"s:118:44:144:Infinity":10,"f:126:4:126:5":0,"b:128:6:130:Infinity:undefined:undefined:undefined:undefined":0,"s:128:6:130:Infinity":11,"b:128:10:128:45:128:45:128:61":1,"s:129:8:129:Infinity":12,"s:131:6:131:Infinity":13,"f:136:4:136:5":1,"b:138:6:140:Infinity:undefined:undefined:undefined:undefined":2,"s:138:6:140:Infinity":14,"b:138:10:138:44:138:44:138:59":3,"s:139:8:139:Infinity":15,"s:141:6:141:Infinity":16,"s:149:44:155:Infinity":17,"s:160:44:162:Infinity":18,"s:167:45:169:Infinity":19}}}
,"/home/jonaswsl/projects/daygame-coach/src/db/auth.ts": {"path":"/home/jonaswsl/projects/daygame-coach/src/db/auth.ts","statementMap":{"0":{"start":{"line":23,"column":19},"end":{"line":23,"column":null}},"1":{"start":{"line":27,"column":6},"end":{"line":27,"column":null}},"2":{"start":{"line":29,"column":2},"end":{"line":34,"column":null}},"3":{"start":{"line":30,"column":4},"end":{"line":33,"column":null}},"4":{"start":{"line":36,"column":2},"end":{"line":36,"column":null}},"5":{"start":{"line":44,"column":21},"end":{"line":44,"column":null}},"6":{"start":{"line":45,"column":2},"end":{"line":45,"column":null}},"7":{"start":{"line":45,"column":27},"end":{"line":45,"column":null}},"8":{"start":{"line":47,"column":2},"end":{"line":52,"column":null}},"9":{"start":{"line":48,"column":4},"end":{"line":51,"column":null}},"10":{"start":{"line":54,"column":2},"end":{"line":54,"column":null}}},"fnMap":{"0":{"name":"requireAuth","decl":{"start":{"line":22,"column":22},"end":{"line":22,"column":57}},"loc":{"start":{"line":22,"column":57},"end":{"line":37,"column":null}},"line":22},"1":{"name":"requirePremium","decl":{"start":{"line":43,"column":22},"end":{"line":43,"column":60}},"loc":{"start":{"line":43,"column":60},"end":{"line":55,"column":null}},"line":43}},"branchMap":{"0":{"loc":{"start":{"line":29,"column":2},"end":{"line":34,"column":null}},"type":"if","locations":[{"start":{"line":29,"column":2},"end":{"line":34,"column":null}},{"start":{},"end":{}}],"line":29},"1":{"loc":{"start":{"line":29,"column":6},"end":{"line":29,"column":26}},"type":"binary-expr","locations":[{"start":{"line":29,"column":6},"end":{"line":29,"column":19}},{"start":{"line":29,"column":19},"end":{"line":29,"column":26}}],"line":29},"2":{"loc":{"start":{"line":45,"column":2},"end":{"line":45,"column":null}},"type":"if","locations":[{"start":{"line":45,"column":2},"end":{"line":45,"column":null}},{"start":{},"end":{}}],"line":45},"3":{"loc":{"start":{"line":47,"column":2},"end":{"line":52,"column":null}},"type":"if","locations":[{"start":{"line":47,"column":2},"end":{"line":52,"column":null}},{"start":{},"end":{}}],"line":47}},"s":{"0":0,"1":0,"2":0,"3":0,"4":0,"5":0,"6":0,"7":0,"8":0,"9":0,"10":0},"f":{"0":0,"1":0},"b":{"0":[0,0],"1":[0,0],"2":[0,0],"3":[0,0]},"meta":{"lastBranch":4,"lastFunction":2,"lastStatement":11,"seen":{"f:22:22:22:57":0,"s:23:19:23:Infinity":0,"s:27:6:27:Infinity":1,"b:29:2:34:Infinity:undefined:undefined:undefined:undefined":0,"s:29:2:34:Infinity":2,"b:29:6:29:19:29:19:29:26":1,"s:30:4:33:Infinity":3,"s:36:2:36:Infinity":4,"f:43:22:43:60":1,"s:44:21:44:Infinity":5,"b:45:2:45:Infinity:undefined:undefined:undefined:undefined":2,"s:45:2:45:Infinity":6,"s:45:27:45:Infinity":7,"b:47:2:52:Infinity:undefined:undefined:undefined:undefined":3,"s:47:2:52:Infinity":8,"s:48:4:51:Infinity":9,"s:54:2:54:Infinity":10}}}
,"/home/jonaswsl/projects/daygame-coach/src/db/embeddingsRepo.ts": {"path":"/home/jonaswsl/projects/daygame-coach/src/db/embeddingsRepo.ts","statementMap":{"0":{"start":{"line":9,"column":19},"end":{"line":9,"column":null}},"1":{"start":{"line":18,"column":8},"end":{"line":18,"column":null}},"2":{"start":{"line":20,"column":2},"end":{"line":27,"column":null}},"3":{"start":{"line":20,"column":15},"end":{"line":20,"column":18}},"4":{"start":{"line":21,"column":18},"end":{"line":21,"column":null}},"5":{"start":{"line":22,"column":22},"end":{"line":22,"column":null}},"6":{"start":{"line":24,"column":4},"end":{"line":26,"column":null}},"7":{"start":{"line":25,"column":6},"end":{"line":25,"column":null}},"8":{"start":{"line":34,"column":8},"end":{"line":34,"column":null}},"9":{"start":{"line":36,"column":20},"end":{"line":39,"column":null}},"10":{"start":{"line":41,"column":2},"end":{"line":43,"column":null}},"11":{"start":{"line":42,"column":4},"end":{"line":42,"column":null}},"12":{"start":{"line":57,"column":46},"end":{"line":57,"column":null}},"13":{"start":{"line":58,"column":8},"end":{"line":58,"column":null}},"14":{"start":{"line":60,"column":26},"end":{"line":64,"column":null}},"15":{"start":{"line":66,"column":2},"end":{"line":68,"column":null}},"16":{"start":{"line":67,"column":4},"end":{"line":67,"column":null}},"17":{"start":{"line":70,"column":2},"end":{"line":70,"column":null}},"18":{"start":{"line":81,"column":16},"end":{"line":81,"column":null}},"19":{"start":{"line":82,"column":18},"end":{"line":82,"column":null}},"20":{"start":{"line":83,"column":2},"end":{"line":83,"column":null}},"21":{"start":{"line":83,"column":16},"end":{"line":83,"column":null}},"22":{"start":{"line":85,"column":8},"end":{"line":85,"column":null}},"23":{"start":{"line":87,"column":26},"end":{"line":91,"column":null}},"24":{"start":{"line":93,"column":2},"end":{"line":95,"column":null}},"25":{"start":{"line":94,"column":4},"end":{"line":94,"column":null}},"26":{"start":{"line":97,"column":2},"end":{"line":97,"column":null}},"27":{"start":{"line":104,"column":8},"end":{"line":104,"column":null}},"28":{"start":{"line":106,"column":27},"end":{"line":108,"column":null}},"29":{"start":{"line":110,"column":2},"end":{"line":112,"column":null}},"30":{"start":{"line":111,"column":4},"end":{"line":111,"column":null}},"31":{"start":{"line":114,"column":2},"end":{"line":114,"column":null}},"32":{"start":{"line":121,"column":8},"end":{"line":121,"column":null}},"33":{"start":{"line":123,"column":26},"end":{"line":125,"column":null}},"34":{"start":{"line":127,"column":2},"end":{"line":129,"column":null}},"35":{"start":{"line":128,"column":4},"end":{"line":128,"column":null}},"36":{"start":{"line":131,"column":18},"end":{"line":131,"column":null}},"37":{"start":{"line":131,"column":45},"end":{"line":131,"column":55}},"38":{"start":{"line":132,"column":2},"end":{"line":132,"column":null}}},"fnMap":{"0":{"name":"storeEmbeddings","decl":{"start":{"line":15,"column":22},"end":{"line":15,"column":null}},"loc":{"start":{"line":17,"column":17},"end":{"line":28,"column":null}},"line":17},"1":{"name":"deleteEmbeddingsBySource","decl":{"start":{"line":33,"column":22},"end":{"line":33,"column":47}},"loc":{"start":{"line":33,"column":78},"end":{"line":44,"column":null}},"line":33},"2":{"name":"searchSimilarEmbeddings","decl":{"start":{"line":50,"column":22},"end":{"line":50,"column":null}},"loc":{"start":{"line":56,"column":29},"end":{"line":71,"column":null}},"line":56},"3":{"name":"searchEmbeddingsByKeyword","decl":{"start":{"line":77,"column":22},"end":{"line":77,"column":null}},"loc":{"start":{"line":80,"column":80},"end":{"line":98,"column":null}},"line":80},"4":{"name":"getEmbeddingsCount","decl":{"start":{"line":103,"column":22},"end":{"line":103,"column":60}},"loc":{"start":{"line":103,"column":60},"end":{"line":115,"column":null}},"line":103},"5":{"name":"getEmbeddingSources","decl":{"start":{"line":120,"column":22},"end":{"line":120,"column":63}},"loc":{"start":{"line":120,"column":63},"end":{"line":133,"column":null}},"line":120},"6":{"name":"(anonymous_6)","decl":{"start":{"line":131,"column":36},"end":{"line":131,"column":37}},"loc":{"start":{"line":131,"column":45},"end":{"line":131,"column":55}},"line":131}},"branchMap":{"0":{"loc":{"start":{"line":24,"column":4},"end":{"line":26,"column":null}},"type":"if","locations":[{"start":{"line":24,"column":4},"end":{"line":26,"column":null}},{"start":{},"end":{}}],"line":24},"1":{"loc":{"start":{"line":41,"column":2},"end":{"line":43,"column":null}},"type":"if","locations":[{"start":{"line":41,"column":2},"end":{"line":43,"column":null}},{"start":{},"end":{}}],"line":41},"2":{"loc":{"start":{"line":52,"column":2},"end":{"line":55,"column":null}},"type":"default-arg","locations":[{"start":{"line":55,"column":6},"end":{"line":55,"column":null}}],"line":52},"3":{"loc":{"start":{"line":57,"column":10},"end":{"line":57,"column":21}},"type":"default-arg","locations":[{"start":{"line":57,"column":18},"end":{"line":57,"column":21}}],"line":57},"4":{"loc":{"start":{"line":57,"column":21},"end":{"line":57,"column":42}},"type":"default-arg","locations":[{"start":{"line":57,"column":38},"end":{"line":57,"column":42}}],"line":57},"5":{"loc":{"start":{"line":66,"column":2},"end":{"line":68,"column":null}},"type":"if","locations":[{"start":{"line":66,"column":2},"end":{"line":68,"column":null}},{"start":{},"end":{}}],"line":66},"6":{"loc":{"start":{"line":79,"column":2},"end":{"line":79,"column":null}},"type":"default-arg","locations":[{"start":{"line":79,"column":32},"end":{"line":79,"column":null}}],"line":79},"7":{"loc":{"start":{"line":81,"column":16},"end":{"line":81,"column":null}},"type":"binary-expr","locations":[{"start":{"line":81,"column":16},"end":{"line":81,"column":33}},{"start":{"line":81,"column":33},"end":{"line":81,"column":null}}],"line":81},"8":{"loc":{"start":{"line":83,"column":2},"end":{"line":83,"column":null}},"type":"if","locations":[{"start":{"line":83,"column":2},"end":{"line":83,"column":null}},{"start":{},"end":{}}],"line":83},"9":{"loc":{"start":{"line":93,"column":2},"end":{"line":95,"column":null}},"type":"if","locations":[{"start":{"line":93,"column":2},"end":{"line":95,"column":null}},{"start":{},"end":{}}],"line":93},"10":{"loc":{"start":{"line":97,"column":10},"end":{"line":97,"column":null}},"type":"binary-expr","locations":[{"start":{"line":97,"column":10},"end":{"line":97,"column":18}},{"start":{"line":97,"column":18},"end":{"line":97,"column":null}}],"line":97},"11":{"loc":{"start":{"line":110,"column":2},"end":{"line":112,"column":null}},"type":"if","locations":[{"start":{"line":110,"column":2},"end":{"line":112,"column":null}},{"start":{},"end":{}}],"line":110},"12":{"loc":{"start":{"line":114,"column":9},"end":{"line":114,"column":null}},"type":"binary-expr","locations":[{"start":{"line":114,"column":9},"end":{"line":114,"column":18}},{"start":{"line":114,"column":18},"end":{"line":114,"column":null}}],"line":114},"13":{"loc":{"start":{"line":127,"column":2},"end":{"line":129,"column":null}},"type":"if","locations":[{"start":{"line":127,"column":2},"end":{"line":129,"column":null}},{"start":{},"end":{}}],"line":127},"14":{"loc":{"start":{"line":131,"column":26},"end":{"line":131,"column":62}},"type":"binary-expr","locations":[{"start":{"line":131,"column":26},"end":{"line":131,"column":60}},{"start":{"line":131,"column":60},"end":{"line":131,"column":62}}],"line":131}},"s":{"0":2,"1":0,"2":0,"3":0,"4":0,"5":0,"6":0,"7":0,"8":0,"9":0,"10":0,"11":0,"12":0,"13":0,"14":0,"15":0,"16":0,"17":0,"18":0,"19":0,"20":0,"21":0,"22":0,"23":0,"24":0,"25":0,"26":0,"27":0,"28":0,"29":0,"30":0,"31":0,"32":0,"33":0,"34":0,"35":0,"36":0,"37":0,"38":0},"f":{"0":0,"1":0,"2":0,"3":0,"4":0,"5":0,"6":0},"b":{"0":[0,0],"1":[0,0],"2":[0],"3":[0],"4":[0],"5":[0,0],"6":[0],"7":[0,0],"8":[0,0],"9":[0,0],"10":[0,0],"11":[0,0],"12":[0,0],"13":[0,0],"14":[0,0]},"meta":{"lastBranch":15,"lastFunction":7,"lastStatement":39,"seen":{"s:9:19:9:Infinity":0,"f:15:22:15:Infinity":0,"s:18:8:18:Infinity":1,"s:20:2:27:Infinity":2,"s:20:15:20:18":3,"s:21:18:21:Infinity":4,"s:22:22:22:Infinity":5,"b:24:4:26:Infinity:undefined:undefined:undefined:undefined":0,"s:24:4:26:Infinity":6,"s:25:6:25:Infinity":7,"f:33:22:33:47":1,"s:34:8:34:Infinity":8,"s:36:20:39:Infinity":9,"b:41:2:43:Infinity:undefined:undefined:undefined:undefined":1,"s:41:2:43:Infinity":10,"s:42:4:42:Infinity":11,"f:50:22:50:Infinity":2,"b:55:6:55:Infinity":2,"s:57:46:57:Infinity":12,"b:57:18:57:21":3,"b:57:38:57:42":4,"s:58:8:58:Infinity":13,"s:60:26:64:Infinity":14,"b:66:2:68:Infinity:undefined:undefined:undefined:undefined":5,"s:66:2:68:Infinity":15,"s:67:4:67:Infinity":16,"s:70:2:70:Infinity":17,"f:77:22:77:Infinity":3,"b:79:32:79:Infinity":6,"s:81:16:81:Infinity":18,"b:81:16:81:33:81:33:81:Infinity":7,"s:82:18:82:Infinity":19,"b:83:2:83:Infinity:undefined:undefined:undefined:undefined":8,"s:83:2:83:Infinity":20,"s:83:16:83:Infinity":21,"s:85:8:85:Infinity":22,"s:87:26:91:Infinity":23,"b:93:2:95:Infinity:undefined:undefined:undefined:undefined":9,"s:93:2:95:Infinity":24,"s:94:4:94:Infinity":25,"s:97:2:97:Infinity":26,"b:97:10:97:18:97:18:97:Infinity":10,"f:103:22:103:60":4,"s:104:8:104:Infinity":27,"s:106:27:108:Infinity":28,"b:110:2:112:Infinity:undefined:undefined:undefined:undefined":11,"s:110:2:112:Infinity":29,"s:111:4:111:Infinity":30,"s:114:2:114:Infinity":31,"b:114:9:114:18:114:18:114:Infinity":12,"f:120:22:120:63":5,"s:121:8:121:Infinity":32,"s:123:26:125:Infinity":33,"b:127:2:129:Infinity:undefined:undefined:undefined:undefined":13,"s:127:2:129:Infinity":34,"s:128:4:128:Infinity":35,"s:131:18:131:Infinity":36,"b:131:26:131:60:131:60:131:62":14,"f:131:36:131:37":6,"s:131:45:131:55":37,"s:132:2:132:Infinity":38}}}
,"/home/jonaswsl/projects/daygame-coach/src/db/profilesRepo.ts": {"path":"/home/jonaswsl/projects/daygame-coach/src/db/profilesRepo.ts","statementMap":{"0":{"start":{"line":14,"column":19},"end":{"line":14,"column":null}},"1":{"start":{"line":16,"column":26},"end":{"line":20,"column":null}},"2":{"start":{"line":22,"column":2},"end":{"line":28,"column":null}},"3":{"start":{"line":23,"column":4},"end":{"line":26,"column":null}},"4":{"start":{"line":25,"column":6},"end":{"line":25,"column":null}},"5":{"start":{"line":27,"column":4},"end":{"line":27,"column":null}},"6":{"start":{"line":30,"column":2},"end":{"line":30,"column":null}},"7":{"start":{"line":40,"column":19},"end":{"line":40,"column":null}},"8":{"start":{"line":42,"column":26},"end":{"line":47,"column":null}},"9":{"start":{"line":49,"column":2},"end":{"line":51,"column":null}},"10":{"start":{"line":50,"column":4},"end":{"line":50,"column":null}},"11":{"start":{"line":53,"column":2},"end":{"line":53,"column":null}},"12":{"start":{"line":60,"column":18},"end":{"line":60,"column":null}},"13":{"start":{"line":61,"column":2},"end":{"line":61,"column":null}},"14":{"start":{"line":71,"column":18},"end":{"line":71,"column":null}},"15":{"start":{"line":72,"column":2},"end":{"line":74,"column":null}},"16":{"start":{"line":73,"column":4},"end":{"line":73,"column":null}},"17":{"start":{"line":76,"column":20},"end":{"line":76,"column":null}},"18":{"start":{"line":77,"column":16},"end":{"line":77,"column":null}},"19":{"start":{"line":78,"column":19},"end":{"line":78,"column":null}},"20":{"start":{"line":80,"column":18},"end":{"line":83,"column":null}},"21":{"start":{"line":85,"column":2},"end":{"line":88,"column":null}},"22":{"start":{"line":96,"column":2},"end":{"line":96,"column":null}},"23":{"start":{"line":104,"column":19},"end":{"line":104,"column":null}},"24":{"start":{"line":109,"column":6},"end":{"line":109,"column":null}},"25":{"start":{"line":111,"column":2},"end":{"line":113,"column":null}},"26":{"start":{"line":112,"column":4},"end":{"line":112,"column":null}},"27":{"start":{"line":115,"column":2},"end":{"line":115,"column":null}}},"fnMap":{"0":{"name":"getProfile","decl":{"start":{"line":13,"column":22},"end":{"line":13,"column":33}},"loc":{"start":{"line":13,"column":77},"end":{"line":31,"column":null}},"line":13},"1":{"name":"updateProfile","decl":{"start":{"line":36,"column":22},"end":{"line":36,"column":null}},"loc":{"start":{"line":39,"column":23},"end":{"line":54,"column":null}},"line":39},"2":{"name":"hasPurchased","decl":{"start":{"line":59,"column":22},"end":{"line":59,"column":35}},"loc":{"start":{"line":59,"column":69},"end":{"line":62,"column":null}},"line":59},"3":{"name":"updateUserProgress","decl":{"start":{"line":67,"column":22},"end":{"line":67,"column":null}},"loc":{"start":{"line":70,"column":42},"end":{"line":89,"column":null}},"line":70},"4":{"name":"calculateLevel","decl":{"start":{"line":95,"column":9},"end":{"line":95,"column":24}},"loc":{"start":{"line":95,"column":44},"end":{"line":97,"column":null}},"line":95},"5":{"name":"getCurrentUserProfile","decl":{"start":{"line":103,"column":22},"end":{"line":103,"column":74}},"loc":{"start":{"line":103,"column":74},"end":{"line":116,"column":null}},"line":103}},"branchMap":{"0":{"loc":{"start":{"line":22,"column":2},"end":{"line":28,"column":null}},"type":"if","locations":[{"start":{"line":22,"column":2},"end":{"line":28,"column":null}},{"start":{},"end":{}}],"line":22},"1":{"loc":{"start":{"line":23,"column":4},"end":{"line":26,"column":null}},"type":"if","locations":[{"start":{"line":23,"column":4},"end":{"line":26,"column":null}},{"start":{},"end":{}}],"line":23},"2":{"loc":{"start":{"line":49,"column":2},"end":{"line":51,"column":null}},"type":"if","locations":[{"start":{"line":49,"column":2},"end":{"line":51,"column":null}},{"start":{},"end":{}}],"line":49},"3":{"loc":{"start":{"line":61,"column":9},"end":{"line":61,"column":null}},"type":"binary-expr","locations":[{"start":{"line":61,"column":9},"end":{"line":61,"column":35}},{"start":{"line":61,"column":35},"end":{"line":61,"column":null}}],"line":61},"4":{"loc":{"start":{"line":72,"column":2},"end":{"line":74,"column":null}},"type":"if","locations":[{"start":{"line":72,"column":2},"end":{"line":74,"column":null}},{"start":{},"end":{}}],"line":72},"5":{"loc":{"start":{"line":76,"column":20},"end":{"line":76,"column":null}},"type":"binary-expr","locations":[{"start":{"line":76,"column":20},"end":{"line":76,"column":34}},{"start":{"line":76,"column":34},"end":{"line":76,"column":null}}],"line":76},"6":{"loc":{"start":{"line":86,"column":8},"end":{"line":86,"column":null}},"type":"binary-expr","locations":[{"start":{"line":86,"column":8},"end":{"line":86,"column":22}},{"start":{"line":86,"column":22},"end":{"line":86,"column":null}}],"line":86},"7":{"loc":{"start":{"line":87,"column":11},"end":{"line":87,"column":null}},"type":"binary-expr","locations":[{"start":{"line":87,"column":11},"end":{"line":87,"column":28}},{"start":{"line":87,"column":28},"end":{"line":87,"column":null}}],"line":87},"8":{"loc":{"start":{"line":111,"column":2},"end":{"line":113,"column":null}},"type":"if","locations":[{"start":{"line":111,"column":2},"end":{"line":113,"column":null}},{"start":{},"end":{}}],"line":111},"9":{"loc":{"start":{"line":111,"column":6},"end":{"line":111,"column":26}},"type":"binary-expr","locations":[{"start":{"line":111,"column":6},"end":{"line":111,"column":19}},{"start":{"line":111,"column":19},"end":{"line":111,"column":26}}],"line":111}},"s":{"0":0,"1":0,"2":0,"3":0,"4":0,"5":0,"6":0,"7":0,"8":0,"9":0,"10":0,"11":0,"12":0,"13":0,"14":0,"15":0,"16":0,"17":0,"18":0,"19":0,"20":0,"21":0,"22":0,"23":0,"24":0,"25":0,"26":0,"27":0},"f":{"0":0,"1":0,"2":0,"3":0,"4":0,"5":0},"b":{"0":[0,0],"1":[0,0],"2":[0,0],"3":[0,0],"4":[0,0],"5":[0,0],"6":[0,0],"7":[0,0],"8":[0,0],"9":[0,0]},"meta":{"lastBranch":10,"lastFunction":6,"lastStatement":28,"seen":{"f:13:22:13:33":0,"s:14:19:14:Infinity":0,"s:16:26:20:Infinity":1,"b:22:2:28:Infinity:undefined:undefined:undefined:undefined":0,"s:22:2:28:Infinity":2,"b:23:4:26:Infinity:undefined:undefined:undefined:undefined":1,"s:23:4:26:Infinity":3,"s:25:6:25:Infinity":4,"s:27:4:27:Infinity":5,"s:30:2:30:Infinity":6,"f:36:22:36:Infinity":1,"s:40:19:40:Infinity":7,"s:42:26:47:Infinity":8,"b:49:2:51:Infinity:undefined:undefined:undefined:undefined":2,"s:49:2:51:Infinity":9,"s:50:4:50:Infinity":10,"s:53:2:53:Infinity":11,"f:59:22:59:35":2,"s:60:18:60:Infinity":12,"s:61:2:61:Infinity":13,"b:61:9:61:35:61:35:61:Infinity":3,"f:67:22:67:Infinity":3,"s:71:18:71:Infinity":14,"b:72:2:74:Infinity:undefined:undefined:undefined:undefined":4,"s:72:2:74:Infinity":15,"s:73:4:73:Infinity":16,"s:76:20:76:Infinity":17,"b:76:20:76:34:76:34:76:Infinity":5,"s:77:16:77:Infinity":18,"s:78:19:78:Infinity":19,"s:80:18:83:Infinity":20,"s:85:2:88:Infinity":21,"b:86:8:86:22:86:22:86:Infinity":6,"b:87:11:87:28:87:28:87:Infinity":7,"f:95:9:95:24":4,"s:96:2:96:Infinity":22,"f:103:22:103:74":5,"s:104:19:104:Infinity":23,"s:109:6:109:Infinity":24,"b:111:2:113:Infinity:undefined:undefined:undefined:undefined":8,"s:111:2:113:Infinity":25,"b:111:6:111:19:111:19:111:26":9,"s:112:4:112:Infinity":26,"s:115:2:115:Infinity":27}}}
,"/home/jonaswsl/projects/daygame-coach/src/db/server.ts": {"path":"/home/jonaswsl/projects/daygame-coach/src/db/server.ts","statementMap":{},"fnMap":{},"branchMap":{},"s":{},"f":{},"b":{},"meta":{"lastBranch":0,"lastFunction":0,"lastStatement":0,"seen":{}}}
,"/home/jonaswsl/projects/daygame-coach/src/db/supabase.ts": {"path":"/home/jonaswsl/projects/daygame-coach/src/db/supabase.ts","statementMap":{"0":{"start":{"line":10,"column":22},"end":{"line":10,"column":null}},"1":{"start":{"line":12,"column":2},"end":{"line":32,"column":null}},"2":{"start":{"line":18,"column":10},"end":{"line":18,"column":null}},"3":{"start":{"line":21,"column":10},"end":{"line":28,"column":null}},"4":{"start":{"line":22,"column":12},"end":{"line":24,"column":null}},"5":{"start":{"line":23,"column":14},"end":{"line":23,"column":null}},"6":{"start":{"line":42,"column":14},"end":{"line":42,"column":null}},"7":{"start":{"line":43,"column":21},"end":{"line":43,"column":null}},"8":{"start":{"line":45,"column":2},"end":{"line":47,"column":null}},"9":{"start":{"line":46,"column":4},"end":{"line":46,"column":null}},"10":{"start":{"line":49,"column":2},"end":{"line":53,"column":null}},"11":{"start":{"line":50,"column":4},"end":{"line":52,"column":null}},"12":{"start":{"line":55,"column":2},"end":{"line":55,"column":null}}},"fnMap":{"0":{"name":"createServerSupabaseClient","decl":{"start":{"line":9,"column":22},"end":{"line":9,"column":51}},"loc":{"start":{"line":9,"column":51},"end":{"line":33,"column":null}},"line":9},"1":{"name":"(anonymous_1)","decl":{"start":{"line":17,"column":8},"end":{"line":17,"column":17}},"loc":{"start":{"line":17,"column":17},"end":{"line":19,"column":null}},"line":17},"2":{"name":"(anonymous_2)","decl":{"start":{"line":20,"column":8},"end":{"line":20,"column":15}},"loc":{"start":{"line":20,"column":29},"end":{"line":29,"column":null}},"line":20},"3":{"name":"(anonymous_3)","decl":{"start":{"line":22,"column":33},"end":{"line":22,"column":34}},"loc":{"start":{"line":23,"column":14},"end":{"line":23,"column":null}},"line":23},"4":{"name":"createAdminSupabaseClient","decl":{"start":{"line":41,"column":16},"end":{"line":41,"column":44}},"loc":{"start":{"line":41,"column":44},"end":{"line":56,"column":null}},"line":41}},"branchMap":{"0":{"loc":{"start":{"line":45,"column":2},"end":{"line":47,"column":null}},"type":"if","locations":[{"start":{"line":45,"column":2},"end":{"line":47,"column":null}},{"start":{},"end":{}}],"line":45},"1":{"loc":{"start":{"line":49,"column":2},"end":{"line":53,"column":null}},"type":"if","locations":[{"start":{"line":49,"column":2},"end":{"line":53,"column":null}},{"start":{},"end":{}}],"line":49}},"s":{"0":0,"1":0,"2":0,"3":0,"4":0,"5":0,"6":0,"7":0,"8":0,"9":0,"10":0,"11":0,"12":0},"f":{"0":0,"1":0,"2":0,"3":0,"4":0},"b":{"0":[0,0],"1":[0,0]},"meta":{"lastBranch":2,"lastFunction":5,"lastStatement":13,"seen":{"f:9:22:9:51":0,"s:10:22:10:Infinity":0,"s:12:2:32:Infinity":1,"f:17:8:17:17":1,"s:18:10:18:Infinity":2,"f:20:8:20:15":2,"s:21:10:28:Infinity":3,"s:22:12:24:Infinity":4,"f:22:33:22:34":3,"s:23:14:23:Infinity":5,"f:41:16:41:44":4,"s:42:14:42:Infinity":6,"s:43:21:43:Infinity":7,"b:45:2:47:Infinity:undefined:undefined:undefined:undefined":0,"s:45:2:47:Infinity":8,"s:46:4:46:Infinity":9,"b:49:2:53:Infinity:undefined:undefined:undefined:undefined":1,"s:49:2:53:Infinity":10,"s:50:4:52:Infinity":11,"s:55:2:55:Infinity":12}}}
,"/home/jonaswsl/projects/daygame-coach/src/db/trackingRepo.ts": {"path":"/home/jonaswsl/projects/daygame-coach/src/db/trackingRepo.ts","statementMap":{"0":{"start":{"line":11,"column":12},"end":{"line":11,"column":null}},"1":{"start":{"line":12,"column":2},"end":{"line":12,"column":null}},"2":{"start":{"line":14,"column":2},"end":{"line":14,"column":null}},"3":{"start":{"line":15,"column":20},"end":{"line":15,"column":null}},"4":{"start":{"line":16,"column":17},"end":{"line":16,"column":null}},"5":{"start":{"line":17,"column":2},"end":{"line":17,"column":null}},"6":{"start":{"line":22,"column":2},"end":{"line":22,"column":null}},"7":{"start":{"line":22,"column":24},"end":{"line":22,"column":null}},"8":{"start":{"line":23,"column":22},"end":{"line":23,"column":null}},"9":{"start":{"line":24,"column":22},"end":{"line":24,"column":null}},"10":{"start":{"line":27,"column":2},"end":{"line":27,"column":null}},"11":{"start":{"line":27,"column":40},"end":{"line":27,"column":null}},"12":{"start":{"line":29,"column":2},"end":{"line":29,"column":null}},"13":{"start":{"line":29,"column":51},"end":{"line":29,"column":null}},"14":{"start":{"line":31,"column":2},"end":{"line":31,"column":null}},"15":{"start":{"line":36,"column":2},"end":{"line":36,"column":null}},"16":{"start":{"line":76,"column":19},"end":{"line":76,"column":null}},"17":{"start":{"line":78,"column":26},"end":{"line":82,"column":null}},"18":{"start":{"line":84,"column":2},"end":{"line":87,"column":null}},"19":{"start":{"line":85,"column":4},"end":{"line":85,"column":null}},"20":{"start":{"line":85,"column":35},"end":{"line":85,"column":null}},"21":{"start":{"line":86,"column":4},"end":{"line":86,"column":null}},"22":{"start":{"line":89,"column":2},"end":{"line":89,"column":null}},"23":{"start":{"line":97,"column":19},"end":{"line":97,"column":null}},"24":{"start":{"line":99,"column":26},"end":{"line":103,"column":null}},"25":{"start":{"line":105,"column":2},"end":{"line":107,"column":null}},"26":{"start":{"line":106,"column":4},"end":{"line":106,"column":null}},"27":{"start":{"line":109,"column":2},"end":{"line":109,"column":null}},"28":{"start":{"line":113,"column":19},"end":{"line":113,"column":null}},"29":{"start":{"line":115,"column":26},"end":{"line":119,"column":null}},"30":{"start":{"line":121,"column":2},"end":{"line":124,"column":null}},"31":{"start":{"line":122,"column":4},"end":{"line":122,"column":null}},"32":{"start":{"line":122,"column":35},"end":{"line":122,"column":null}},"33":{"start":{"line":123,"column":4},"end":{"line":123,"column":null}},"34":{"start":{"line":126,"column":2},"end":{"line":126,"column":null}},"35":{"start":{"line":130,"column":19},"end":{"line":130,"column":null}},"36":{"start":{"line":132,"column":26},"end":{"line":139,"column":null}},"37":{"start":{"line":141,"column":2},"end":{"line":144,"column":null}},"38":{"start":{"line":142,"column":4},"end":{"line":142,"column":null}},"39":{"start":{"line":142,"column":35},"end":{"line":142,"column":null}},"40":{"start":{"line":143,"column":4},"end":{"line":143,"column":null}},"41":{"start":{"line":146,"column":2},"end":{"line":146,"column":null}},"42":{"start":{"line":153,"column":19},"end":{"line":153,"column":null}},"43":{"start":{"line":155,"column":26},"end":{"line":160,"column":null}},"44":{"start":{"line":162,"column":2},"end":{"line":164,"column":null}},"45":{"start":{"line":163,"column":4},"end":{"line":163,"column":null}},"46":{"start":{"line":166,"column":2},"end":{"line":166,"column":null}},"47":{"start":{"line":171,"column":18},"end":{"line":171,"column":null}},"48":{"start":{"line":172,"column":2},"end":{"line":174,"column":null}},"49":{"start":{"line":173,"column":4},"end":{"line":173,"column":null}},"50":{"start":{"line":176,"column":18},"end":{"line":176,"column":null}},"51":{"start":{"line":177,"column":20},"end":{"line":177,"column":null}},"52":{"start":{"line":178,"column":26},"end":{"line":178,"column":null}},"53":{"start":{"line":180,"column":26},"end":{"line":180,"column":null}},"54":{"start":{"line":181,"column":18},"end":{"line":181,"column":null}},"55":{"start":{"line":183,"column":25},"end":{"line":190,"column":null}},"56":{"start":{"line":193,"column":2},"end":{"line":199,"column":null}},"57":{"start":{"line":201,"column":2},"end":{"line":201,"column":null}},"58":{"start":{"line":210,"column":18},"end":{"line":210,"column":null}},"59":{"start":{"line":211,"column":2},"end":{"line":213,"column":null}},"60":{"start":{"line":212,"column":4},"end":{"line":212,"column":null}},"61":{"start":{"line":215,"column":18},"end":{"line":215,"column":null}},"62":{"start":{"line":216,"column":20},"end":{"line":216,"column":null}},"63":{"start":{"line":217,"column":26},"end":{"line":217,"column":null}},"64":{"start":{"line":220,"column":2},"end":{"line":226,"column":null}},"65":{"start":{"line":230,"column":18},"end":{"line":230,"column":null}},"66":{"start":{"line":231,"column":2},"end":{"line":233,"column":null}},"67":{"start":{"line":232,"column":4},"end":{"line":232,"column":null}},"68":{"start":{"line":235,"column":2},"end":{"line":237,"column":null}},"69":{"start":{"line":236,"column":4},"end":{"line":236,"column":null}},"70":{"start":{"line":240,"column":2},"end":{"line":244,"column":null}},"71":{"start":{"line":247,"column":22},"end":{"line":247,"column":null}},"72":{"start":{"line":248,"column":2},"end":{"line":250,"column":null}},"73":{"start":{"line":249,"column":4},"end":{"line":249,"column":null}},"74":{"start":{"line":252,"column":2},"end":{"line":252,"column":null}},"75":{"start":{"line":266,"column":16},"end":{"line":266,"column":null}},"76":{"start":{"line":267,"column":22},"end":{"line":267,"column":null}},"77":{"start":{"line":270,"column":23},"end":{"line":270,"column":null}},"78":{"start":{"line":271,"column":2},"end":{"line":276,"column":null}},"79":{"start":{"line":272,"column":4},"end":{"line":272,"column":null}},"80":{"start":{"line":275,"column":4},"end":{"line":275,"column":null}},"81":{"start":{"line":279,"column":24},"end":{"line":279,"column":null}},"82":{"start":{"line":280,"column":2},"end":{"line":282,"column":null}},"83":{"start":{"line":281,"column":4},"end":{"line":281,"column":null}},"84":{"start":{"line":284,"column":26},"end":{"line":284,"column":null}},"85":{"start":{"line":286,"column":2},"end":{"line":291,"column":null}},"86":{"start":{"line":294,"column":2},"end":{"line":294,"column":null}},"87":{"start":{"line":297,"column":78},"end":{"line":297,"column":null}},"88":{"start":{"line":300,"column":2},"end":{"line":300,"column":null}},"89":{"start":{"line":300,"column":29},"end":{"line":300,"column":null}},"90":{"start":{"line":301,"column":2},"end":{"line":301,"column":null}},"91":{"start":{"line":301,"column":29},"end":{"line":301,"column":null}},"92":{"start":{"line":302,"column":2},"end":{"line":302,"column":null}},"93":{"start":{"line":302,"column":29},"end":{"line":302,"column":null}},"94":{"start":{"line":303,"column":2},"end":{"line":303,"column":null}},"95":{"start":{"line":303,"column":30},"end":{"line":303,"column":null}},"96":{"start":{"line":304,"column":2},"end":{"line":304,"column":null}},"97":{"start":{"line":304,"column":30},"end":{"line":304,"column":null}},"98":{"start":{"line":305,"column":2},"end":{"line":305,"column":null}},"99":{"start":{"line":305,"column":30},"end":{"line":305,"column":null}},"100":{"start":{"line":306,"column":2},"end":{"line":306,"column":null}},"101":{"start":{"line":306,"column":31},"end":{"line":306,"column":null}},"102":{"start":{"line":309,"column":2},"end":{"line":309,"column":null}},"103":{"start":{"line":309,"column":38},"end":{"line":309,"column":null}},"104":{"start":{"line":310,"column":2},"end":{"line":310,"column":null}},"105":{"start":{"line":310,"column":39},"end":{"line":310,"column":null}},"106":{"start":{"line":311,"column":2},"end":{"line":311,"column":null}},"107":{"start":{"line":311,"column":27},"end":{"line":311,"column":null}},"108":{"start":{"line":312,"column":2},"end":{"line":312,"column":null}},"109":{"start":{"line":312,"column":42},"end":{"line":312,"column":null}},"110":{"start":{"line":315,"column":8},"end":{"line":315,"column":null}},"111":{"start":{"line":316,"column":2},"end":{"line":316,"column":null}},"112":{"start":{"line":316,"column":42},"end":{"line":316,"column":null}},"113":{"start":{"line":319,"column":2},"end":{"line":319,"column":null}},"114":{"start":{"line":319,"column":35},"end":{"line":319,"column":null}},"115":{"start":{"line":322,"column":2},"end":{"line":322,"column":null}},"116":{"start":{"line":331,"column":16},"end":{"line":331,"column":null}},"117":{"start":{"line":332,"column":2},"end":{"line":332,"column":null}},"118":{"start":{"line":332,"column":14},"end":{"line":332,"column":null}},"119":{"start":{"line":334,"column":25},"end":{"line":334,"column":null}},"120":{"start":{"line":335,"column":27},"end":{"line":335,"column":null}},"121":{"start":{"line":336,"column":25},"end":{"line":336,"column":null}},"122":{"start":{"line":339,"column":2},"end":{"line":341,"column":null}},"123":{"start":{"line":340,"column":4},"end":{"line":340,"column":null}},"124":{"start":{"line":344,"column":2},"end":{"line":346,"column":null}},"125":{"start":{"line":345,"column":4},"end":{"line":345,"column":null}},"126":{"start":{"line":350,"column":2},"end":{"line":356,"column":null}},"127":{"start":{"line":352,"column":4},"end":{"line":352,"column":null}},"128":{"start":{"line":355,"column":4},"end":{"line":355,"column":null}},"129":{"start":{"line":358,"column":2},"end":{"line":362,"column":null}},"130":{"start":{"line":365,"column":78},"end":{"line":365,"column":null}},"131":{"start":{"line":366,"column":2},"end":{"line":366,"column":null}},"132":{"start":{"line":366,"column":27},"end":{"line":366,"column":null}},"133":{"start":{"line":367,"column":2},"end":{"line":367,"column":null}},"134":{"start":{"line":367,"column":27},"end":{"line":367,"column":null}},"135":{"start":{"line":368,"column":2},"end":{"line":368,"column":null}},"136":{"start":{"line":368,"column":27},"end":{"line":368,"column":null}},"137":{"start":{"line":369,"column":2},"end":{"line":369,"column":null}},"138":{"start":{"line":369,"column":28},"end":{"line":369,"column":null}},"139":{"start":{"line":370,"column":2},"end":{"line":370,"column":null}},"140":{"start":{"line":370,"column":28},"end":{"line":370,"column":null}},"141":{"start":{"line":371,"column":2},"end":{"line":371,"column":null}},"142":{"start":{"line":371,"column":28},"end":{"line":371,"column":null}},"143":{"start":{"line":372,"column":2},"end":{"line":372,"column":null}},"144":{"start":{"line":378,"column":19},"end":{"line":378,"column":null}},"145":{"start":{"line":380,"column":49},"end":{"line":384,"column":null}},"146":{"start":{"line":386,"column":2},"end":{"line":389,"column":null}},"147":{"start":{"line":387,"column":4},"end":{"line":387,"column":null}},"148":{"start":{"line":387,"column":42},"end":{"line":387,"column":null}},"149":{"start":{"line":388,"column":4},"end":{"line":388,"column":null}},"150":{"start":{"line":391,"column":53},"end":{"line":395,"column":null}},"151":{"start":{"line":397,"column":2},"end":{"line":399,"column":null}},"152":{"start":{"line":398,"column":4},"end":{"line":398,"column":null}},"153":{"start":{"line":401,"column":2},"end":{"line":404,"column":null}},"154":{"start":{"line":412,"column":19},"end":{"line":412,"column":null}},"155":{"start":{"line":414,"column":26},"end":{"line":419,"column":null}},"156":{"start":{"line":421,"column":2},"end":{"line":423,"column":null}},"157":{"start":{"line":422,"column":4},"end":{"line":422,"column":null}},"158":{"start":{"line":425,"column":2},"end":{"line":425,"column":null}},"159":{"start":{"line":429,"column":19},"end":{"line":429,"column":null}},"160":{"start":{"line":432,"column":18},"end":{"line":432,"column":null}},"161":{"start":{"line":433,"column":2},"end":{"line":435,"column":null}},"162":{"start":{"line":434,"column":4},"end":{"line":434,"column":null}},"163":{"start":{"line":438,"column":35},"end":{"line":441,"column":null}},"164":{"start":{"line":443,"column":2},"end":{"line":445,"column":null}},"165":{"start":{"line":444,"column":4},"end":{"line":444,"column":null}},"166":{"start":{"line":448,"column":34},"end":{"line":451,"column":null}},"167":{"start":{"line":453,"column":2},"end":{"line":455,"column":null}},"168":{"start":{"line":454,"column":4},"end":{"line":454,"column":null}},"169":{"start":{"line":465,"column":19},"end":{"line":465,"column":null}},"170":{"start":{"line":470,"column":26},"end":{"line":488,"column":null}},"171":{"start":{"line":490,"column":2},"end":{"line":492,"column":null}},"172":{"start":{"line":491,"column":4},"end":{"line":491,"column":null}},"173":{"start":{"line":495,"column":2},"end":{"line":525,"column":null}},"174":{"start":{"line":496,"column":23},"end":{"line":496,"column":null}},"175":{"start":{"line":498,"column":21},"end":{"line":504,"column":null}},"176":{"start":{"line":506,"column":4},"end":{"line":510,"column":null}},"177":{"start":{"line":507,"column":6},"end":{"line":509,"column":null}},"178":{"start":{"line":508,"column":8},"end":{"line":508,"column":null}},"179":{"start":{"line":512,"column":4},"end":{"line":524,"column":null}},"180":{"start":{"line":533,"column":19},"end":{"line":533,"column":null}},"181":{"start":{"line":535,"column":26},"end":{"line":539,"column":null}},"182":{"start":{"line":541,"column":2},"end":{"line":543,"column":null}},"183":{"start":{"line":542,"column":4},"end":{"line":542,"column":null}},"184":{"start":{"line":546,"column":2},"end":{"line":555,"column":null}},"185":{"start":{"line":547,"column":22},"end":{"line":550,"column":null}},"186":{"start":{"line":552,"column":4},"end":{"line":554,"column":null}},"187":{"start":{"line":553,"column":6},"end":{"line":553,"column":null}},"188":{"start":{"line":558,"column":2},"end":{"line":558,"column":null}},"189":{"start":{"line":560,"column":2},"end":{"line":560,"column":null}},"190":{"start":{"line":567,"column":19},"end":{"line":567,"column":null}},"191":{"start":{"line":569,"column":26},"end":{"line":574,"column":null}},"192":{"start":{"line":576,"column":2},"end":{"line":578,"column":null}},"193":{"start":{"line":577,"column":4},"end":{"line":577,"column":null}},"194":{"start":{"line":580,"column":2},"end":{"line":580,"column":null}},"195":{"start":{"line":584,"column":19},"end":{"line":584,"column":null}},"196":{"start":{"line":586,"column":26},"end":{"line":590,"column":null}},"197":{"start":{"line":592,"column":2},"end":{"line":594,"column":null}},"198":{"start":{"line":593,"column":4},"end":{"line":593,"column":null}},"199":{"start":{"line":596,"column":2},"end":{"line":596,"column":null}},"200":{"start":{"line":604,"column":19},"end":{"line":604,"column":null}},"201":{"start":{"line":606,"column":26},"end":{"line":611,"column":null}},"202":{"start":{"line":613,"column":2},"end":{"line":615,"column":null}},"203":{"start":{"line":614,"column":4},"end":{"line":614,"column":null}},"204":{"start":{"line":617,"column":2},"end":{"line":617,"column":null}},"205":{"start":{"line":631,"column":19},"end":{"line":631,"column":null}},"206":{"start":{"line":634,"column":8},"end":{"line":634,"column":null}},"207":{"start":{"line":637,"column":41},"end":{"line":642,"column":null}},"208":{"start":{"line":644,"column":2},"end":{"line":646,"column":null}},"209":{"start":{"line":645,"column":4},"end":{"line":645,"column":null}},"210":{"start":{"line":649,"column":2},"end":{"line":649,"column":null}},"211":{"start":{"line":660,"column":2},"end":{"line":666,"column":null}},"212":{"start":{"line":661,"column":17},"end":{"line":661,"column":null}},"213":{"start":{"line":662,"column":4},"end":{"line":664,"column":null}},"214":{"start":{"line":663,"column":6},"end":{"line":663,"column":null}},"215":{"start":{"line":665,"column":4},"end":{"line":665,"column":null}},"216":{"start":{"line":669,"column":19},"end":{"line":669,"column":null}},"217":{"start":{"line":671,"column":26},"end":{"line":675,"column":null}},"218":{"start":{"line":677,"column":2},"end":{"line":680,"column":null}},"219":{"start":{"line":678,"column":4},"end":{"line":678,"column":null}},"220":{"start":{"line":678,"column":35},"end":{"line":678,"column":null}},"221":{"start":{"line":679,"column":4},"end":{"line":679,"column":null}},"222":{"start":{"line":682,"column":2},"end":{"line":682,"column":null}},"223":{"start":{"line":696,"column":19},"end":{"line":696,"column":null}},"224":{"start":{"line":698,"column":26},"end":{"line":705,"column":null}},"225":{"start":{"line":707,"column":2},"end":{"line":709,"column":null}},"226":{"start":{"line":708,"column":4},"end":{"line":708,"column":null}},"227":{"start":{"line":711,"column":2},"end":{"line":711,"column":null}},"228":{"start":{"line":721,"column":19},"end":{"line":721,"column":null}},"229":{"start":{"line":723,"column":26},"end":{"line":728,"column":null}},"230":{"start":{"line":730,"column":2},"end":{"line":732,"column":null}},"231":{"start":{"line":731,"column":4},"end":{"line":731,"column":null}},"232":{"start":{"line":734,"column":2},"end":{"line":734,"column":null}},"233":{"start":{"line":745,"column":19},"end":{"line":745,"column":null}},"234":{"start":{"line":747,"column":26},"end":{"line":753,"column":null}},"235":{"start":{"line":755,"column":2},"end":{"line":758,"column":null}},"236":{"start":{"line":756,"column":4},"end":{"line":756,"column":null}},"237":{"start":{"line":756,"column":35},"end":{"line":756,"column":null}},"238":{"start":{"line":757,"column":4},"end":{"line":757,"column":null}},"239":{"start":{"line":760,"column":2},"end":{"line":760,"column":null}},"240":{"start":{"line":772,"column":19},"end":{"line":772,"column":null}},"241":{"start":{"line":774,"column":26},"end":{"line":784,"column":null}},"242":{"start":{"line":786,"column":2},"end":{"line":791,"column":null}},"243":{"start":{"line":787,"column":4},"end":{"line":789,"column":null}},"244":{"start":{"line":788,"column":6},"end":{"line":788,"column":null}},"245":{"start":{"line":790,"column":4},"end":{"line":790,"column":null}},"246":{"start":{"line":793,"column":2},"end":{"line":793,"column":null}},"247":{"start":{"line":804,"column":19},"end":{"line":804,"column":null}},"248":{"start":{"line":806,"column":27},"end":{"line":811,"column":null}},"249":{"start":{"line":813,"column":2},"end":{"line":815,"column":null}},"250":{"start":{"line":814,"column":4},"end":{"line":814,"column":null}},"251":{"start":{"line":817,"column":2},"end":{"line":819,"column":null}},"252":{"start":{"line":818,"column":4},"end":{"line":818,"column":null}},"253":{"start":{"line":827,"column":19},"end":{"line":827,"column":null}},"254":{"start":{"line":829,"column":26},"end":{"line":833,"column":null}},"255":{"start":{"line":835,"column":2},"end":{"line":837,"column":null}},"256":{"start":{"line":836,"column":4},"end":{"line":836,"column":null}},"257":{"start":{"line":840,"column":2},"end":{"line":852,"column":null}},"258":{"start":{"line":841,"column":18},"end":{"line":841,"column":null}},"259":{"start":{"line":842,"column":10},"end":{"line":842,"column":null}},"260":{"start":{"line":843,"column":4},"end":{"line":843,"column":null}},"261":{"start":{"line":846,"column":80},"end":{"line":846,"column":null}},"262":{"start":{"line":847,"column":4},"end":{"line":847,"column":null}},"263":{"start":{"line":847,"column":24},"end":{"line":847,"column":null}},"264":{"start":{"line":848,"column":4},"end":{"line":848,"column":null}},"265":{"start":{"line":848,"column":25},"end":{"line":848,"column":null}},"266":{"start":{"line":849,"column":4},"end":{"line":849,"column":null}},"267":{"start":{"line":849,"column":25},"end":{"line":849,"column":null}},"268":{"start":{"line":850,"column":4},"end":{"line":850,"column":null}},"269":{"start":{"line":850,"column":25},"end":{"line":850,"column":null}},"270":{"start":{"line":851,"column":4},"end":{"line":851,"column":null}},"271":{"start":{"line":854,"column":2},"end":{"line":854,"column":null}},"272":{"start":{"line":861,"column":19},"end":{"line":861,"column":null}},"273":{"start":{"line":863,"column":26},"end":{"line":868,"column":null}},"274":{"start":{"line":870,"column":2},"end":{"line":872,"column":null}},"275":{"start":{"line":871,"column":4},"end":{"line":871,"column":null}},"276":{"start":{"line":874,"column":2},"end":{"line":874,"column":null}},"277":{"start":{"line":882,"column":19},"end":{"line":882,"column":null}},"278":{"start":{"line":884,"column":26},"end":{"line":890,"column":null}},"279":{"start":{"line":892,"column":2},"end":{"line":894,"column":null}},"280":{"start":{"line":893,"column":4},"end":{"line":893,"column":null}},"281":{"start":{"line":896,"column":2},"end":{"line":896,"column":null}},"282":{"start":{"line":900,"column":19},"end":{"line":900,"column":null}},"283":{"start":{"line":902,"column":26},"end":{"line":907,"column":null}},"284":{"start":{"line":909,"column":2},"end":{"line":911,"column":null}},"285":{"start":{"line":910,"column":4},"end":{"line":910,"column":null}},"286":{"start":{"line":913,"column":2},"end":{"line":913,"column":null}},"287":{"start":{"line":917,"column":19},"end":{"line":917,"column":null}},"288":{"start":{"line":919,"column":26},"end":{"line":927,"column":null}},"289":{"start":{"line":929,"column":2},"end":{"line":935,"column":null}},"290":{"start":{"line":931,"column":4},"end":{"line":933,"column":null}},"291":{"start":{"line":932,"column":6},"end":{"line":932,"column":null}},"292":{"start":{"line":934,"column":4},"end":{"line":934,"column":null}},"293":{"start":{"line":937,"column":2},"end":{"line":937,"column":null}},"294":{"start":{"line":941,"column":16},"end":{"line":941,"column":null}},"295":{"start":{"line":942,"column":2},"end":{"line":942,"column":null}},"296":{"start":{"line":946,"column":19},"end":{"line":946,"column":null}},"297":{"start":{"line":947,"column":16},"end":{"line":947,"column":null}},"298":{"start":{"line":948,"column":27},"end":{"line":948,"column":null}},"299":{"start":{"line":951,"column":2},"end":{"line":953,"column":null}},"300":{"start":{"line":952,"column":4},"end":{"line":952,"column":null}},"301":{"start":{"line":956,"column":2},"end":{"line":958,"column":null}},"302":{"start":{"line":957,"column":4},"end":{"line":957,"column":null}},"303":{"start":{"line":960,"column":23},"end":{"line":960,"column":null}},"304":{"start":{"line":962,"column":20},"end":{"line":965,"column":null}},"305":{"start":{"line":967,"column":2},"end":{"line":969,"column":null}},"306":{"start":{"line":968,"column":4},"end":{"line":968,"column":null}},"307":{"start":{"line":971,"column":2},"end":{"line":971,"column":null}},"308":{"start":{"line":975,"column":19},"end":{"line":975,"column":null}},"309":{"start":{"line":976,"column":16},"end":{"line":976,"column":null}},"310":{"start":{"line":977,"column":27},"end":{"line":977,"column":null}},"311":{"start":{"line":979,"column":23},"end":{"line":979,"column":null}},"312":{"start":{"line":979,"column":53},"end":{"line":979,"column":70}},"313":{"start":{"line":981,"column":20},"end":{"line":984,"column":null}},"314":{"start":{"line":986,"column":2},"end":{"line":988,"column":null}},"315":{"start":{"line":987,"column":4},"end":{"line":987,"column":null}},"316":{"start":{"line":990,"column":2},"end":{"line":990,"column":null}},"317":{"start":{"line":1001,"column":19},"end":{"line":1001,"column":null}},"318":{"start":{"line":1003,"column":14},"end":{"line":1006,"column":null}},"319":{"start":{"line":1008,"column":2},"end":{"line":1010,"column":null}},"320":{"start":{"line":1009,"column":4},"end":{"line":1009,"column":null}},"321":{"start":{"line":1012,"column":26},"end":{"line":1014,"column":null}},"322":{"start":{"line":1016,"column":2},"end":{"line":1018,"column":null}},"323":{"start":{"line":1017,"column":4},"end":{"line":1017,"column":null}},"324":{"start":{"line":1020,"column":2},"end":{"line":1020,"column":null}},"325":{"start":{"line":1028,"column":19},"end":{"line":1028,"column":null}},"326":{"start":{"line":1030,"column":26},"end":{"line":1034,"column":null}},"327":{"start":{"line":1036,"column":2},"end":{"line":1038,"column":null}},"328":{"start":{"line":1037,"column":4},"end":{"line":1037,"column":null}},"329":{"start":{"line":1041,"column":2},"end":{"line":1044,"column":null}},"330":{"start":{"line":1042,"column":4},"end":{"line":1042,"column":null}},"331":{"start":{"line":1043,"column":4},"end":{"line":1043,"column":null}},"332":{"start":{"line":1046,"column":2},"end":{"line":1046,"column":null}},"333":{"start":{"line":1053,"column":19},"end":{"line":1053,"column":null}},"334":{"start":{"line":1055,"column":26},"end":{"line":1060,"column":null}},"335":{"start":{"line":1062,"column":2},"end":{"line":1064,"column":null}},"336":{"start":{"line":1063,"column":4},"end":{"line":1063,"column":null}},"337":{"start":{"line":1066,"column":2},"end":{"line":1066,"column":null}},"338":{"start":{"line":1074,"column":19},"end":{"line":1074,"column":null}},"339":{"start":{"line":1076,"column":14},"end":{"line":1080,"column":null}},"340":{"start":{"line":1082,"column":2},"end":{"line":1084,"column":null}},"341":{"start":{"line":1083,"column":4},"end":{"line":1083,"column":null}},"342":{"start":{"line":1086,"column":26},"end":{"line":1088,"column":null}},"343":{"start":{"line":1090,"column":2},"end":{"line":1092,"column":null}},"344":{"start":{"line":1091,"column":4},"end":{"line":1091,"column":null}},"345":{"start":{"line":1094,"column":2},"end":{"line":1094,"column":null}},"346":{"start":{"line":1098,"column":19},"end":{"line":1098,"column":null}},"347":{"start":{"line":1100,"column":26},"end":{"line":1108,"column":null}},"348":{"start":{"line":1110,"column":2},"end":{"line":1113,"column":null}},"349":{"start":{"line":1111,"column":4},"end":{"line":1111,"column":null}},"350":{"start":{"line":1111,"column":35},"end":{"line":1111,"column":null}},"351":{"start":{"line":1112,"column":4},"end":{"line":1112,"column":null}},"352":{"start":{"line":1115,"column":2},"end":{"line":1115,"column":null}},"353":{"start":{"line":1125,"column":19},"end":{"line":1125,"column":null}},"354":{"start":{"line":1127,"column":26},"end":{"line":1131,"column":null}},"355":{"start":{"line":1133,"column":2},"end":{"line":1136,"column":null}},"356":{"start":{"line":1134,"column":4},"end":{"line":1134,"column":null}},"357":{"start":{"line":1134,"column":35},"end":{"line":1134,"column":null}},"358":{"start":{"line":1135,"column":4},"end":{"line":1135,"column":null}},"359":{"start":{"line":1138,"column":2},"end":{"line":1138,"column":null}},"360":{"start":{"line":1144,"column":14},"end":{"line":1144,"column":null}},"361":{"start":{"line":1146,"column":2},"end":{"line":1161,"column":null}},"362":{"start":{"line":1148,"column":10},"end":{"line":1148,"column":null}},"363":{"start":{"line":1150,"column":28},"end":{"line":1154,"column":null}},"364":{"start":{"line":1156,"column":4},"end":{"line":1158,"column":null}},"365":{"start":{"line":1157,"column":6},"end":{"line":1157,"column":null}},"366":{"start":{"line":1160,"column":4},"end":{"line":1160,"column":null}},"367":{"start":{"line":1163,"column":2},"end":{"line":1163,"column":null}},"368":{"start":{"line":1171,"column":8},"end":{"line":1171,"column":null}},"369":{"start":{"line":1174,"column":2},"end":{"line":1174,"column":null}},"370":{"start":{"line":1176,"column":26},"end":{"line":1181,"column":null}},"371":{"start":{"line":1183,"column":2},"end":{"line":1185,"column":null}},"372":{"start":{"line":1184,"column":4},"end":{"line":1184,"column":null}},"373":{"start":{"line":1187,"column":2},"end":{"line":1187,"column":null}},"374":{"start":{"line":1194,"column":16},"end":{"line":1194,"column":null}},"375":{"start":{"line":1196,"column":8},"end":{"line":1196,"column":null}},"376":{"start":{"line":1197,"column":22},"end":{"line":1197,"column":null}},"377":{"start":{"line":1198,"column":19},"end":{"line":1198,"column":null}},"378":{"start":{"line":1201,"column":18},"end":{"line":1201,"column":null}},"379":{"start":{"line":1202,"column":2},"end":{"line":1212,"column":null}},"380":{"start":{"line":1203,"column":22},"end":{"line":1203,"column":null}},"381":{"start":{"line":1204,"column":4},"end":{"line":1204,"column":null}},"382":{"start":{"line":1205,"column":25},"end":{"line":1205,"column":null}},"383":{"start":{"line":1207,"column":4},"end":{"line":1211,"column":null}},"384":{"start":{"line":1208,"column":6},"end":{"line":1208,"column":null}},"385":{"start":{"line":1209,"column":4},"end":{"line":1211,"column":null}},"386":{"start":{"line":1210,"column":6},"end":{"line":1210,"column":null}},"387":{"start":{"line":1215,"column":25},"end":{"line":1215,"column":null}},"388":{"start":{"line":1216,"column":2},"end":{"line":1221,"column":null}},"389":{"start":{"line":1217,"column":4},"end":{"line":1217,"column":null}},"390":{"start":{"line":1220,"column":4},"end":{"line":1220,"column":null}},"391":{"start":{"line":1223,"column":43},"end":{"line":1230,"column":null}},"392":{"start":{"line":1232,"column":19},"end":{"line":1232,"column":null}},"393":{"start":{"line":1233,"column":22},"end":{"line":1233,"column":null}},"394":{"start":{"line":1235,"column":2},"end":{"line":1241,"column":null}},"395":{"start":{"line":1236,"column":4},"end":{"line":1236,"column":null}},"396":{"start":{"line":1237,"column":4},"end":{"line":1237,"column":null}},"397":{"start":{"line":1238,"column":2},"end":{"line":1241,"column":null}},"398":{"start":{"line":1239,"column":4},"end":{"line":1239,"column":null}},"399":{"start":{"line":1240,"column":4},"end":{"line":1240,"column":null}},"400":{"start":{"line":1243,"column":2},"end":{"line":1243,"column":null}},"401":{"start":{"line":1247,"column":2},"end":{"line":1247,"column":null}},"402":{"start":{"line":1250,"column":78},"end":{"line":1250,"column":null}},"403":{"start":{"line":1251,"column":19},"end":{"line":1251,"column":null}},"404":{"start":{"line":1254,"column":2},"end":{"line":1254,"column":null}},"405":{"start":{"line":1254,"column":22},"end":{"line":1254,"column":null}},"406":{"start":{"line":1255,"column":2},"end":{"line":1255,"column":null}},"407":{"start":{"line":1255,"column":22},"end":{"line":1255,"column":null}},"408":{"start":{"line":1256,"column":2},"end":{"line":1256,"column":null}},"409":{"start":{"line":1256,"column":23},"end":{"line":1256,"column":null}},"410":{"start":{"line":1257,"column":2},"end":{"line":1257,"column":null}},"411":{"start":{"line":1257,"column":23},"end":{"line":1257,"column":null}},"412":{"start":{"line":1258,"column":2},"end":{"line":1258,"column":null}},"413":{"start":{"line":1258,"column":23},"end":{"line":1258,"column":null}},"414":{"start":{"line":1259,"column":2},"end":{"line":1259,"column":null}},"415":{"start":{"line":1259,"column":24},"end":{"line":1259,"column":null}},"416":{"start":{"line":1260,"column":2},"end":{"line":1260,"column":null}},"417":{"start":{"line":1260,"column":24},"end":{"line":1260,"column":null}},"418":{"start":{"line":1261,"column":2},"end":{"line":1261,"column":null}},"419":{"start":{"line":1261,"column":24},"end":{"line":1261,"column":null}},"420":{"start":{"line":1262,"column":2},"end":{"line":1262,"column":null}},"421":{"start":{"line":1262,"column":25},"end":{"line":1262,"column":null}},"422":{"start":{"line":1265,"column":2},"end":{"line":1273,"column":null}},"423":{"start":{"line":1266,"column":4},"end":{"line":1266,"column":null}},"424":{"start":{"line":1266,"column":26},"end":{"line":1266,"column":null}},"425":{"start":{"line":1267,"column":4},"end":{"line":1267,"column":null}},"426":{"start":{"line":1267,"column":26},"end":{"line":1267,"column":null}},"427":{"start":{"line":1268,"column":4},"end":{"line":1268,"column":null}},"428":{"start":{"line":1268,"column":26},"end":{"line":1268,"column":null}},"429":{"start":{"line":1269,"column":4},"end":{"line":1269,"column":null}},"430":{"start":{"line":1269,"column":27},"end":{"line":1269,"column":null}},"431":{"start":{"line":1270,"column":4},"end":{"line":1270,"column":null}},"432":{"start":{"line":1270,"column":27},"end":{"line":1270,"column":null}},"433":{"start":{"line":1271,"column":4},"end":{"line":1271,"column":null}},"434":{"start":{"line":1271,"column":27},"end":{"line":1271,"column":null}},"435":{"start":{"line":1272,"column":4},"end":{"line":1272,"column":null}},"436":{"start":{"line":1272,"column":28},"end":{"line":1272,"column":null}},"437":{"start":{"line":1276,"column":2},"end":{"line":1282,"column":null}},"438":{"start":{"line":1277,"column":4},"end":{"line":1277,"column":null}},"439":{"start":{"line":1277,"column":29},"end":{"line":1277,"column":null}},"440":{"start":{"line":1278,"column":4},"end":{"line":1278,"column":null}},"441":{"start":{"line":1278,"column":29},"end":{"line":1278,"column":null}},"442":{"start":{"line":1279,"column":4},"end":{"line":1279,"column":null}},"443":{"start":{"line":1279,"column":29},"end":{"line":1279,"column":null}},"444":{"start":{"line":1280,"column":4},"end":{"line":1280,"column":null}},"445":{"start":{"line":1280,"column":30},"end":{"line":1280,"column":null}},"446":{"start":{"line":1281,"column":4},"end":{"line":1281,"column":null}},"447":{"start":{"line":1281,"column":30},"end":{"line":1281,"column":null}},"448":{"start":{"line":1285,"column":2},"end":{"line":1285,"column":null}},"449":{"start":{"li
[...]
,"line":270},"22":{"loc":{"start":{"line":281,"column":4},"end":{"line":283,"column":null}},"type":"if","locations":[{"start":{"line":281,"column":4},"end":{"line":283,"column":null}},{"start":{},"end":{}}],"line":281},"23":{"loc":{"start":{"line":295,"column":6},"end":{"line":297,"column":null}},"type":"if","locations":[{"start":{"line":295,"column":6},"end":{"line":297,"column":null}},{"start":{},"end":{}}],"line":295},"24":{"loc":{"start":{"line":305,"column":10},"end":{"line":305,"column":null}},"type":"cond-expr","locations":[{"start":{"line":305,"column":28},"end":{"line":305,"column":39}},{"start":{"line":305,"column":39},"end":{"line":305,"column":null}}],"line":305},"25":{"loc":{"start":{"line":315,"column":15},"end":{"line":315,"column":null}},"type":"cond-expr","locations":[{"start":{"line":315,"column":40},"end":{"line":315,"column":56}},{"start":{"line":315,"column":56},"end":{"line":315,"column":null}}],"line":315},"26":{"loc":{"start":{"line":323,"column":4},"end":{"line":323,"column":null}},"type":"if","locations":[{"start":{"line":323,"column":4},"end":{"line":323,"column":null}},{"start":{},"end":{}}],"line":323},"27":{"loc":{"start":{"line":326,"column":4},"end":{"line":358,"column":null}},"type":"if","locations":[{"start":{"line":326,"column":4},"end":{"line":358,"column":null}},{"start":{},"end":{}}],"line":326},"28":{"loc":{"start":{"line":337,"column":8},"end":{"line":340,"column":null}},"type":"if","locations":[{"start":{"line":337,"column":8},"end":{"line":340,"column":null}},{"start":{},"end":{}}],"line":337},"29":{"loc":{"start":{"line":337,"column":12},"end":{"line":337,"column":56}},"type":"binary-expr","locations":[{"start":{"line":337,"column":12},"end":{"line":337,"column":23}},{"start":{"line":337,"column":23},"end":{"line":337,"column":56}}],"line":337},"30":{"loc":{"start":{"line":342,"column":8},"end":{"line":348,"column":null}},"type":"if","locations":[{"start":{"line":342,"column":8},"end":{"line":348,"column":null}},{"start":{},"end":{}}],"line":342},"31":{"loc":{"start":{"line":351,"column":6},"end":{"line":357,"column":null}},"type":"if","locations":[{"start":{"line":351,"column":6},"end":{"line":357,"column":null}},{"start":{},"end":{}}],"line":351},"32":{"loc":{"start":{"line":367,"column":6},"end":{"line":369,"column":null}},"type":"if","locations":[{"start":{"line":367,"column":6},"end":{"line":369,"column":null}},{"start":{},"end":{}}],"line":367},"33":{"loc":{"start":{"line":376,"column":10},"end":{"line":376,"column":null}},"type":"cond-expr","locations":[{"start":{"line":376,"column":32},"end":{"line":376,"column":42}},{"start":{"line":376,"column":42},"end":{"line":376,"column":null}}],"line":376},"34":{"loc":{"start":{"line":382,"column":15},"end":{"line":382,"column":null}},"type":"cond-expr","locations":[{"start":{"line":382,"column":40},"end":{"line":382,"column":56}},{"start":{"line":382,"column":56},"end":{"line":382,"column":null}}],"line":382},"35":{"loc":{"start":{"line":389,"column":4},"end":{"line":389,"column":null}},"type":"if","locations":[{"start":{"line":389,"column":4},"end":{"line":389,"column":null}},{"start":{},"end":{}}],"line":389},"36":{"loc":{"start":{"line":398,"column":6},"end":{"line":400,"column":null}},"type":"if","locations":[{"start":{"line":398,"column":6},"end":{"line":400,"column":null}},{"start":{},"end":{}}],"line":398},"37":{"loc":{"start":{"line":411,"column":15},"end":{"line":411,"column":null}},"type":"cond-expr","locations":[{"start":{"line":411,"column":40},"end":{"line":411,"column":56}},{"start":{"line":411,"column":56},"end":{"line":411,"column":null}}],"line":411},"38":{"loc":{"start":{"line":423,"column":4},"end":{"line":423,"column":null}},"type":"if","locations":[{"start":{"line":423,"column":4},"end":{"line":423,"column":null}},{"start":{},"end":{}}],"line":423},"39":{"loc":{"start":{"line":432,"column":6},"end":{"line":435,"column":null}},"type":"if","locations":[{"start":{"line":432,"column":6},"end":{"line":435,"column":null}},{"start":{},"end":{}}],"line":432},"40":{"loc":{"start":{"line":434,"column":24},"end":{"line":434,"column":73}},"type":"binary-expr","locations":[{"start":{"line":434,"column":24},"end":{"line":434,"column":43}},{"start":{"line":434,"column":43},"end":{"line":434,"column":73}}],"line":434},"41":{"loc":{"start":{"line":445,"column":20},"end":{"line":445,"column":null}},"type":"binary-expr","locations":[{"start":{"line":445,"column":20},"end":{"line":445,"column":34}},{"start":{"line":445,"column":34},"end":{"line":445,"column":null}}],"line":445},"42":{"loc":{"start":{"line":456,"column":15},"end":{"line":456,"column":null}},"type":"cond-expr","locations":[{"start":{"line":456,"column":40},"end":{"line":456,"column":56}},{"start":{"line":456,"column":56},"end":{"line":456,"column":null}}],"line":456},"43":{"loc":{"start":{"line":471,"column":6},"end":{"line":474,"column":null}},"type":"if","locations":[{"start":{"line":471,"column":6},"end":{"line":474,"column":null}},{"start":{},"end":{}}],"line":471},"44":{"loc":{"start":{"line":473,"column":24},"end":{"line":473,"column":73}},"type":"binary-expr","locations":[{"start":{"line":473,"column":24},"end":{"line":473,"column":43}},{"start":{"line":473,"column":43},"end":{"line":473,"column":73}}],"line":473},"45":{"loc":{"start":{"line":484,"column":20},"end":{"line":484,"column":null}},"type":"binary-expr","locations":[{"start":{"line":484,"column":20},"end":{"line":484,"column":34}},{"start":{"line":484,"column":34},"end":{"line":484,"column":null}}],"line":484},"46":{"loc":{"start":{"line":495,"column":15},"end":{"line":495,"column":null}},"type":"cond-expr","locations":[{"start":{"line":495,"column":40},"end":{"line":495,"column":56}},{"start":{"line":495,"column":56},"end":{"line":495,"column":null}}],"line":495},"47":{"loc":{"start":{"line":532,"column":26},"end":{"line":534,"column":null}},"type":"cond-expr","locations":[{"start":{"line":533,"column":6},"end":{"line":533,"column":null}},{"start":{"line":534,"column":6},"end":{"line":534,"column":null}}],"line":532},"48":{"loc":{"start":{"line":537,"column":20},"end":{"line":539,"column":null}},"type":"cond-expr","locations":[{"start":{"line":537,"column":20},"end":{"line":538,"column":null}},{"start":{"line":539,"column":6},"end":{"line":539,"column":null}}],"line":537},"49":{"loc":{"start":{"line":541,"column":28},"end":{"line":543,"column":null}},"type":"cond-expr","locations":[{"start":{"line":542,"column":6},"end":{"line":542,"column":null}},{"start":{"line":543,"column":6},"end":{"line":543,"column":null}}],"line":541},"50":{"loc":{"start":{"line":547,"column":32},"end":{"line":549,"column":null}},"type":"cond-expr","locations":[{"start":{"line":548,"column":6},"end":{"line":548,"column":null}},{"start":{"line":549,"column":6},"end":{"line":549,"column":null}}],"line":547},"51":{"loc":{"start":{"line":560,"column":4},"end":{"line":562,"column":null}},"type":"if","locations":[{"start":{"line":560,"column":4},"end":{"line":562,"column":null}},{"start":{},"end":{}}],"line":560},"52":{"loc":{"start":{"line":568,"column":12},"end":{"line":568,"column":null}},"type":"binary-expr","locations":[{"start":{"line":568,"column":12},"end":{"line":568,"column":29}},{"start":{"line":568,"column":29},"end":{"line":568,"column":null}}],"line":568},"53":{"loc":{"start":{"line":569,"column":16},"end":{"line":569,"column":null}},"type":"cond-expr","locations":[{"start":{"line":569,"column":32},"end":{"line":569,"column":88}},{"start":{"line":569,"column":88},"end":{"line":569,"column":null}}],"line":569}},"s":{"0":1,"1":23,"2":23,"3":23,"4":23,"5":23,"6":23,"7":9,"8":9,"9":9,"10":6,"11":6,"12":6,"13":6,"14":4,"15":1,"16":1,"17":3,"18":1,"19":1,"20":23,"21":8,"22":23,"23":11,"24":2,"25":0,"26":0,"27":11,"28":11,"29":3,"30":23,"31":11,"32":23,"33":8,"34":23,"35":8,"36":2,"37":1,"38":1,"39":8,"40":8,"41":8,"42":23,"43":9,"44":9,"45":9,"46":9,"47":9,"48":1,"49":1,"50":8,"51":8,"52":0,"53":0,"54":23,"55":1,"56":1,"57":1,"58":1,"59":1,"60":0,"61":0,"62":0,"63":1,"64":1,"65":1,"66":1,"67":1,"68":0,"69":0,"70":0,"71":23,"72":1,"73":0,"74":1,"75":1,"76":1,"77":1,"78":1,"79":1,"80":1,"81":1,"82":1,"83":0,"84":1,"85":1,"86":1,"87":1,"88":1,"89":1,"90":0,"91":0,"92":23,"93":0,"94":0,"95":0,"96":0,"97":0,"98":0,"99":0,"100":0,"101":0,"102":0,"103":0,"104":0,"105":0,"106":0,"107":0,"108":0,"109":0,"110":0,"111":0,"112":0,"113":23,"114":0,"115":0,"116":0,"117":0,"118":0,"119":0,"120":0,"121":0,"122":0,"123":0,"124":0,"125":0,"126":0,"127":0,"128":0,"129":0,"130":0,"131":0,"132":0,"133":0,"134":0,"135":0,"136":0,"137":0,"138":0,"139":0,"140":0,"141":0,"142":0,"143":0,"144":0,"145":0,"146":0,"147":0,"148":0,"149":0,"150":0,"151":23,"152":0,"153":0,"154":0,"155":0,"156":0,"157":0,"158":0,"159":0,"160":0,"161":0,"162":0,"163":23,"164":0,"165":23,"166":0,"167":0,"168":0,"169":0,"170":0,"171":0,"172":0,"173":0,"174":0,"175":0,"176":0,"177":0,"178":0,"179":0,"180":0,"181":0,"182":0,"183":0,"184":23,"185":0,"186":0,"187":0,"188":0,"189":0,"190":0,"191":0,"192":0,"193":0,"194":0,"195":0,"196":0,"197":0,"198":0,"199":0,"200":0,"201":23,"202":1,"203":1,"204":23,"205":23,"206":23,"207":23,"208":23,"209":23,"210":23,"211":23,"212":23,"213":23,"214":23,"215":23,"216":2,"217":0,"218":23,"219":23,"220":4,"221":4,"222":4,"223":4,"224":4},"f":{"0":23,"1":9,"2":8,"3":11,"4":0,"5":0,"6":11,"7":11,"8":8,"9":8,"10":2,"11":8,"12":9,"13":8,"14":0,"15":1,"16":1,"17":0,"18":0,"19":1,"20":1,"21":0,"22":0,"23":0,"24":0,"25":0,"26":0,"27":0,"28":0,"29":0,"30":0,"31":0,"32":0,"33":0,"34":0,"35":0,"36":0,"37":0,"38":0,"39":0,"40":0,"41":0,"42":0,"43":0,"44":0,"45":0,"46":0,"47":0,"48":1,"49":23,"50":4},"b":{"0":[6,3],"1":[4,1],"2":[2,9],"3":[3,8],"4":[1,1],"5":[9,0],"6":[1,8],"7":[1,0],"8":[0,1],"9":[0,0],"10":[0,0],"11":[0,1],"12":[0,1],"13":[0,0],"14":[0,0],"15":[0,0],"16":[0,0],"17":[0,0],"18":[0,0],"19":[0,0],"20":[0,0],"21":[0,0],"22":[0,0],"23":[0,0],"24":[0,0],"25":[0,0],"26":[0,0],"27":[0,0],"28":[0,0],"29":[0,0],"30":[0,0],"31":[0,0],"32":[0,0],"33":[0,0],"34":[0,0],"35":[0,0],"36":[0,0],"37":[0,0],"38":[0,0],"39":[0,0],"40":[0,0],"41":[0,0],"42":[0,0],"43":[0,0],"44":[0,0],"45":[0,0],"46":[0,0],"47":[2,21],"48":[2,21],"49":[1,22],"50":[1,22],"51":[0,2],"52":[23,22],"53":[1,22]},"meta":{"lastBranch":54,"lastFunction":51,"lastStatement":225,"seen":{"s:50:34:50:Infinity":0,"f:52:16:52:27":0,"s:53:24:59:Infinity":1,"s:61:38:61:Infinity":2,"s:63:8:63:Infinity":3,"s:64:8:64:Infinity":4,"s:65:22:65:Infinity":5,"s:68:8:89:Infinity":6,"f:68:50:68:56":1,"s:69:4:88:Infinity":7,"s:70:21:70:Infinity":8,"b:71:6:84:Infinity:82:13:84:Infinity":0,"s:71:6:84:Infinity":9,"s:72:23:72:Infinity":10,"s:74:24:74:Infinity":11,"s:75:24:75:Infinity":12,"b:76:8:81:Infinity:78:15:81:Infinity":1,"s:76:8:81:Infinity":13,"s:77:10:77:Infinity":14,"s:79:10:79:Infinity":15,"s:80:10:80:Infinity":16,"s:83:8:83:Infinity":17,"s:86:6:86:Infinity":18,"s:87:6:87:Infinity":19,"s:92:2:94:Infinity":20,"f:92:12:92:18":2,"s:93:4:93:Infinity":21,"s:97:2:108:Infinity":22,"f:97:12:97:18":3,"b:98:4:102:Infinity:undefined:undefined:undefined:undefined":2,"s:98:4:102:Infinity":23,"s:99:6:101:Infinity":24,"f:99:37:99:43":4,"s:100:8:100:Infinity":25,"f:100:20:100:21":5,"s:100:27:100:32":26,"s:103:4:107:Infinity":27,"f:103:11:103:17":6,"b:104:6:106:Infinity:undefined:undefined:undefined:undefined":3,"s:104:6:106:Infinity":28,"s:105:8:105:Infinity":29,"s:111:2:113:Infinity":30,"f:111:12:111:18":7,"s:112:4:112:Infinity":31,"s:116:2:118:Infinity":32,"f:116:12:116:18":8,"s:117:4:117:Infinity":33,"s:122:2:133:Infinity":34,"f:122:12:122:18":9,"s:123:27:129:Infinity":35,"f:123:27:123:28":10,"b:124:6:128:Infinity:undefined:undefined:undefined:undefined":4,"s:124:6:128:Infinity":36,"s:126:8:126:Infinity":37,"s:127:8:127:Infinity":38,"s:131:4:131:Infinity":39,"s:132:4:132:Infinity":40,"f:132:11:132:17":11,"s:132:17:132:Infinity":41,"s:135:28:155:Infinity":42,"f:135:28:135:40":12,"s:136:4:154:Infinity":43,"s:137:23:137:Infinity":44,"b:138:6:150:Infinity:undefined:undefined:undefined:undefined":5,"s:138:6:150:Infinity":45,"s:139:21:139:Infinity":46,"b:140:8:149:Infinity:undefined:undefined:undefined:undefined":6,"s:140:8:149:Infinity":47,"s:141:10:147:Infinity":48,"b:143:24:143:43:143:43:143:Infinity":7,"s:148:10:148:Infinity":49,"s:151:6:151:Infinity":50,"f:151:15:151:16":13,"s:151:26:151:56":51,"s:153:6:153:Infinity":52,"f:153:15:153:16":14,"s:153:26:153:89":53,"s:157:8:202:Infinity":54,"f:157:35:157:42":15,"s:158:4:158:Infinity":55,"f:158:13:158:14":16,"s:158:24:158:66":56,"s:160:4:201:Infinity":57,"s:161:23:173:Infinity":58,"b:175:6:178:Infinity:undefined:undefined:undefined:undefined":8,"s:175:6:178:Infinity":59,"s:176:26:176:Infinity":60,"f:176:54:176:61":17,"s:176:61:176:64":61,"s:177:8:177:Infinity":62,"b:177:24:177:43:177:43:177:68":9,"s:180:22:180:Infinity":63,"s:183:6:183:Infinity":64,"s:184:6:184:Infinity":65,"s:186:6:192:Infinity":66,"s:193:6:193:Infinity":67,"s:195:6:199:Infinity":68,"f:195:15:195:16":18,"s:195:26:199:8":69,"b:198:40:198:56:198:56:198:Infinity":10,"s:200:6:200:Infinity":70,"s:204:8:252:Infinity":71,"f:204:33:204:45":19,"b:205:4:205:Infinity:undefined:undefined:undefined:undefined":11,"s:205:4:205:Infinity":72,"s:205:24:205:Infinity":73,"s:208:22:208:Infinity":74,"s:209:26:209:Infinity":75,"s:210:22:210:Infinity":76,"s:211:21:211:Infinity":77,"s:213:4:213:Infinity":78,"f:213:13:213:14":20,"s:213:24:213:53":79,"s:215:4:251:Infinity":80,"s:216:23:218:Infinity":81,"b:220:6:222:Infinity:undefined:undefined:undefined:undefined":12,"s:220:6:222:Infinity":82,"s:221:8:221:Infinity":83,"s:224:31:224:Infinity":84,"s:227:42:232:Infinity":85,"s:233:6:233:Infinity":86,"s:234:6:234:Infinity":87,"s:236:6:242:Infinity":88,"s:244:6:244:Infinity":89,"s:246:6:250:Infinity":90,"f:246:15:246:16":21,"s:246:26:250:8":91,"b:249:40:249:56:249:56:249:Infinity":13,"s:254:8:318:Infinity":92,"f:254:34:254:41":22,"b:255:4:255:Infinity:undefined:undefined:undefined:undefined":14,"s:255:4:255:Infinity":93,"s:255:24:255:Infinity":94,"s:258:19:258:Infinity":95,"s:259:44:273:Infinity":96,"b:264:15:264:32:264:32:264:Infinity":15,"b:265:16:265:34:265:34:265:Infinity":16,"b:266:12:266:26:266:26:266:Infinity":17,"b:267:12:267:26:267:26:267:Infinity":18,"b:268:16:268:34:268:34:268:Infinity":19,"b:269:17:269:36:269:36:269:Infinity":20,"b:270:12:270:26:270:26:270:Infinity":21,"s:275:4:278:Infinity":97,"f:275:13:275:14":23,"s:275:24:278:6":98,"b:281:4:283:Infinity:undefined:undefined:undefined:undefined":22,"s:281:4:283:Infinity":99,"s:282:6:282:Infinity":100,"s:285:4:317:Infinity":101,"s:286:23:293:Infinity":102,"b:295:6:297:Infinity:undefined:undefined:undefined:undefined":23,"s:295:6:297:Infinity":103,"s:296:8:296:Infinity":104,"s:299:23:299:Infinity":105,"s:302:6:307:Infinity":106,"f:302:15:302:16":24,"s:302:26:307:8":107,"f:304:40:304:41":25,"s:305:10:305:Infinity":108,"b:305:28:305:39:305:39:305:Infinity":24,"s:309:6:309:Infinity":109,"s:312:6:316:Infinity":110,"f:312:15:312:16":26,"s:312:26:316:8":111,"f:314:43:314:44":27,"s:314:50:314:65":112,"b:315:40:315:56:315:56:315:Infinity":25,"s:320:8:386:Infinity":113,"f:320:41:320:48":28,"s:321:21:321:Infinity":114,"s:322:23:322:Infinity":115,"b:323:4:323:Infinity:undefined:undefined:undefined:undefined":26,"s:323:4:323:Infinity":116,"s:323:23:323:Infinity":117,"b:326:4:358:Infinity:undefined:undefined:undefined:undefined":27,"s:326:4:358:Infinity":118,"s:327:21:327:Infinity":119,"s:328:24:328:Infinity":120,"s:329:25:329:Infinity":121,"s:330:19:330:Infinity":122,"s:332:6:349:Infinity":123,"s:333:8:333:Infinity":124,"f:333:26:333:31":29,"s:333:31:333:56":125,"s:334:8:334:Infinity":126,"s:335:8:335:Infinity":127,"s:336:24:336:Infinity":128,"b:337:8:340:Infinity:undefined:undefined:undefined:undefined":28,"s:337:8:340:Infinity":129,"b:337:12:337:23:337:23:337:56":29,"s:338:10:338:Infinity":130,"s:339:10:339:Infinity":131,"b:342:8:348:Infinity:undefined:undefined:undefined:undefined":30,"s:342:8:348:Infinity":132,"f:342:29:342:34":30,"s:342:34:342:49":133,"s:343:10:346:Infinity":134,"f:343:19:343:28":31,"s:343:28:346:12":135,"s:347:10:347:Infinity":136,"b:351:6:357:Infinity:undefined:undefined:undefined:undefined":31,"s:351:6:357:Infinity":137,"s:352:8:355:Infinity":138,"f:352:17:352:26":32,"s:352:26:355:10":139,"s:356:8:356:Infinity":140,"s:360:4:384:Infinity":141,"s:361:23:365:Infinity":142,"b:367:6:369:Infinity:undefined:undefined:undefined:undefined":32,"s:367:6:369:Infinity":143,"s:368:8:368:Infinity":144,"s:371:22:371:Infinity":145,"s:373:6:378:Infinity":146,"f:373:15:373:16":33,"s:373:26:378:8":147,"f:375:40:375:41":34,"s:376:10:376:Infinity":148,"b:376:32:376:42:376:42:376:Infinity":33,"s:380:6:383:Infinity":149,"f:380:15:380:16":35,"s:380:26:383:8":150,"b:382:40:382:56:382:56:382:Infinity":34,"s:388:8:414:Infinity":151,"f:388:30:388:37":36,"b:389:4:389:Infinity:undefined:undefined:undefined:undefined":35,"s:389:4:389:Infinity":152,"s:389:24:389:Infinity":153,"s:391:4:413:Infinity":154,"s:392:23:396:Infinity":155,"b:398:6:400:Infinity:undefined:undefined:undefined:undefined":36,"s:398:6:400:Infinity":156,"s:399:8:399:Infinity":157,"s:402:22:402:Infinity":158,"s:404:6:407:Infinity":159,"f:404:15:404:16":37,"s:404:26:407:8":160,"s:409:6:412:Infinity":161,"f:409:15:409:16":38,"s:409:26:412:8":162,"b:411:40:411:56:411:56:411:Infinity":37,"s:417:8:419:Infinity":163,"f:417:40:417:52":39,"s:418:4:418:Infinity":164,"s:422:8:460:Infinity":165,"f:422:40:422:70":40,"b:423:4:423:Infinity:undefined:undefined:undefined:undefined":38,"s:423:4:423:Infinity":166,"s:423:23:423:Infinity":167,"s:425:4:425:Infinity":168,"f:425:13:425:14":41,"s:425:24:425:66":169,"s:427:4:459:Infinity":170,"s:428:23:430:Infinity":171,"b:432:6:435:Infinity:undefined:undefined:undefined:undefined":39,"s:432:6:435:Infinity":172,"s:433:26:433:Infinity":173,"f:433:54:433:61":42,"s:433:61:433:64":174,"s:434:8:434:Infinity":175,"b:434:24:434:43:434:43:434:73":40,"s:437:38:437:Infinity":176,"s:440:6:440:Infinity":177,"s:441:6:441:Infinity":178,"s:443:6:449:Infinity":179,"b:445:20:445:34:445:34:445:Infinity":41,"s:451:6:451:Infinity":180,"s:453:6:457:Infinity":181,"f:453:15:453:16":43,"s:453:26:457:8":182,"b:456:40:456:56:456:56:456:Infinity":42,"s:458:6:458:Infinity":183,"s:463:8:499:Infinity":184,"f:463:44:463:51":44,"s:464:4:464:Infinity":185,"f:464:13:464:14":45,"s:464:24:464:66":186,"s:466:4:498:Infinity":187,"s:467:23:469:Infinity":188,"b:471:6:474:Infinity:undefined:undefined:undefined:undefined":43,"s:471:6:474:Infinity":189,"s:472:26:472:Infinity":190,"f:472:54:472:61":46,"s:472:61:472:64":191,"s:473:8:473:Infinity":192,"b:473:24:473:43:473:43:473:73":44,"s:476:38:476:Infinity":193,"s:479:6:479:Infinity":194,"s:480:6:480:Infinity":195,"s:482:6:488:Infinity":196,"b:484:20:484:34:484:34:484:Infinity":45,"s:490:6:490:Infinity":197,"s:492:6:496:Infinity":198,"f:492:15:492:16":47,"s:492:26:496:8":199,"b:495:40:495:56:495:56:495:Infinity":46,"s:497:6:497:Infinity":200,"s:502:8:505:Infinity":201,"f:502:40:502:46":48,"s:503:4:503:Infinity":202,"s:504:4:504:Infinity":203,"s:508:20:508:Infinity":204,"s:510:2:523:Infinity":205,"f:526:9:526:28":49,"s:527:34:527:Infinity":206,"s:529:26:529:Infinity":207,"s:532:26:534:Infinity":208,"b:533:6:533:Infinity:534:6:534:Infinity":47,"s:537:20:539:Infinity":209,"b:537:20:538:Infinity:539:6:539:Infinity":48,"s:540:23:540:Infinity":210,"s:541:28:543:Infinity":211,"b:542:6:542:Infinity:543:6:543:Infinity":49,"s:546:23:546:Infinity":212,"s:547:32:549:Infinity":213,"b:548:6:548:Infinity:549:6:549:Infinity":50,"s:552:60:558:Infinity":214,"s:559:2:563:Infinity":215,"b:560:4:562:Infinity:undefined:undefined:undefined:undefined":51,"s:560:4:562:Infinity":216,"s:561:6:561:Infinity":217,"s:566:23:570:Infinity":218,"b:568:12:568:29:568:29:568:Infinity":52,"b:569:32:569:88:569:88:569:Infinity":53,"s:572:2:580:Infinity":219,"f:583:9:583:24":50,"s:584:23:584:Infinity":220,"s:585:16:585:Infinity":221,"s:586:18:586:Infinity":222,"s:587:18:587:Infinity":223,"s:589:2:589:Infinity":224}}}
}
