{"/home/jonaswsl/projects/daygame-coach/src/articles/articlesService.ts": {"path":"/home/jonaswsl/projects/daygame-coach/src/articles/articlesService.ts","statementMap":{"0":{"start":{"line":25,"column":26},"end":{"line":29,"column":null}},"1":{"start":{"line":31,"column":6},"end":{"line":35,"column":null}},"2":{"start":{"line":41,"column":67},"end":{"line":50,"column":null}},"3":{"start":{"line":52,"column":30},"end":{"line":52,"column":null}},"4":{"start":{"line":63,"column":51},"end":{"line":70,"column":null}},"5":{"start":{"line":73,"column":23},"end":{"line":73,"column":null}},"6":{"start":{"line":75,"column":2},"end":{"line":81,"column":null}},"7":{"start":{"line":99,"column":45},"end":{"line":99,"column":null}},"8":{"start":{"line":101,"column":15},"end":{"line":101,"column":null}},"9":{"start":{"line":103,"column":2},"end":{"line":119,"column":null}},"10":{"start":{"line":104,"column":35},"end":{"line":104,"column":null}},"11":{"start":{"line":106,"column":4},"end":{"line":108,"column":null}},"12":{"start":{"line":107,"column":6},"end":{"line":107,"column":null}},"13":{"start":{"line":109,"column":4},"end":{"line":111,"column":null}},"14":{"start":{"line":110,"column":6},"end":{"line":110,"column":null}},"15":{"start":{"line":112,"column":4},"end":{"line":114,"column":null}},"16":{"start":{"line":113,"column":6},"end":{"line":113,"column":null}},"17":{"start":{"line":116,"column":4},"end":{"line":118,"column":null}},"18":{"start":{"line":117,"column":6},"end":{"line":117,"column":null}},"19":{"start":{"line":121,"column":2},"end":{"line":121,"column":null}},"20":{"start":{"line":131,"column":20},"end":{"line":131,"column":null}},"21":{"start":{"line":133,"column":17},"end":{"line":133,"column":null}},"22":{"start":{"line":134,"column":17},"end":{"line":134,"column":null}},"23":{"start":{"line":136,"column":8},"end":{"line":136,"column":null}},"24":{"start":{"line":138,"column":17},"end":{"line":145,"column":null}},"25":{"start":{"line":147,"column":20},"end":{"line":147,"column":null}},"26":{"start":{"line":149,"column":2},"end":{"line":155,"column":null}},"27":{"start":{"line":162,"column":6},"end":{"line":174,"column":null}},"28":{"start":{"line":180,"column":28},"end":{"line":180,"column":null}},"29":{"start":{"line":181,"column":2},"end":{"line":185,"column":null}},"30":{"start":{"line":182,"column":21},"end":{"line":182,"column":null}},"31":{"start":{"line":183,"column":4},"end":{"line":183,"column":null}},"32":{"start":{"line":184,"column":4},"end":{"line":184,"column":null}},"33":{"start":{"line":187,"column":2},"end":{"line":206,"column":null}},"34":{"start":{"line":189,"column":30},"end":{"line":189,"column":null}},"35":{"start":{"line":190,"column":19},"end":{"line":190,"column":null}},"36":{"start":{"line":192,"column":6},"end":{"line":202,"column":null}},"37":{"start":{"line":193,"column":8},"end":{"line":193,"column":null}},"38":{"start":{"line":194,"column":8},"end":{"line":199,"column":null}},"39":{"start":{"line":195,"column":28},"end":{"line":195,"column":null}},"40":{"start":{"line":196,"column":10},"end":{"line":196,"column":null}},"41":{"start":{"line":197,"column":10},"end":{"line":197,"column":null}},"42":{"start":{"line":197,"column":22},"end":{"line":197,"column":null}},"43":{"start":{"line":198,"column":10},"end":{"line":198,"column":null}},"44":{"start":{"line":201,"column":8},"end":{"line":201,"column":null}},"45":{"start":{"line":204,"column":6},"end":{"line":204,"column":null}},"46":{"start":{"line":210,"column":23},"end":{"line":212,"column":null}},"47":{"start":{"line":214,"column":2},"end":{"line":237,"column":null}},"48":{"start":{"line":245,"column":20},"end":{"line":245,"column":null}},"49":{"start":{"line":247,"column":17},"end":{"line":247,"column":null}},"50":{"start":{"line":248,"column":27},"end":{"line":248,"column":null}},"51":{"start":{"line":250,"column":17},"end":{"line":254,"column":null}},"52":{"start":{"line":258,"column":8},"end":{"line":258,"column":null}},"53":{"start":{"line":260,"column":17},"end":{"line":267,"column":null}},"54":{"start":{"line":269,"column":20},"end":{"line":269,"column":null}},"55":{"start":{"line":272,"column":24},"end":{"line":283,"column":null}},"56":{"start":{"line":280,"column":62},"end":{"line":280,"column":83}},"57":{"start":{"line":285,"column":2},"end":{"line":292,"column":null}}},"fnMap":{"0":{"name":"buildSystemPrompt","decl":{"start":{"line":72,"column":16},"end":{"line":72,"column":34}},"loc":{"start":{"line":72,"column":85},"end":{"line":96,"column":null}},"line":72},"1":{"name":"buildUserPrompt","decl":{"start":{"line":98,"column":16},"end":{"line":98,"column":32}},"loc":{"start":{"line":98,"column":78},"end":{"line":122,"column":null}},"line":98},"2":{"name":"generateAlternatives","decl":{"start":{"line":128,"column":22},"end":{"line":128,"column":null}},"loc":{"start":{"line":130,"column":41},"end":{"line":156,"column":null}},"line":130},"3":{"name":"formatFeedbackForPrompt","decl":{"start":{"line":176,"column":16},"end":{"line":176,"column":null}},"loc":{"start":{"line":179,"column":10},"end":{"line":207,"column":null}},"line":179},"4":{"name":"(anonymous_4)","decl":{"start":{"line":181,"column":19},"end":{"line":181,"column":20}},"loc":{"start":{"line":181,"column":26},"end":{"line":185,"column":3}},"line":181},"5":{"name":"(anonymous_5)","decl":{"start":{"line":188,"column":9},"end":{"line":188,"column":10}},"loc":{"start":{"line":188,"column":22},"end":{"line":205,"column":5}},"line":188},"6":{"name":"(anonymous_6)","decl":{"start":{"line":194,"column":32},"end":{"line":194,"column":33}},"loc":{"start":{"line":194,"column":39},"end":{"line":199,"column":9}},"line":194},"7":{"name":"buildRevisionSystemPrompt","decl":{"start":{"line":209,"column":16},"end":{"line":209,"column":42}},"loc":{"start":{"line":209,"column":71},"end":{"line":240,"column":null}},"line":209},"8":{"name":"generateRevisedDraft","decl":{"start":{"line":242,"column":22},"end":{"line":242,"column":null}},"loc":{"start":{"line":244,"column":41},"end":{"line":293,"column":null}},"line":244},"9":{"name":"(anonymous_9)","decl":{"start":{"line":280,"column":34},"end":{"line":280,"column":35}},"loc":{"start":{"line":280,"column":62},"end":{"line":280,"column":83}},"line":280}},"branchMap":{"0":{"loc":{"start":{"line":73,"column":23},"end":{"line":73,"column":null}},"type":"cond-expr","locations":[{"start":{"line":73,"column":32},"end":{"line":73,"column":63}},{"start":{"line":73,"column":63},"end":{"line":73,"column":null}}],"line":73},"1":{"loc":{"start":{"line":103,"column":2},"end":{"line":119,"column":null}},"type":"if","locations":[{"start":{"line":103,"column":2},"end":{"line":119,"column":null}},{"start":{},"end":{}}],"line":103},"2":{"loc":{"start":{"line":106,"column":4},"end":{"line":108,"column":null}},"type":"if","locations":[{"start":{"line":106,"column":4},"end":{"line":108,"column":null}},{"start":{},"end":{}}],"line":106},"3":{"loc":{"start":{"line":109,"column":4},"end":{"line":111,"column":null}},"type":"if","locations":[{"start":{"line":109,"column":4},"end":{"line":111,"column":null}},{"start":{},"end":{}}],"line":109},"4":{"loc":{"start":{"line":112,"column":4},"end":{"line":114,"column":null}},"type":"if","locations":[{"start":{"line":112,"column":4},"end":{"line":114,"column":null}},{"start":{},"end":{}}],"line":112},"5":{"loc":{"start":{"line":116,"column":4},"end":{"line":118,"column":null}},"type":"if","locations":[{"start":{"line":116,"column":4},"end":{"line":118,"column":null}},{"start":{},"end":{}}],"line":116},"6":{"loc":{"start":{"line":152,"column":13},"end":{"line":152,"column":null}},"type":"binary-expr","locations":[{"start":{"line":152,"column":13},"end":{"line":152,"column":37}},{"start":{"line":152,"column":37},"end":{"line":152,"column":null}}],"line":152},"7":{"loc":{"start":{"line":182,"column":21},"end":{"line":182,"column":null}},"type":"binary-expr","locations":[{"start":{"line":182,"column":21},"end":{"line":182,"column":59}},{"start":{"line":182,"column":59},"end":{"line":182,"column":null}}],"line":182},"8":{"loc":{"start":{"line":189,"column":30},"end":{"line":189,"column":null}},"type":"binary-expr","locations":[{"start":{"line":189,"column":30},"end":{"line":189,"column":67}},{"start":{"line":189,"column":67},"end":{"line":189,"column":null}}],"line":189},"9":{"loc":{"start":{"line":192,"column":6},"end":{"line":202,"column":null}},"type":"if","locations":[{"start":{"line":192,"column":6},"end":{"line":202,"column":null}},{"start":{"line":200,"column":13},"end":{"line":202,"column":null}}],"line":192},"10":{"loc":{"start":{"line":195,"column":28},"end":{"line":195,"column":null}},"type":"cond-expr","locations":[{"start":{"line":195,"column":38},"end":{"line":195,"column":110}},{"start":{"line":195,"column":110},"end":{"line":195,"column":null}}],"line":195},"11":{"loc":{"start":{"line":195,"column":71},"end":{"line":195,"column":104}},"type":"cond-expr","locations":[{"start":{"line":195,"column":94},"end":{"line":195,"column":102}},{"start":{"line":195,"column":102},"end":{"line":195,"column":104}}],"line":195},"12":{"loc":{"start":{"line":197,"column":10},"end":{"line":197,"column":null}},"type":"if","locations":[{"start":{"line":197,"column":10},"end":{"line":197,"column":null}},{"start":{},"end":{}}],"line":197},"13":{"loc":{"start":{"line":210,"column":23},"end":{"line":212,"column":null}},"type":"cond-expr","locations":[{"start":{"line":211,"column":6},"end":{"line":211,"column":null}},{"start":{"line":212,"column":6},"end":{"line":212,"column":null}}],"line":210},"14":{"loc":{"start":{"line":289,"column":13},"end":{"line":289,"column":null}},"type":"binary-expr","locations":[{"start":{"line":289,"column":13},"end":{"line":289,"column":37}},{"start":{"line":289,"column":37},"end":{"line":289,"column":null}}],"line":289}},"s":{"0":1,"1":1,"2":1,"3":1,"4":1,"5":10,"6":10,"7":8,"8":8,"9":8,"10":5,"11":5,"12":2,"13":5,"14":2,"15":5,"16":2,"17":5,"18":4,"19":8,"20":0,"21":0,"22":0,"23":0,"24":0,"25":0,"26":0,"27":1,"28":7,"29":7,"30":8,"31":8,"32":8,"33":7,"34":9,"35":9,"36":9,"37":7,"38":7,"39":8,"40":8,"41":8,"42":2,"43":8,"44":2,"45":9,"46":6,"47":6,"48":0,"49":0,"50":0,"51":0,"52":0,"53":0,"54":0,"55":0,"56":0,"57":0},"f":{"0":10,"1":8,"2":0,"3":7,"4":8,"5":9,"6":8,"7":6,"8":0,"9":0},"b":{"0":[4,6],"1":[5,3],"2":[2,3],"3":[2,3],"4":[2,3],"5":[4,1],"6":[0,0],"7":[8,7],"8":[9,2],"9":[7,2],"10":[3,5],"11":[1,2],"12":[2,6],"13":[1,5],"14":[0,0]},"meta":{"lastBranch":15,"lastFunction":10,"lastStatement":58,"seen":{"s:25:26:29:Infinity":0,"s:31:6:35:Infinity":1,"s:41:67:50:Infinity":2,"s:52:30:52:Infinity":3,"s:63:51:70:Infinity":4,"f:72:16:72:34":0,"s:73:23:73:Infinity":5,"b:73:32:73:63:73:63:73:Infinity":0,"s:75:2:81:Infinity":6,"f:98:16:98:32":1,"s:99:45:99:Infinity":7,"s:101:15:101:Infinity":8,"b:103:2:119:Infinity:undefined:undefined:undefined:undefined":1,"s:103:2:119:Infinity":9,"s:104:35:104:Infinity":10,"b:106:4:108:Infinity:undefined:undefined:undefined:undefined":2,"s:106:4:108:Infinity":11,"s:107:6:107:Infinity":12,"b:109:4:111:Infinity:undefined:undefined:undefined:undefined":3,"s:109:4:111:Infinity":13,"s:110:6:110:Infinity":14,"b:112:4:114:Infinity:undefined:undefined:undefined:undefined":4,"s:112:4:114:Infinity":15,"s:113:6:113:Infinity":16,"b:116:4:118:Infinity:undefined:undefined:undefined:undefined":5,"s:116:4:118:Infinity":17,"s:117:6:117:Infinity":18,"s:121:2:121:Infinity":19,"f:128:22:128:Infinity":2,"s:131:20:131:Infinity":20,"s:133:17:133:Infinity":21,"s:134:17:134:Infinity":22,"s:136:8:136:Infinity":23,"s:138:17:145:Infinity":24,"s:147:20:147:Infinity":25,"s:149:2:155:Infinity":26,"b:152:13:152:37:152:37:152:Infinity":6,"s:162:6:174:Infinity":27,"f:176:16:176:Infinity":3,"s:180:28:180:Infinity":28,"s:181:2:185:Infinity":29,"f:181:19:181:20":4,"s:182:21:182:Infinity":30,"b:182:21:182:59:182:59:182:Infinity":7,"s:183:4:183:Infinity":31,"s:184:4:184:Infinity":32,"s:187:2:206:Infinity":33,"f:188:9:188:10":5,"s:189:30:189:Infinity":34,"b:189:30:189:67:189:67:189:Infinity":8,"s:190:19:190:Infinity":35,"b:192:6:202:Infinity:200:13:202:Infinity":9,"s:192:6:202:Infinity":36,"s:193:8:193:Infinity":37,"s:194:8:199:Infinity":38,"f:194:32:194:33":6,"s:195:28:195:Infinity":39,"b:195:38:195:110:195:110:195:Infinity":10,"b:195:94:195:102:195:102:195:104":11,"s:196:10:196:Infinity":40,"b:197:10:197:Infinity:undefined:undefined:undefined:undefined":12,"s:197:10:197:Infinity":41,"s:197:22:197:Infinity":42,"s:198:10:198:Infinity":43,"s:201:8:201:Infinity":44,"s:204:6:204:Infinity":45,"f:209:16:209:42":7,"s:210:23:212:Infinity":46,"b:211:6:211:Infinity:212:6:212:Infinity":13,"s:214:2:237:Infinity":47,"f:242:22:242:Infinity":8,"s:245:20:245:Infinity":48,"s:247:17:247:Infinity":49,"s:248:27:248:Infinity":50,"s:250:17:254:Infinity":51,"s:258:8:258:Infinity":52,"s:260:17:267:Infinity":53,"s:269:20:269:Infinity":54,"s:272:24:283:Infinity":55,"f:280:34:280:35":9,"s:280:62:280:83":56,"s:285:2:292:Infinity":57,"b:289:13:289:37:289:37:289:Infinity":14}}}
,"/home/jonaswsl/projects/daygame-coach/src/db/auth.ts": {"path":"/home/jonaswsl/projects/daygame-coach/src/db/auth.ts","statementMap":{"0":{"start":{"line":23,"column":19},"end":{"line":23,"column":null}},"1":{"start":{"line":27,"column":6},"end":{"line":27,"column":null}},"2":{"start":{"line":29,"column":2},"end":{"line":34,"column":null}},"3":{"start":{"line":30,"column":4},"end":{"line":33,"column":null}},"4":{"start":{"line":36,"column":2},"end":{"line":36,"column":null}},"5":{"start":{"line":44,"column":21},"end":{"line":44,"column":null}},"6":{"start":{"line":45,"column":2},"end":{"line":45,"column":null}},"7":{"start":{"line":45,"column":27},"end":{"line":45,"column":null}},"8":{"start":{"line":47,"column":2},"end":{"line":52,"column":null}},"9":{"start":{"line":48,"column":4},"end":{"line":51,"column":null}},"10":{"start":{"line":54,"column":2},"end":{"line":54,"column":null}}},"fnMap":{"0":{"name":"requireAuth","decl":{"start":{"line":22,"column":22},"end":{"line":22,"column":57}},"loc":{"start":{"line":22,"column":57},"end":{"line":37,"column":null}},"line":22},"1":{"name":"requirePremium","decl":{"start":{"line":43,"column":22},"end":{"line":43,"column":60}},"loc":{"start":{"line":43,"column":60},"end":{"line":55,"column":null}},"line":43}},"branchMap":{"0":{"loc":{"start":{"line":29,"column":2},"end":{"line":34,"column":null}},"type":"if","locations":[{"start":{"line":29,"column":2},"end":{"line":34,"column":null}},{"start":{},"end":{}}],"line":29},"1":{"loc":{"start":{"line":29,"column":6},"end":{"line":29,"column":26}},"type":"binary-expr","locations":[{"start":{"line":29,"column":6},"end":{"line":29,"column":19}},{"start":{"line":29,"column":19},"end":{"line":29,"column":26}}],"line":29},"2":{"loc":{"start":{"line":45,"column":2},"end":{"line":45,"column":null}},"type":"if","locations":[{"start":{"line":45,"column":2},"end":{"line":45,"column":null}},{"start":{},"end":{}}],"line":45},"3":{"loc":{"start":{"line":47,"column":2},"end":{"line":52,"column":null}},"type":"if","locations":[{"start":{"line":47,"column":2},"end":{"line":52,"column":null}},{"start":{},"end":{}}],"line":47}},"s":{"0":0,"1":0,"2":0,"3":0,"4":0,"5":0,"6":0,"7":0,"8":0,"9":0,"10":0},"f":{"0":0,"1":0},"b":{"0":[0,0],"1":[0,0],"2":[0,0],"3":[0,0]},"meta":{"lastBranch":4,"lastFunction":2,"lastStatement":11,"seen":{"f:22:22:22:57":0,"s:23:19:23:Infinity":0,"s:27:6:27:Infinity":1,"b:29:2:34:Infinity:undefined:undefined:undefined:undefined":0,"s:29:2:34:Infinity":2,"b:29:6:29:19:29:19:29:26":1,"s:30:4:33:Infinity":3,"s:36:2:36:Infinity":4,"f:43:22:43:60":1,"s:44:21:44:Infinity":5,"b:45:2:45:Infinity:undefined:undefined:undefined:undefined":2,"s:45:2:45:Infinity":6,"s:45:27:45:Infinity":7,"b:47:2:52:Infinity:undefined:undefined:undefined:undefined":3,"s:47:2:52:Infinity":8,"s:48:4:51:Infinity":9,"s:54:2:54:Infinity":10}}}
,"/home/jonaswsl/projects/daygame-coach/src/db/embeddingsRepo.ts": {"path":"/home/jonaswsl/projects/daygame-coach/src/db/embeddingsRepo.ts","statementMap":{"0":{"start":{"line":9,"column":19},"end":{"line":9,"column":null}},"1":{"start":{"line":18,"column":8},"end":{"line":18,"column":null}},"2":{"start":{"line":20,"column":2},"end":{"line":27,"column":null}},"3":{"start":{"line":20,"column":15},"end":{"line":20,"column":18}},"4":{"start":{"line":21,"column":18},"end":{"line":21,"column":null}},"5":{"start":{"line":22,"column":22},"end":{"line":22,"column":null}},"6":{"start":{"line":24,"column":4},"end":{"line":26,"column":null}},"7":{"start":{"line":25,"column":6},"end":{"line":25,"column":null}},"8":{"start":{"line":34,"column":8},"end":{"line":34,"column":null}},"9":{"start":{"line":36,"column":20},"end":{"line":39,"column":null}},"10":{"start":{"line":41,"column":2},"end":{"line":43,"column":null}},"11":{"start":{"line":42,"column":4},"end":{"line":42,"column":null}},"12":{"start":{"line":57,"column":46},"end":{"line":57,"column":null}},"13":{"start":{"line":58,"column":8},"end":{"line":58,"column":null}},"14":{"start":{"line":60,"column":26},"end":{"line":64,"column":null}},"15":{"start":{"line":66,"column":2},"end":{"line":68,"column":null}},"16":{"start":{"line":67,"column":4},"end":{"line":67,"column":null}},"17":{"start":{"line":70,"column":2},"end":{"line":70,"column":null}},"18":{"start":{"line":81,"column":16},"end":{"line":81,"column":null}},"19":{"start":{"line":82,"column":18},"end":{"line":82,"column":null}},"20":{"start":{"line":83,"column":2},"end":{"line":83,"column":null}},"21":{"start":{"line":83,"column":16},"end":{"line":83,"column":null}},"22":{"start":{"line":85,"column":8},"end":{"line":85,"column":null}},"23":{"start":{"line":87,"column":26},"end":{"line":91,"column":null}},"24":{"start":{"line":93,"column":2},"end":{"line":95,"column":null}},"25":{"start":{"line":94,"column":4},"end":{"line":94,"column":null}},"26":{"start":{"line":97,"column":2},"end":{"line":97,"column":null}},"27":{"start":{"line":104,"column":8},"end":{"line":104,"column":null}},"28":{"start":{"line":106,"column":27},"end":{"line":108,"column":null}},"29":{"start":{"line":110,"column":2},"end":{"line":112,"column":null}},"30":{"start":{"line":111,"column":4},"end":{"line":111,"column":null}},"31":{"start":{"line":114,"column":2},"end":{"line":114,"column":null}},"32":{"start":{"line":121,"column":8},"end":{"line":121,"column":null}},"33":{"start":{"line":123,"column":26},"end":{"line":125,"column":null}},"34":{"start":{"line":127,"column":2},"end":{"line":129,"column":null}},"35":{"start":{"line":128,"column":4},"end":{"line":128,"column":null}},"36":{"start":{"line":131,"column":18},"end":{"line":131,"column":null}},"37":{"start":{"line":131,"column":45},"end":{"line":131,"column":55}},"38":{"start":{"line":132,"column":2},"end":{"line":132,"column":null}}},"fnMap":{"0":{"name":"storeEmbeddings","decl":{"start":{"line":15,"column":22},"end":{"line":15,"column":null}},"loc":{"start":{"line":17,"column":17},"end":{"line":28,"column":null}},"line":17},"1":{"name":"deleteEmbeddingsBySource","decl":{"start":{"line":33,"column":22},"end":{"line":33,"column":47}},"loc":{"start":{"line":33,"column":78},"end":{"line":44,"column":null}},"line":33},"2":{"name":"searchSimilarEmbeddings","decl":{"start":{"line":50,"column":22},"end":{"line":50,"column":null}},"loc":{"start":{"line":56,"column":29},"end":{"line":71,"column":null}},"line":56},"3":{"name":"searchEmbeddingsByKeyword","decl":{"start":{"line":77,"column":22},"end":{"line":77,"column":null}},"loc":{"start":{"line":80,"column":80},"end":{"line":98,"column":null}},"line":80},"4":{"name":"getEmbeddingsCount","decl":{"start":{"line":103,"column":22},"end":{"line":103,"column":60}},"loc":{"start":{"line":103,"column":60},"end":{"line":115,"column":null}},"line":103},"5":{"name":"getEmbeddingSources","decl":{"start":{"line":120,"column":22},"end":{"line":120,"column":63}},"loc":{"start":{"line":120,"column":63},"end":{"line":133,"column":null}},"line":120},"6":{"name":"(anonymous_6)","decl":{"start":{"line":131,"column":36},"end":{"line":131,"column":37}},"loc":{"start":{"line":131,"column":45},"end":{"line":131,"column":55}},"line":131}},"branchMap":{"0":{"loc":{"start":{"line":24,"column":4},"end":{"line":26,"column":null}},"type":"if","locations":[{"start":{"line":24,"column":4},"end":{"line":26,"column":null}},{"start":{},"end":{}}],"line":24},"1":{"loc":{"start":{"line":41,"column":2},"end":{"line":43,"column":null}},"type":"if","locations":[{"start":{"line":41,"column":2},"end":{"line":43,"column":null}},{"start":{},"end":{}}],"line":41},"2":{"loc":{"start":{"line":52,"column":2},"end":{"line":55,"column":null}},"type":"default-arg","locations":[{"start":{"line":55,"column":6},"end":{"line":55,"column":null}}],"line":52},"3":{"loc":{"start":{"line":57,"column":10},"end":{"line":57,"column":21}},"type":"default-arg","locations":[{"start":{"line":57,"column":18},"end":{"line":57,"column":21}}],"line":57},"4":{"loc":{"start":{"line":57,"column":21},"end":{"line":57,"column":42}},"type":"default-arg","locations":[{"start":{"line":57,"column":38},"end":{"line":57,"column":42}}],"line":57},"5":{"loc":{"start":{"line":66,"column":2},"end":{"line":68,"column":null}},"type":"if","locations":[{"start":{"line":66,"column":2},"end":{"line":68,"column":null}},{"start":{},"end":{}}],"line":66},"6":{"loc":{"start":{"line":79,"column":2},"end":{"line":79,"column":null}},"type":"default-arg","locations":[{"start":{"line":79,"column":32},"end":{"line":79,"column":null}}],"line":79},"7":{"loc":{"start":{"line":81,"column":16},"end":{"line":81,"column":null}},"type":"binary-expr","locations":[{"start":{"line":81,"column":16},"end":{"line":81,"column":33}},{"start":{"line":81,"column":33},"end":{"line":81,"column":null}}],"line":81},"8":{"loc":{"start":{"line":83,"column":2},"end":{"line":83,"column":null}},"type":"if","locations":[{"start":{"line":83,"column":2},"end":{"line":83,"column":null}},{"start":{},"end":{}}],"line":83},"9":{"loc":{"start":{"line":93,"column":2},"end":{"line":95,"column":null}},"type":"if","locations":[{"start":{"line":93,"column":2},"end":{"line":95,"column":null}},{"start":{},"end":{}}],"line":93},"10":{"loc":{"start":{"line":97,"column":10},"end":{"line":97,"column":null}},"type":"binary-expr","locations":[{"start":{"line":97,"column":10},"end":{"line":97,"column":18}},{"start":{"line":97,"column":18},"end":{"line":97,"column":null}}],"line":97},"11":{"loc":{"start":{"line":110,"column":2},"end":{"line":112,"column":null}},"type":"if","locations":[{"start":{"line":110,"column":2},"end":{"line":112,"column":null}},{"start":{},"end":{}}],"line":110},"12":{"loc":{"start":{"line":114,"column":9},"end":{"line":114,"column":null}},"type":"binary-expr","locations":[{"start":{"line":114,"column":9},"end":{"line":114,"column":18}},{"start":{"line":114,"column":18},"end":{"line":114,"column":null}}],"line":114},"13":{"loc":{"start":{"line":127,"column":2},"end":{"line":129,"column":null}},"type":"if","locations":[{"start":{"line":127,"column":2},"end":{"line":129,"column":null}},{"start":{},"end":{}}],"line":127},"14":{"loc":{"start":{"line":131,"column":26},"end":{"line":131,"column":62}},"type":"binary-expr","locations":[{"start":{"line":131,"column":26},"end":{"line":131,"column":60}},{"start":{"line":131,"column":60},"end":{"line":131,"column":62}}],"line":131}},"s":{"0":2,"1":0,"2":0,"3":0,"4":0,"5":0,"6":0,"7":0,"8":0,"9":0,"10":0,"11":0,"12":0,"13":0,"14":0,"15":0,"16":0,"17":0,"18":0,"19":0,"20":0,"21":0,"22":0,"23":0,"24":0,"25":0,"26":0,"27":0,"28":0,"29":0,"30":0,"31":0,"32":0,"33":0,"34":0,"35":0,"36":0,"37":0,"38":0},"f":{"0":0,"1":0,"2":0,"3":0,"4":0,"5":0,"6":0},"b":{"0":[0,0],"1":[0,0],"2":[0],"3":[0],"4":[0],"5":[0,0],"6":[0],"7":[0,0],"8":[0,0],"9":[0,0],"10":[0,0],"11":[0,0],"12":[0,0],"13":[0,0],"14":[0,0]},"meta":{"lastBranch":15,"lastFunction":7,"lastStatement":39,"seen":{"s:9:19:9:Infinity":0,"f:15:22:15:Infinity":0,"s:18:8:18:Infinity":1,"s:20:2:27:Infinity":2,"s:20:15:20:18":3,"s:21:18:21:Infinity":4,"s:22:22:22:Infinity":5,"b:24:4:26:Infinity:undefined:undefined:undefined:undefined":0,"s:24:4:26:Infinity":6,"s:25:6:25:Infinity":7,"f:33:22:33:47":1,"s:34:8:34:Infinity":8,"s:36:20:39:Infinity":9,"b:41:2:43:Infinity:undefined:undefined:undefined:undefined":1,"s:41:2:43:Infinity":10,"s:42:4:42:Infinity":11,"f:50:22:50:Infinity":2,"b:55:6:55:Infinity":2,"s:57:46:57:Infinity":12,"b:57:18:57:21":3,"b:57:38:57:42":4,"s:58:8:58:Infinity":13,"s:60:26:64:Infinity":14,"b:66:2:68:Infinity:undefined:undefined:undefined:undefined":5,"s:66:2:68:Infinity":15,"s:67:4:67:Infinity":16,"s:70:2:70:Infinity":17,"f:77:22:77:Infinity":3,"b:79:32:79:Infinity":6,"s:81:16:81:Infinity":18,"b:81:16:81:33:81:33:81:Infinity":7,"s:82:18:82:Infinity":19,"b:83:2:83:Infinity:undefined:undefined:undefined:undefined":8,"s:83:2:83:Infinity":20,"s:83:16:83:Infinity":21,"s:85:8:85:Infinity":22,"s:87:26:91:Infinity":23,"b:93:2:95:Infinity:undefined:undefined:undefined:undefined":9,"s:93:2:95:Infinity":24,"s:94:4:94:Infinity":25,"s:97:2:97:Infinity":26,"b:97:10:97:18:97:18:97:Infinity":10,"f:103:22:103:60":4,"s:104:8:104:Infinity":27,"s:106:27:108:Infinity":28,"b:110:2:112:Infinity:undefined:undefined:undefined:undefined":11,"s:110:2:112:Infinity":29,"s:111:4:111:Infinity":30,"s:114:2:114:Infinity":31,"b:114:9:114:18:114:18:114:Infinity":12,"f:120:22:120:63":5,"s:121:8:121:Infinity":32,"s:123:26:125:Infinity":33,"b:127:2:129:Infinity:undefined:undefined:undefined:undefined":13,"s:127:2:129:Infinity":34,"s:128:4:128:Infinity":35,"s:131:18:131:Infinity":36,"b:131:26:131:60:131:60:131:62":14,"f:131:36:131:37":6,"s:131:45:131:55":37,"s:132:2:132:Infinity":38}}}
,"/home/jonaswsl/projects/daygame-coach/src/db/profilesRepo.ts": {"path":"/home/jonaswsl/projects/daygame-coach/src/db/profilesRepo.ts","statementMap":{"0":{"start":{"line":14,"column":19},"end":{"line":14,"column":null}},"1":{"start":{"line":16,"column":26},"end":{"line":20,"column":null}},"2":{"start":{"line":22,"column":2},"end":{"line":28,"column":null}},"3":{"start":{"line":23,"column":4},"end":{"line":26,"column":null}},"4":{"start":{"line":25,"column":6},"end":{"line":25,"column":null}},"5":{"start":{"line":27,"column":4},"end":{"line":27,"column":null}},"6":{"start":{"line":30,"column":2},"end":{"line":30,"column":null}},"7":{"start":{"line":40,"column":19},"end":{"line":40,"column":null}},"8":{"start":{"line":42,"column":26},"end":{"line":47,"column":null}},"9":{"start":{"line":49,"column":2},"end":{"line":51,"column":null}},"10":{"start":{"line":50,"column":4},"end":{"line":50,"column":null}},"11":{"start":{"line":53,"column":2},"end":{"line":53,"column":null}},"12":{"start":{"line":60,"column":18},"end":{"line":60,"column":null}},"13":{"start":{"line":61,"column":2},"end":{"line":61,"column":null}},"14":{"start":{"line":71,"column":18},"end":{"line":71,"column":null}},"15":{"start":{"line":72,"column":2},"end":{"line":74,"column":null}},"16":{"start":{"line":73,"column":4},"end":{"line":73,"column":null}},"17":{"start":{"line":76,"column":20},"end":{"line":76,"column":null}},"18":{"start":{"line":77,"column":16},"end":{"line":77,"column":null}},"19":{"start":{"line":78,"column":19},"end":{"line":78,"column":null}},"20":{"start":{"line":80,"column":18},"end":{"line":83,"column":null}},"21":{"start":{"line":85,"column":2},"end":{"line":88,"column":null}},"22":{"start":{"line":96,"column":2},"end":{"line":96,"column":null}},"23":{"start":{"line":104,"column":19},"end":{"line":104,"column":null}},"24":{"start":{"line":109,"column":6},"end":{"line":109,"column":null}},"25":{"start":{"line":111,"column":2},"end":{"line":113,"column":null}},"26":{"start":{"line":112,"column":4},"end":{"line":112,"column":null}},"27":{"start":{"line":115,"column":2},"end":{"line":115,"column":null}}},"fnMap":{"0":{"name":"getProfile","decl":{"start":{"line":13,"column":22},"end":{"line":13,"column":33}},"loc":{"start":{"line":13,"column":77},"end":{"line":31,"column":null}},"line":13},"1":{"name":"updateProfile","decl":{"start":{"line":36,"column":22},"end":{"line":36,"column":null}},"loc":{"start":{"line":39,"column":23},"end":{"line":54,"column":null}},"line":39},"2":{"name":"hasPurchased","decl":{"start":{"line":59,"column":22},"end":{"line":59,"column":35}},"loc":{"start":{"line":59,"column":69},"end":{"line":62,"column":null}},"line":59},"3":{"name":"updateUserProgress","decl":{"start":{"line":67,"column":22},"end":{"line":67,"column":null}},"loc":{"start":{"line":70,"column":42},"end":{"line":89,"column":null}},"line":70},"4":{"name":"calculateLevel","decl":{"start":{"line":95,"column":9},"end":{"line":95,"column":24}},"loc":{"start":{"line":95,"column":44},"end":{"line":97,"column":null}},"line":95},"5":{"name":"getCurrentUserProfile","decl":{"start":{"line":103,"column":22},"end":{"line":103,"column":74}},"loc":{"start":{"line":103,"column":74},"end":{"line":116,"column":null}},"line":103}},"branchMap":{"0":{"loc":{"start":{"line":22,"column":2},"end":{"line":28,"column":null}},"type":"if","locations":[{"start":{"line":22,"column":2},"end":{"line":28,"column":null}},{"start":{},"end":{}}],"line":22},"1":{"loc":{"start":{"line":23,"column":4},"end":{"line":26,"column":null}},"type":"if","locations":[{"start":{"line":23,"column":4},"end":{"line":26,"column":null}},{"start":{},"end":{}}],"line":23},"2":{"loc":{"start":{"line":49,"column":2},"end":{"line":51,"column":null}},"type":"if","locations":[{"start":{"line":49,"column":2},"end":{"line":51,"column":null}},{"start":{},"end":{}}],"line":49},"3":{"loc":{"start":{"line":61,"column":9},"end":{"line":61,"column":null}},"type":"binary-expr","locations":[{"start":{"line":61,"column":9},"end":{"line":61,"column":35}},{"start":{"line":61,"column":35},"end":{"line":61,"column":null}}],"line":61},"4":{"loc":{"start":{"line":72,"column":2},"end":{"line":74,"column":null}},"type":"if","locations":[{"start":{"line":72,"column":2},"end":{"line":74,"column":null}},{"start":{},"end":{}}],"line":72},"5":{"loc":{"start":{"line":76,"column":20},"end":{"line":76,"column":null}},"type":"binary-expr","locations":[{"start":{"line":76,"column":20},"end":{"line":76,"column":34}},{"start":{"line":76,"column":34},"end":{"line":76,"column":null}}],"line":76},"6":{"loc":{"start":{"line":86,"column":8},"end":{"line":86,"column":null}},"type":"binary-expr","locations":[{"start":{"line":86,"column":8},"end":{"line":86,"column":22}},{"start":{"line":86,"column":22},"end":{"line":86,"column":null}}],"line":86},"7":{"loc":{"start":{"line":87,"column":11},"end":{"line":87,"column":null}},"type":"binary-expr","locations":[{"start":{"line":87,"column":11},"end":{"line":87,"column":28}},{"start":{"line":87,"column":28},"end":{"line":87,"column":null}}],"line":87},"8":{"loc":{"start":{"line":111,"column":2},"end":{"line":113,"column":null}},"type":"if","locations":[{"start":{"line":111,"column":2},"end":{"line":113,"column":null}},{"start":{},"end":{}}],"line":111},"9":{"loc":{"start":{"line":111,"column":6},"end":{"line":111,"column":26}},"type":"binary-expr","locations":[{"start":{"line":111,"column":6},"end":{"line":111,"column":19}},{"start":{"line":111,"column":19},"end":{"line":111,"column":26}}],"line":111}},"s":{"0":0,"1":0,"2":0,"3":0,"4":0,"5":0,"6":0,"7":0,"8":0,"9":0,"10":0,"11":0,"12":0,"13":0,"14":0,"15":0,"16":0,"17":0,"18":0,"19":0,"20":0,"21":0,"22":0,"23":0,"24":0,"25":0,"26":0,"27":0},"f":{"0":0,"1":0,"2":0,"3":0,"4":0,"5":0},"b":{"0":[0,0],"1":[0,0],"2":[0,0],"3":[0,0],"4":[0,0],"5":[0,0],"6":[0,0],"7":[0,0],"8":[0,0],"9":[0,0]},"meta":{"lastBranch":10,"lastFunction":6,"lastStatement":28,"seen":{"f:13:22:13:33":0,"s:14:19:14:Infinity":0,"s:16:26:20:Infinity":1,"b:22:2:28:Infinity:undefined:undefined:undefined:undefined":0,"s:22:2:28:Infinity":2,"b:23:4:26:Infinity:undefined:undefined:undefined:undefined":1,"s:23:4:26:Infinity":3,"s:25:6:25:Infinity":4,"s:27:4:27:Infinity":5,"s:30:2:30:Infinity":6,"f:36:22:36:Infinity":1,"s:40:19:40:Infinity":7,"s:42:26:47:Infinity":8,"b:49:2:51:Infinity:undefined:undefined:undefined:undefined":2,"s:49:2:51:Infinity":9,"s:50:4:50:Infinity":10,"s:53:2:53:Infinity":11,"f:59:22:59:35":2,"s:60:18:60:Infinity":12,"s:61:2:61:Infinity":13,"b:61:9:61:35:61:35:61:Infinity":3,"f:67:22:67:Infinity":3,"s:71:18:71:Infinity":14,"b:72:2:74:Infinity:undefined:undefined:undefined:undefined":4,"s:72:2:74:Infinity":15,"s:73:4:73:Infinity":16,"s:76:20:76:Infinity":17,"b:76:20:76:34:76:34:76:Infinity":5,"s:77:16:77:Infinity":18,"s:78:19:78:Infinity":19,"s:80:18:83:Infinity":20,"s:85:2:88:Infinity":21,"b:86:8:86:22:86:22:86:Infinity":6,"b:87:11:87:28:87:28:87:Infinity":7,"f:95:9:95:24":4,"s:96:2:96:Infinity":22,"f:103:22:103:74":5,"s:104:19:104:Infinity":23,"s:109:6:109:Infinity":24,"b:111:2:113:Infinity:undefined:undefined:undefined:undefined":8,"s:111:2:113:Infinity":25,"b:111:6:111:19:111:19:111:26":9,"s:112:4:112:Infinity":26,"s:115:2:115:Infinity":27}}}
,"/home/jonaswsl/projects/daygame-coach/src/db/server.ts": {"path":"/home/jonaswsl/projects/daygame-coach/src/db/server.ts","statementMap":{},"fnMap":{},"branchMap":{},"s":{},"f":{},"b":{},"meta":{"lastBranch":0,"lastFunction":0,"lastStatement":0,"seen":{}}}
,"/home/jonaswsl/projects/daygame-coach/src/db/supabase.ts": {"path":"/home/jonaswsl/projects/daygame-coach/src/db/supabase.ts","statementMap":{"0":{"start":{"line":10,"column":22},"end":{"line":10,"column":null}},"1":{"start":{"line":12,"column":2},"end":{"line":32,"column":null}},"2":{"start":{"line":18,"column":10},"end":{"line":18,"column":null}},"3":{"start":{"line":21,"column":10},"end":{"line":28,"column":null}},"4":{"start":{"line":22,"column":12},"end":{"line":24,"column":null}},"5":{"start":{"line":23,"column":14},"end":{"line":23,"column":null}},"6":{"start":{"line":42,"column":14},"end":{"line":42,"column":null}},"7":{"start":{"line":43,"column":21},"end":{"line":43,"column":null}},"8":{"start":{"line":45,"column":2},"end":{"line":47,"column":null}},"9":{"start":{"line":46,"column":4},"end":{"line":46,"column":null}},"10":{"start":{"line":49,"column":2},"end":{"line":53,"column":null}},"11":{"start":{"line":50,"column":4},"end":{"line":52,"column":null}},"12":{"start":{"line":55,"column":2},"end":{"line":55,"column":null}}},"fnMap":{"0":{"name":"createServerSupabaseClient","decl":{"start":{"line":9,"column":22},"end":{"line":9,"column":51}},"loc":{"start":{"line":9,"column":51},"end":{"line":33,"column":null}},"line":9},"1":{"name":"(anonymous_1)","decl":{"start":{"line":17,"column":8},"end":{"line":17,"column":17}},"loc":{"start":{"line":17,"column":17},"end":{"line":19,"column":null}},"line":17},"2":{"name":"(anonymous_2)","decl":{"start":{"line":20,"column":8},"end":{"line":20,"column":15}},"loc":{"start":{"line":20,"column":29},"end":{"line":29,"column":null}},"line":20},"3":{"name":"(anonymous_3)","decl":{"start":{"line":22,"column":33},"end":{"line":22,"column":34}},"loc":{"start":{"line":23,"column":14},"end":{"line":23,"column":null}},"line":23},"4":{"name":"createAdminSupabaseClient","decl":{"start":{"line":41,"column":16},"end":{"line":41,"column":44}},"loc":{"start":{"line":41,"column":44},"end":{"line":56,"column":null}},"line":41}},"branchMap":{"0":{"loc":{"start":{"line":45,"column":2},"end":{"line":47,"column":null}},"type":"if","locations":[{"start":{"line":45,"column":2},"end":{"line":47,"column":null}},{"start":{},"end":{}}],"line":45},"1":{"loc":{"start":{"line":49,"column":2},"end":{"line":53,"column":null}},"type":"if","locations":[{"start":{"line":49,"column":2},"end":{"line":53,"column":null}},{"start":{},"end":{}}],"line":49}},"s":{"0":0,"1":0,"2":0,"3":0,"4":0,"5":0,"6":0,"7":0,"8":0,"9":0,"10":0,"11":0,"12":0},"f":{"0":0,"1":0,"2":0,"3":0,"4":0},"b":{"0":[0,0],"1":[0,0]},"meta":{"lastBranch":2,"lastFunction":5,"lastStatement":13,"seen":{"f:9:22:9:51":0,"s:10:22:10:Infinity":0,"s:12:2:32:Infinity":1,"f:17:8:17:17":1,"s:18:10:18:Infinity":2,"f:20:8:20:15":2,"s:21:10:28:Infinity":3,"s:22:12:24:Infinity":4,"f:22:33:22:34":3,"s:23:14:23:Infinity":5,"f:41:16:41:44":4,"s:42:14:42:Infinity":6,"s:43:21:43:Infinity":7,"b:45:2:47:Infinity:undefined:undefined:undefined:undefined":0,"s:45:2:47:Infinity":8,"s:46:4:46:Infinity":9,"b:49:2:53:Infinity:undefined:undefined:undefined:undefined":1,"s:49:2:53:Infinity":10,"s:50:4:52:Infinity":11,"s:55:2:55:Infinity":12}}}
,"/home/jonaswsl/projects/daygame-coach/src/db/trackingRepo.ts": {"path":"/home/jonaswsl/projects/daygame-coach/src/db/trackingRepo.ts","statementMap":{"0":{"start":{"line":5,"column":12},"end":{"line":5,"column":null}},"1":{"start":{"line":6,"column":2},"end":{"line":6,"column":null}},"2":{"start":{"line":8,"column":2},"end":{"line":8,"column":null}},"3":{"start":{"line":9,"column":20},"end":{"line":9,"column":null}},"4":{"start":{"line":10,"column":17},"end":{"line":10,"column":null}},"5":{"start":{"line":11,"column":2},"end":{"line":11,"column":null}},"6":{"start":{"line":16,"column":2},"end":{"line":16,"column":null}},"7":{"start":{"line":16,"column":24},"end":{"line":16,"column":null}},"8":{"start":{"line":17,"column":22},"end":{"line":17,"column":null}},"9":{"start":{"line":18,"column":22},"end":{"line":18,"column":null}},"10":{"start":{"line":21,"column":2},"end":{"line":21,"column":null}},"11":{"start":{"line":21,"column":40},"end":{"line":21,"column":null}},"12":{"start":{"line":23,"column":2},"end":{"line":23,"column":null}},"13":{"start":{"line":23,"column":51},"end":{"line":23,"column":null}},"14":{"start":{"line":25,"column":2},"end":{"line":25,"column":null}},"15":{"start":{"line":30,"column":2},"end":{"line":30,"column":null}},"16":{"start":{"line":68,"column":19},"end":{"line":68,"column":null}},"17":{"start":{"line":70,"column":26},"end":{"line":74,"column":null}},"18":{"start":{"line":76,"column":2},"end":{"line":79,"column":null}},"19":{"start":{"line":77,"column":4},"end":{"line":77,"column":null}},"20":{"start":{"line":77,"column":35},"end":{"line":77,"column":null}},"21":{"start":{"line":78,"column":4},"end":{"line":78,"column":null}},"22":{"start":{"line":81,"column":2},"end":{"line":81,"column":null}},"23":{"start":{"line":89,"column":19},"end":{"line":89,"column":null}},"24":{"start":{"line":91,"column":26},"end":{"line":95,"column":null}},"25":{"start":{"line":97,"column":2},"end":{"line":99,"column":null}},"26":{"start":{"line":98,"column":4},"end":{"line":98,"column":null}},"27":{"start":{"line":101,"column":2},"end":{"line":101,"column":null}},"28":{"start":{"line":105,"column":19},"end":{"line":105,"column":null}},"29":{"start":{"line":107,"column":26},"end":{"line":111,"column":null}},"30":{"start":{"line":113,"column":2},"end":{"line":116,"column":null}},"31":{"start":{"line":114,"column":4},"end":{"line":114,"column":null}},"32":{"start":{"line":114,"column":35},"end":{"line":114,"column":null}},"33":{"start":{"line":115,"column":4},"end":{"line":115,"column":null}},"34":{"start":{"line":118,"column":2},"end":{"line":118,"column":null}},"35":{"start":{"line":122,"column":19},"end":{"line":122,"column":null}},"36":{"start":{"line":124,"column":26},"end":{"line":131,"column":null}},"37":{"start":{"line":133,"column":2},"end":{"line":136,"column":null}},"38":{"start":{"line":134,"column":4},"end":{"line":134,"column":null}},"39":{"start":{"line":134,"column":35},"end":{"line":134,"column":null}},"40":{"start":{"line":135,"column":4},"end":{"line":135,"column":null}},"41":{"start":{"line":138,"column":2},"end":{"line":138,"column":null}},"42":{"start":{"line":145,"column":19},"end":{"line":145,"column":null}},"43":{"start":{"line":147,"column":26},"end":{"line":152,"column":null}},"44":{"start":{"line":154,"column":2},"end":{"line":156,"column":null}},"45":{"start":{"line":155,"column":4},"end":{"line":155,"column":null}},"46":{"start":{"line":158,"column":2},"end":{"line":158,"column":null}},"47":{"start":{"line":163,"column":18},"end":{"line":163,"column":null}},"48":{"start":{"line":164,"column":2},"end":{"line":166,"column":null}},"49":{"start":{"line":165,"column":4},"end":{"line":165,"column":null}},"50":{"start":{"line":168,"column":18},"end":{"line":168,"column":null}},"51":{"start":{"line":169,"column":20},"end":{"line":169,"column":null}},"52":{"start":{"line":170,"column":26},"end":{"line":170,"column":null}},"53":{"start":{"line":172,"column":26},"end":{"line":172,"column":null}},"54":{"start":{"line":173,"column":18},"end":{"line":173,"column":null}},"55":{"start":{"line":175,"column":25},"end":{"line":181,"column":null}},"56":{"start":{"line":184,"column":2},"end":{"line":190,"column":null}},"57":{"start":{"line":192,"column":2},"end":{"line":192,"column":null}},"58":{"start":{"line":206,"column":16},"end":{"line":206,"column":null}},"59":{"start":{"line":207,"column":22},"end":{"line":207,"column":null}},"60":{"start":{"line":210,"column":23},"end":{"line":210,"column":null}},"61":{"start":{"line":211,"column":2},"end":{"line":216,"column":null}},"62":{"start":{"line":212,"column":4},"end":{"line":212,"column":null}},"63":{"start":{"line":215,"column":4},"end":{"line":215,"column":null}},"64":{"start":{"line":219,"column":24},"end":{"line":219,"column":null}},"65":{"start":{"line":220,"column":2},"end":{"line":222,"column":null}},"66":{"start":{"line":221,"column":4},"end":{"line":221,"column":null}},"67":{"start":{"line":224,"column":26},"end":{"line":224,"column":null}},"68":{"start":{"line":226,"column":2},"end":{"line":231,"column":null}},"69":{"start":{"line":234,"column":2},"end":{"line":234,"column":null}},"70":{"start":{"line":237,"column":2},"end":{"line":237,"column":null}},"71":{"start":{"line":237,"column":29},"end":{"line":237,"column":null}},"72":{"start":{"line":238,"column":2},"end":{"line":238,"column":null}},"73":{"start":{"line":238,"column":29},"end":{"line":238,"column":null}},"74":{"start":{"line":239,"column":2},"end":{"line":239,"column":null}},"75":{"start":{"line":239,"column":29},"end":{"line":239,"column":null}},"76":{"start":{"line":240,"column":2},"end":{"line":240,"column":null}},"77":{"start":{"line":240,"column":30},"end":{"line":240,"column":null}},"78":{"start":{"line":241,"column":2},"end":{"line":241,"column":null}},"79":{"start":{"line":241,"column":30},"end":{"line":241,"column":null}},"80":{"start":{"line":242,"column":2},"end":{"line":242,"column":null}},"81":{"start":{"line":242,"column":30},"end":{"line":242,"column":null}},"82":{"start":{"line":243,"column":2},"end":{"line":243,"column":null}},"83":{"start":{"line":243,"column":31},"end":{"line":243,"column":null}},"84":{"start":{"line":246,"column":2},"end":{"line":248,"column":null}},"85":{"start":{"line":247,"column":4},"end":{"line":247,"column":null}},"86":{"start":{"line":251,"column":2},"end":{"line":253,"column":null}},"87":{"start":{"line":252,"column":4},"end":{"line":252,"column":null}},"88":{"start":{"line":256,"column":2},"end":{"line":258,"column":null}},"89":{"start":{"line":257,"column":4},"end":{"line":257,"column":null}},"90":{"start":{"line":261,"column":2},"end":{"line":263,"column":null}},"91":{"start":{"line":262,"column":4},"end":{"line":262,"column":null}},"92":{"start":{"line":266,"column":2},"end":{"line":268,"column":null}},"93":{"start":{"line":267,"column":4},"end":{"line":267,"column":null}},"94":{"start":{"line":271,"column":2},"end":{"line":273,"column":null}},"95":{"start":{"line":272,"column":4},"end":{"line":272,"column":null}},"96":{"start":{"line":276,"column":8},"end":{"line":276,"column":null}},"97":{"start":{"line":277,"column":2},"end":{"line":279,"column":null}},"98":{"start":{"line":278,"column":4},"end":{"line":278,"column":null}},"99":{"start":{"line":282,"column":2},"end":{"line":284,"column":null}},"100":{"start":{"line":283,"column":4},"end":{"line":283,"column":null}},"101":{"start":{"line":293,"column":16},"end":{"line":293,"column":null}},"102":{"start":{"line":294,"column":2},"end":{"line":294,"column":null}},"103":{"start":{"line":294,"column":14},"end":{"line":294,"column":null}},"104":{"start":{"line":296,"column":25},"end":{"line":296,"column":null}},"105":{"start":{"line":297,"column":27},"end":{"line":297,"column":null}},"106":{"start":{"line":298,"column":25},"end":{"line":298,"column":null}},"107":{"start":{"line":301,"column":2},"end":{"line":303,"column":null}},"108":{"start":{"line":302,"column":4},"end":{"line":302,"column":null}},"109":{"start":{"line":306,"column":2},"end":{"line":308,"column":null}},"110":{"start":{"line":307,"column":4},"end":{"line":307,"column":null}},"111":{"start":{"line":312,"column":2},"end":{"line":318,"column":null}},"112":{"start":{"line":314,"column":4},"end":{"line":314,"column":null}},"113":{"start":{"line":317,"column":4},"end":{"line":317,"column":null}},"114":{"start":{"line":320,"column":2},"end":{"line":324,"column":null}},"115":{"start":{"line":327,"column":2},"end":{"line":327,"column":null}},"116":{"start":{"line":327,"column":27},"end":{"line":327,"column":null}},"117":{"start":{"line":328,"column":2},"end":{"line":328,"column":null}},"118":{"start":{"line":328,"column":27},"end":{"line":328,"column":null}},"119":{"start":{"line":329,"column":2},"end":{"line":329,"column":null}},"120":{"start":{"line":329,"column":27},"end":{"line":329,"column":null}},"121":{"start":{"line":330,"column":2},"end":{"line":330,"column":null}},"122":{"start":{"line":330,"column":28},"end":{"line":330,"column":null}},"123":{"start":{"line":331,"column":2},"end":{"line":331,"column":null}},"124":{"start":{"line":331,"column":28},"end":{"line":331,"column":null}},"125":{"start":{"line":332,"column":2},"end":{"line":332,"column":null}},"126":{"start":{"line":332,"column":28},"end":{"line":332,"column":null}},"127":{"start":{"line":338,"column":19},"end":{"line":338,"column":null}},"128":{"start":{"line":340,"column":49},"end":{"line":344,"column":null}},"129":{"start":{"line":346,"column":2},"end":{"line":349,"column":null}},"130":{"start":{"line":347,"column":4},"end":{"line":347,"column":null}},"131":{"start":{"line":347,"column":42},"end":{"line":347,"column":null}},"132":{"start":{"line":348,"column":4},"end":{"line":348,"column":null}},"133":{"start":{"line":351,"column":53},"end":{"line":355,"column":null}},"134":{"start":{"line":357,"column":2},"end":{"line":359,"column":null}},"135":{"start":{"line":358,"column":4},"end":{"line":358,"column":null}},"136":{"start":{"line":361,"column":2},"end":{"line":364,"column":null}},"137":{"start":{"line":372,"column":19},"end":{"line":372,"column":null}},"138":{"start":{"line":374,"column":26},"end":{"line":379,"column":null}},"139":{"start":{"line":381,"column":2},"end":{"line":383,"column":null}},"140":{"start":{"line":382,"column":4},"end":{"line":382,"column":null}},"141":{"start":{"line":385,"column":2},"end":{"line":385,"column":null}},"142":{"start":{"line":389,"column":19},"end":{"line":389,"column":null}},"143":{"start":{"line":392,"column":18},"end":{"line":392,"column":null}},"144":{"start":{"line":393,"column":2},"end":{"line":395,"column":null}},"145":{"start":{"line":394,"column":4},"end":{"line":394,"column":null}},"146":{"start":{"line":398,"column":35},"end":{"line":401,"column":null}},"147":{"start":{"line":403,"column":2},"end":{"line":405,"column":null}},"148":{"start":{"line":404,"column":4},"end":{"line":404,"column":null}},"149":{"start":{"line":408,"column":34},"end":{"line":411,"column":null}},"150":{"start":{"line":413,"column":2},"end":{"line":415,"column":null}},"151":{"start":{"line":414,"column":4},"end":{"line":414,"column":null}},"152":{"start":{"line":425,"column":19},"end":{"line":425,"column":null}},"153":{"start":{"line":430,"column":26},"end":{"line":446,"column":null}},"154":{"start":{"line":448,"column":2},"end":{"line":450,"column":null}},"155":{"start":{"line":449,"column":4},"end":{"line":449,"column":null}},"156":{"start":{"line":453,"column":2},"end":{"line":481,"column":null}},"157":{"start":{"line":454,"column":23},"end":{"line":454,"column":null}},"158":{"start":{"line":456,"column":21},"end":{"line":462,"column":null}},"159":{"start":{"line":464,"column":4},"end":{"line":468,"column":null}},"160":{"start":{"line":465,"column":6},"end":{"line":467,"column":null}},"161":{"start":{"line":466,"column":8},"end":{"line":466,"column":null}},"162":{"start":{"line":470,"column":4},"end":{"line":480,"column":null}},"163":{"start":{"line":489,"column":19},"end":{"line":489,"column":null}},"164":{"start":{"line":491,"column":26},"end":{"line":495,"column":null}},"165":{"start":{"line":497,"column":2},"end":{"line":499,"column":null}},"166":{"start":{"line":498,"column":4},"end":{"line":498,"column":null}},"167":{"start":{"line":502,"column":2},"end":{"line":511,"column":null}},"168":{"start":{"line":503,"column":22},"end":{"line":506,"column":null}},"169":{"start":{"line":508,"column":4},"end":{"line":510,"column":null}},"170":{"start":{"line":509,"column":6},"end":{"line":509,"column":null}},"171":{"start":{"line":514,"column":2},"end":{"line":514,"column":null}},"172":{"start":{"line":516,"column":2},"end":{"line":516,"column":null}},"173":{"start":{"line":523,"column":19},"end":{"line":523,"column":null}},"174":{"start":{"line":525,"column":26},"end":{"line":530,"column":null}},"175":{"start":{"line":532,"column":2},"end":{"line":534,"column":null}},"176":{"start":{"line":533,"column":4},"end":{"line":533,"column":null}},"177":{"start":{"line":536,"column":2},"end":{"line":536,"column":null}},"178":{"start":{"line":540,"column":19},"end":{"line":540,"column":null}},"179":{"start":{"line":542,"column":26},"end":{"line":546,"column":null}},"180":{"start":{"line":548,"column":2},"end":{"line":550,"column":null}},"181":{"start":{"line":549,"column":4},"end":{"line":549,"column":null}},"182":{"start":{"line":552,"column":2},"end":{"line":552,"column":null}},"183":{"start":{"line":560,"column":19},"end":{"line":560,"column":null}},"184":{"start":{"line":562,"column":26},"end":{"line":567,"column":null}},"185":{"start":{"line":569,"column":2},"end":{"line":571,"column":null}},"186":{"start":{"line":570,"column":4},"end":{"line":570,"column":null}},"187":{"start":{"line":573,"column":2},"end":{"line":573,"column":null}},"188":{"start":{"line":583,"column":19},"end":{"line":583,"column":null}},"189":{"start":{"line":585,"column":26},"end":{"line":590,"column":null}},"190":{"start":{"line":592,"column":2},"end":{"line":594,"column":null}},"191":{"start":{"line":593,"column":4},"end":{"line":593,"column":null}},"192":{"start":{"line":596,"column":2},"end":{"line":596,"column":null}},"193":{"start":{"line":602,"column":19},"end":{"line":602,"column":null}},"194":{"start":{"line":604,"column":26},"end":{"line":608,"column":null}},"195":{"start":{"line":610,"column":2},"end":{"line":613,"column":null}},"196":{"start":{"line":611,"column":4},"end":{"line":611,"column":null}},"197":{"start":{"line":611,"column":35},"end":{"line":611,"column":null}},"198":{"start":{"line":612,"column":4},"end":{"line":612,"column":null}},"199":{"start":{"line":615,"column":2},"end":{"line":615,"column":null}},"200":{"start":{"line":623,"column":19},"end":{"line":623,"column":null}},"201":{"start":{"line":625,"column":26},"end":{"line":629,"column":null}},"202":{"start":{"line":631,"column":2},"end":{"line":633,"column":null}},"203":{"start":{"line":632,"column":4},"end":{"line":632,"column":null}},"204":{"start":{"line":636,"column":2},"end":{"line":645,"column":null}},"205":{"start":{"line":637,"column":18},"end":{"line":637,"column":null}},"206":{"start":{"line":638,"column":10},"end":{"line":638,"column":null}},"207":{"start":{"line":639,"column":4},"end":{"line":639,"column":null}},"208":{"start":{"line":641,"column":4},"end":{"line":641,"column":null}},"209":{"start":{"line":641,"column":24},"end":{"line":641,"column":null}},"210":{"start":{"line":642,"column":4},"end":{"line":642,"column":null}},"211":{"start":{"line":642,"column":25},"end":{"line":642,"column":null}},"212":{"start":{"line":643,"column":4},"end":{"line":643,"column":null}},"213":{"start":{"line":643,"column":25},"end":{"line":643,"column":null}},"214":{"start":{"line":644,"column":4},"end":{"line":644,"column":null}},"215":{"start":{"line":644,"column":25},"end":{"line":644,"column":null}},"216":{"start":{"line":647,"column":2},"end":{"line":647,"column":null}},"217":{"start":{"line":654,"column":19},"end":{"line":654,"column":null}},"218":{"start":{"line":656,"column":26},"end":{"line":661,"column":null}},"219":{"start":{"line":663,"column":2},"end":{"line":665,"column":null}},"220":{"start":{"line":664,"column":4},"end":{"line":664,"column":null}},"221":{"start":{"line":667,"column":2},"end":{"line":667,"column":null}},"222":{"start":{"line":675,"column":19},"end":{"line":675,"column":null}},"223":{"start":{"line":677,"column":26},"end":{"line":683,"column":null}},"224":{"start":{"line":685,"column":2},"end":{"line":687,"column":null}},"225":{"start":{"line":686,"column":4},"end":{"line":686,"column":null}},"226":{"start":{"line":689,"column":2},"end":{"line":689,"column":null}},"227":{"start":{"line":693,"column":19},"end":{"line":693,"column":null}},"228":{"start":{"line":695,"column":26},"end":{"line":700,"column":null}},"229":{"start":{"line":702,"column":2},"end":{"line":704,"column":null}},"230":{"start":{"line":703,"column":4},"end":{"line":703,"column":null}},"231":{"start":{"line":706,"column":2},"end":{"line":706,"column":null}},"232":{"start":{"line":717,"column":19},"end":{"line":717,"column":null}},"233":{"start":{"line":719,"column":14},"end":{"line":722,"column":null}},"234":{"start":{"line":724,"column":2},"end":{"line":726,"column":null}},"235":{"start":{"line":725,"column":4},"end":{"line":725,"column":null}},"236":{"start":{"line":728,"column":26},"end":{"line":730,"column":null}},"237":{"start":{"line":732,"column":2},"end":{"line":734,"column":null}},"238":{"start":{"line":733,"column":4},"end":{"line":733,"column":null}},"239":{"start":{"line":736,"column":2},"end":{"line":736,"column":null}},"240":{"start":{"line":744,"column":19},"end":{"line":744,"column":null}},"241":{"start":{"line":746,"column":26},"end":{"line":750,"column":null}},"242":{"start":{"line":752,"column":2},"end":{"line":754,"column":null}},"243":{"start":{"line":753,"column":4},"end":{"line":753,"column":null}},"244":{"start":{"line":757,"column":2},"end":{"line":760,"column":null}},"245":{"start":{"line":758,"column":4},"end":{"line":758,"column":null}},"246":{"start":{"line":759,"column":4},"end":{"line":759,"column":null}},"247":{"start":{"line":762,"column":2},"end":{"line":762,"column":null}},"248":{"start":{"line":769,"column":19},"end":{"line":769,"column":null}},"249":{"start":{"line":771,"column":26},"end":{"line":776,"column":null}},"250":{"start":{"line":778,"column":2},"end":{"line":780,"column":null}},"251":{"start":{"line":779,"column":4},"end":{"line":779,"column":null}},"252":{"start":{"line":782,"column":2},"end":{"line":782,"column":null}},"253":{"start":{"line":790,"column":19},"end":{"line":790,"column":null}},"254":{"start":{"line":792,"column":14},"end":{"line":796,"column":null}},"255":{"start":{"line":798,"column":2},"end":{"line":800,"column":null}},"256":{"start":{"line":799,"column":4},"end":{"line":799,"column":null}},"257":{"start":{"line":802,"column":26},"end":{"line":804,"column":null}},"258":{"start":{"line":806,"column":2},"end":{"line":808,"column":null}},"259":{"start":{"line":807,"column":4},"end":{"line":807,"column":null}},"260":{"start":{"line":810,"column":2},"end":{"line":810,"column":null}},"261":{"start":{"line":814,"column":19},"end":{"line":814,"column":null}},"262":{"start":{"line":816,"column":26},"end":{"line":824,"column":null}},"263":{"start":{"line":826,"column":2},"end":{"line":829,"column":null}},"264":{"start":{"line":827,"column":4},"end":{"line":827,"column":null}},"265":{"start":{"line":827,"column":35},"end":{"line":827,"column":null}},"266":{"start":{"line":828,"column":4},"end":{"line":828,"column":null}},"267":{"start":{"line":831,"column":2},"end":{"line":831,"column":null}},"268":{"start":{"line":841,"column":19},"end":{"line":841,"column":null}},"269":{"start":{"line":843,"column":26},"end":{"line":847,"column":null}},"270":{"start":{"line":849,"column":2},"end":{"line":852,"column":null}},"271":{"start":{"line":850,"column":4},"end":{"line":850,"column":null}},"272":{"start":{"line":850,"column":35},"end":{"line":850,"column":null}},"273":{"start":{"line":851,"column":4},"end":{"line":851,"column":null}},"274":{"start":{"line":854,"column":2},"end":{"line":854,"column":null}},"275":{"start":{"line":860,"column":14},"end":{"line":860,"column":null}},"276":{"start":{"line":862,"column":2},"end":{"line":876,"column":null}},"277":{"start":{"line":863,"column":21},"end":{"line":863,"column":null}},"278":{"start":{"line":865,"column":28},"end":{"line":869,"column":null}},"279":{"start":{"line":871,"column":4},"end":{"line":873,"column":null}},"280":{"start":{"line":872,"column":6},"end":{"line":872,"column":null}},"281":{"start":{"line":875,"column":4},"end":{"line":875,"column":null}},"282":{"start":{"line":878,"column":2},"end":{"line":878,"column":null}},"283":{"start":{"line":885,"column":19},"end":{"line":885,"column":null}},"284":{"start":{"line":888,"column":2},"end":{"line":888,"column":null}},"285":{"start":{"line":890,"column":26},"end":{"line":895,"column":null}},"286":{"start":{"line":897,"column":2},"end":{"line":899,"column":null}},"287":{"start":{"line":898,"column":4},"end":{"line":898,"column":null}},"288":{"start":{"line":901,"column":2},"end":{"line":901,"column":null}},"289":{"start":{"line":908,"column":16},"end":{"line":908,"column":null}},"290":{"start":{"line":910,"column":8},"end":{"line":910,"column":null}},"291":{"start":{"line":911,"column":22},"end":{"line":911,"column":null}},"292":{"start":{"line":912,"column":19},"end":{"line":912,"column":null}},"293":{"start":{"line":915,"column":18},"end":{"line":915,"column":null}},"294":{"start":{"line":916,"column":2},"end":{"line":926,"column":null}},"295":{"start":{"line":917,"column":22},"end":{"line":917,"column":null}},"296":{"start":{"line":918,"column":4},"end":{"line":918,"column":null}},"297":{"start":{"line":919,"column":25},"end":{"line":919,"column":null}},"298":{"start":{"line":921,"column":4},"end":{"line":925,"column":null}},"299":{"start":{"line":922,"column":6},"end":{"line":922,"column":null}},"300":{"start":{"line":923,"column":4},"end":{"line":925,"column":null}},"301":{"start":{"line":924,"column":6},"end":{"line":924,"column":null}},"302":{"start":{"line":929,"column":25},"end":{"line":929,"column":null}},"303":{"start":{"line":930,"column":2},"end":{"line":935,"column":null}},"304":{"start":{"line":931,"column":4},"end":{"line":931,"column":null}},"305":{"start":{"line":934,"column":4},"end":{"line":934,"column":null}},"306":{"start":{"line":937,"column":43},"end":{"line":944,"column":null}},"307":{"start":{"line":946,"column":19},"end":{"line":946,"column":null}},"308":{"start":{"line":947,"column":22},"end":{"line":947,"column":null}},"309":{"start":{"line":949,"column":2},"end":{"line":955,"column":null}},"310":{"start":{"line":950,"column":4},"end":{"line":950,"column":null}},"311":{"start":{"line":951,"column":4},"end":{"line":951,"column":null}},"312":{"start":{"line":952,"column":2},"end":{"line":955,"column":null}},"313":{"start":{"line":953,"column":4},"end":{"line":953,"column":null}},"314":{"start":{"line":954,"column":4},"end":{"line":954,"column":null}},"315":{"start":{"line":957,"column":2},"end":{"line":957,"column":null}},"316":{"start":{"line":961,"column":2},"end":{"line":961,"column":null}},"317":{"start":{"line":964,"column":19},"end":{"line":964,"column":null}},"318":{"start":{"line":965,"column":2},"end":{"line":965,"column":null}},"319":{"start":{"line":965,"column":22},"end":{"line":965,"column":null}},"320":{"start":{"line":966,"column":2},"end":{"line":966,"column":null}},"321":{"start":{"line":966,"column":22},"end":{"line":966,"column":null}},"322":{"start":{"line":967,"column":2},"end":{"line":967,"column":null}},"323":{"start":{"line":967,"column":23},"end":{"line":967,"column":null}},"324":{"start":{"line":968,"column":2},"end":{"line":968,"column":null}},"325":{"start":{"line":968,"column":23},"end":{"line":968,"column":null}},"326":{"start":{"line":969,"column":2},"end":{"line":969,"column":null}},"327":{"start":{"line":969,"column":23},"end":{"line":969,"column":null}},"328":{"start":{"line":970,"column":2},"end":{"line":970,"column":null}},"329":{"start":{"line":970,"column":24},"end":{"line":970,"column":null}},"330":{"start":{"line":971,"column":2},"end":{"line":971,"column":null}},"331":{"start":{"line":971,"column":24},"end":{"line":971,"column":null}},"332":{"start":{"line":972,"column":2},"end":{"line":972,"column":null}},"333":{"start":{"line":972,"column":24},"end":{"line":972,"column":null}},"334":{"start":{"line":973,"column":2},"end":{"line":973,"column":null}},"335":{"start":{"line":973,"column":25},"end":{"line":973,"column":null}},"336":{"start":{"line":976,"column":2},"end":{"line":984,"column":null}},"337":{"start":{"line":977,"column":4},"end":{"line":977,"column":null}},"338":{"start":{"line":977,"column":26},"end":{"line":977,"column":null}},"339":{"start":{"line":978,"column":4},"end":{"line":978,"column":null}},"340":{"start":{"line":978,"column":26},"end":{"line":978,"column":null}},"341":{"start":{"line":979,"column":4},"end":{"line":979,"column":null}},"342":{"start":{"line":979,"column":26},"end":{"line":979,"column":null}},"343":{"start":{"line":980,"column":4},"end":{"line":980,"column":null}},"344":{"start":{"line":980,"column":27},"end":{"line":980,"column":null}},"345":{"start":{"line":981,"column":4},"end":{"line":981,"column":null}},"346":{"start":{"line":981,"column":27},"end":{"line":981,"column":null}},"347":{"start":{"line":982,"column":4},"end":{"line":982,"column":null}},"348":{"start":{"line":982,"column":27},"end":{"line":982,"column":null}},"349":{"start":{"line":983,"column":4},"end":{"line":983,"column":null}},"350":{"start":{"line":983,"column":28},"end":{"line":983,"column":null}},"351":{"start":{"line":987,"column":2},"end":{"line":993,"column":null}},"352":{"start":{"line":988,"column":4},"end":{"line":988,"column":null}},"353":{"start":{"line":988,"column":29},"end":{"line":988,"column":null}},"354":{"start":{"line":989,"column":4},"end":{"line":989,"column":null}},"355":{"start":{"line":989,"column":29},"end":{"line":989,"column":null}},"356":{"start":{"line":990,"column":4},"end":{"line":990,"column":null}},"357":{"start":{"line":990,"column":29},"end":{"line":990,"column":null}},"358":{"start":{"line":991,"column":4},"end":{"line":991,"column":null}},"359":{"start":{"line":991,"column":30},"end":{"line":991,"column":null}},"360":{"start":{"line":992,"column":4},"end":{"line":992,"column":null}},"361":{"start":{"line":992,"column":30},"end":{"line":992,"column":null}},"362":{"start":{"line":996,"column":2},"end":{"line":996,"column":null}},"363":{"start":{"line":996,"column":23},"end":{"line":996,"column":null}},"364":{"start":{"line":997,"column":2},"end":{"line":997,"column":null}},"365":{"start":{"line":997,"column":24},"end":{"line":997,"column":null}},"366":{"start":{"line":998,"column":2},"end":{"line":998,"column":null}},"367":{"start":{"line":998,"column":25},"end":{"line":998,"column":null}},"368":{"start":{"line":1002,"column":16},"end":{"line":1002,"column":null}},"369":{"start":{"line":1004,"column":19},"end":{"line":1004,"column":null}},"370":{"start":{"line":1006,"column":43},"end":{"line":1009,"column":null}},"371":{"start":{"line":1012,"column":2},"end":{"line":1015,"column":null}},"372":{"start":{"line":1013,"column":4},"end":{"line":1013,"column":null}},"373":{"start":{"line":1014,"column":4},"end":{"line":1014,"column":null}},"374":{"start":{"line":1017,"column":2},"end":{"line":1017,"column":null}},"375":{"start":{"line":1021,"column":19},"end":{"line":1021,"column":null}},"376":{"start":{"line":1024,"column":20},"end":{"line":1029,"column":null}},"377":{"start":{"line":1032,"column":2},"end":{"line":1038,"column":null}},"378":{"start":{"line":1033,"column":18},"end":{"line":1033,"column":null}},"379":{"start":{"line":1034,"column":4},"end":{"line":1037,"column":null}},"380":{"start":{"line":1035,"column":6},"end":{"line":1035,"column":null}},"381":{"start":{"line":1036,"column":6},"end":{"line":1036,"column":null}},"382":{"start":{"line":1050,"column":19},"end":{"line":1050,"column":null}},"383":{"start":{"line":1053,"column":29},"end":{"line":1058,"column":null}},"384":{"start":{"line":1060,"column":2},"end":{"line":1060,"column":null}},"385":{"start":{"line":1060,"column":16},"end":{"line":1060,"column":null}},"386":{"start":{"line":1063,"column":34},"end":{"line":1067,"column":null}},"387":{"start":{"line":1069,"column":26},"end":{"line":1073,"column":null}},"388":{"start":{"line":1075,"column":2},"end":{"line":1079,"column":null}},"389":{"start":{"line":1077,"column":4},"end":{"line":1077,"column":null}},"390":{"start":{"line":1077,"column":32},"end":{"line":1077,"column":null}},"391":{"start":{"line":1078,"column":4},"end":{"line":1078,"column":null}},"392":{"start":{"line":1081,"column":2},"end":{"line":1081,"column":null}},"393":{"start":{"line":1085,"column":19},"end":{"line":1085,"column":null}},"394":{"start":{"line":1087,"column":26},"end":{"line":1091,"column":null}},"395":{"start":{"line":1093,"column":2},"end":{"line":1095,"column":null}},"396":{"start":{"line":1094,"column":4},"end":{"line":1094,"column":null}},"397":{"start":{"line":1097,"column":2},"end":{"line":1097,"column":null}},"398":{"start":{"line":1107,"column":19},"end":{"line":1107,"column":null}},"399":{"start":{"line":1109,"column":26},"end":{"line":1113,"column":null}},"400":{"start":{"line":1115,"column":2},"end":{"line":1117,"column":null}},"401":{"start":{"line":1116,"column":4},"end":{"line":1116,"column":null}},"402":{"start":{"line":1119,"column":2},"end":{"line":1119,"column":null}},"403":{"start":{"line":1126,"column":19},"end":{"line":1126,"column":null}},"404":{"start":{"line":1128,"column":26},"end":{"line":1133,"column":null}},"405":{"start":{"line":1135,"column":2},"end":{"line":1137,"column":null}},"406":{"start":{"line":1136,"column":4},"end":{"line":1136,"column":null}},"407":{"start":{"line":1139,"column":2},"end":{"line":1139,"column":null}},"408":{"start":{"line":1146,"column":19},"end":{"line":1146,"column":null}},"409":{"start":{"line":1148,"column":14},"end":{"line":1148,"column":null}},"410":{"start":{"line":1150,"column":2},"end":{"line":1152,"column":null}},"411":{"start":{"line":1151,"column":4},"end":{"line":1151,"column":null}},"412":{"start":{"line":1154,"column":26},"end":{"line":1154,"column":null}},"413":{"start":{"line":1156,"column":2},"end":{"line":1158,"column":null}},"414":{"start":{"line":1157,"column":4},"end":{"line":1157,"column":null}},"415":{"start":{"line":1160,"column":2},"end":{"line":1160,"column":null}},"416":{"start":{"line":1171,"column":19},"end":{"line":1171,"column":null}},"417":{"start":{"line":1173,"column":20},"end":{"line":1173,"column":null}},"418":{"start":{"line":1174,"column":2},"end":{"line":1174,"column":null}},"419":{"start":{"line":1176,"column":26},"end":{"line":1181,"column":null}},"420":{"start":{"line":1183,"column":2},"end":{"line":1185,"column":null}},"421":{"start":{"line":1184,"column":4},"end":{"line":1184,"column":null}},"422":{"start":{"line":1188,"column":45},"end":{"line":1188,"column":null}},"423":{"start":{"line":1190,"column":2},"end":{"line":1204,"column":null}},"424":{"start":{"line":1191,"column":17},"end":{"line":1191,"column":null}},"425":{"start":{"line":1192,"column":4},"end":{"line":1200,"column":null}},"426":{"start":{"line":1193,"column":6},"end":{"line":1199,"column":null}},"427":{"start":{"line":1201,"column":4},"end":{"line":1201,"column":null}},"428":{"start":{"line":1202,"column":4},"end":{"line":1202,"column":null}},"429":{"start":{"line":1202,"column":39},"end":{"line":1202,"column":null}},"430":{"start":{"line":1203,"column":4},"end":{"line":1203,"column":null}},"431":{"start":{"line":1203,"column":42},"end":{"line":1203,"column":null}},"432":{"start":{"line":1207,"column":31},"end":{"line":1207,"column":null}},"433":{"start":{"line":1208,"column":18},"end":{"line":1208,"column":null}},"434":{"start":{"line":1209,"column":16},"end":{"line":1209,"column":null}},"435":{"start":{"line":1211,"column":2},"end":{"line":1223,"column":null}},"436":{"start":{"line":1212,"column":20},"end":{"line":1212,"column":null}},"437":{"start":{"line":1213,"column":4},"end":{"line":1221,"column":null}},"438":{"start":{"line":1222,"column":4},"end":{"line":1222,"column":null}},"439":{"start":{"line":1225,"column":2},"end":{"line":1225,"column":null}},"440":{"start":{"line":1237,"column":19},"end":{"line":1237,"column":null}},"441":{"start":{"line":1240,"column":26},"end":{"line":1246,"column":null}},"442":{"start":{"line":1248,"column":2},"end":{"line":1250,"column":null}},"443":{"start":{"line":1249,"column":4},"end":{"line":1249,"column":null}},"444":{"start":{"line":1253,"column":26},"end":{"line":1253,"column":null}},"445":{"start":{"line":1254,"column":28},"end":{"line":1254,"column":null}},"446":{"start":{"line":1255,"column":23},"end":{"line":1255,"column":null}},"447":{"start":{"line":1257,"column":2},"end":{"line":1261,"column":null}},"448":{"start":{"line":1258,"column":4},"end":{"line":1258,"column":null}},"449":{"start":{"line":1258,"column":31},"end":{"line":1258,"column":null}},"450":{"start":{"line":1259,"column":4},"end":{"line":1259,"column":null}},"451":{"start":{"line":1259,"column":33},"end":{"line":1259,"column":null}},"452":{"start":{"line":1260,"column":4},"end":{"line":1260,"column":null}},"453":{"start":{"line":1260,"column":34},"end":{"line":1260,"column":null}},"454":{"start":{"line":1263,"column":2},"end":{"line":1267,"column":null}},"455":{"start":{"line":1274,"column":19},"end":{"line":1274,"column":null}},"456":{"start":{"line":1276,"column":14},"end":{"line":1279,"column":null}},"457":{"start":{"line":1281,"column":2},"end":{"line":1283,"column":null}},"458":{"start":{"line":1282,"column":4},"end":{"line":1282,"column":null}},"459":{"start":{"line":1285,"column":26},"end":{"line":1285,"column":null}},"460":{"start":{"line":1287,"column":2},"end":{"line":1289,"column":null}},"461":{"start":{"line":1288,"column":4},"end":{"line":1288,"column":null}},"462":{"start":{"line":1291,"column":16},"end":{"line":1291,"column":null}},"463":{"start":{"line":1292,"column":15},"end":{"line":1292,"column":null}},"464":{"start":{"line":1293,"column":8},"end":{"line":1293,"column":null}},"465":{"start":{"line":1295,"column":2},"end":{"line":1295,"column":null}},"466":{"start":{"line":1295,"column":19},"end":{"line":1295,"column":null}},"467":{"start":{"line":1297,"column":2},"end":{"line":1297,"column":null}}},"fnMap":{"0":{"name":"getISOWeekString","decl":{"start":{"line":4,"column":16},"end":{"line":4,"column":33}},"loc":{"start":{"line":4,"column":53},"end":{"line":12,"column":null}},"line":4},"1":{"name":"areWeeksConsecutive","decl":{"start":{"line":15,"column":16},"end":{"line":15,"column":36}},"loc":{"start":{"line":15,"column":75},"end":{"line":26,"column":null}},"line":15},"2":{"name":"isWeekActive","decl":{"start":{"line":29,"column":16},"end":{"line":29,"column":29}},"loc":{"start":{"line":29,"column":76},"end":{"line":31,"column":null}},"line":29},"3":{"name":"getApproachOwner","decl":{"start":{"line":67,"column":22},"end":{"line":67,"column":39}},"loc":{"start":{"line":67,"column":83},"end":{"line":82,"column":null}},"line":67},"4":{"name":"createSession","decl":{"start":{"line":88,"column":22},"end":{"line":88,"column":36}},"loc":{"start":{"line":88,"column":81},"end":{"line":102,"column":null}},"line":88},"5":{"name":"getSession","decl":{"start":{"line":104,"column":22},"end":{"line":104,"column":33}},"loc":{"start":{"line":104,"column":80},"end":{"line":119,"column":null}},"line":104},"6":{"name":"getActiveSession","decl":{"start":{"line":121,"column":22},"end":{"line":121,"column":39}},"loc":{"start":{"line":121,"column":83},"end":{"line":139,"column":null}},"line":121},"7":{"name":"updateSession","decl":{"start":{"line":141,"column":22},"end":{"line":141,"column":null}},"loc":{"start":{"line":144,"column":23},"end":{"line":159,"column":null}},"line":144},"8":{"name":"endSession","decl":{"start":{"line":161,"column":22},"end":{"line":161,"column":33}},"loc":{"start":{"line":161,"column":73},"end":{"line":193,"column":null}},"line":161},"9":{"name":"updateSessionStats","decl":{"start":{"line":196,"column":15},"end":{"line":196,"column":null}},"loc":{"start":{"line":205,"column":17},"end":{"line":285,"column":null}},"line":205},"10":{"name":"checkAndUpdateWeeklyStreak","decl":{"start":{"line":289,"column":15},"end":{"line":289,"column":null}},"loc":{"start":{"line":292,"column":17},"end":{"line":333,"column":null}},"line":292},"11":{"name":"getSessionWithApproaches","decl":{"start":{"line":335,"column":22},"end":{"line":335,"column":null}},"loc":{"start":{"line":337,"column":41},"end":{"line":365,"column":null}},"line":337},"12":{"name":"getUserSessions","decl":{"start":{"line":367,"column":22},"end":{"line":367,"column":null}},"loc":{"start":{"line":371,"column":25},"end":{"line":386,"column":null}},"line":371},"13":{"name":"deleteSession","decl":{"start":{"line":388,"column":22},"end":{"line":388,"column":36}},"loc":{"start":{"line":388,"column":86},"end":{"line":419,"column":null}},"line":388},"14":{"name":"getSessionSummaries","decl":{"start":{"line":421,"column":22},"end":{"line":421,"column":null}},"loc":{"start":{"line":424,"column":29},"end":{"line":482,"column":null}},"line":424},"15":{"name":"(anonymous_15)","decl":{"start":{"line":453,"column":26},"end":{"line":453,"column":27}},"loc":{"start":{"line":453,"column":39},"end":{"line":481,"column":3}},"line":453},"16":{"name":"createApproach","decl":{"start":{"line":488,"column":22},"end":{"line":488,"column":37}},"loc":{"start":{"line":488,"column":85},"end":{"line":517,"column":null}},"line":488},"17":{"name":"updateApproach","decl":{"start":{"line":519,"column":22},"end":{"line":519,"column":null}},"loc":{"start":{"line":522,"column":24},"end":{"line":537,"column":null}},"line":522},"18":{"name":"getSessionApproaches","decl":{"start":{"line":539,"column":22},"end":{"line":539,"column":43}},"loc":{"start":{"line":539,"column":86},"end":{"line":553,"column":null}},"line":539},"19":{"name":"getUserApproaches","decl":{"start":{"line":555,"column":22},"end":{"line":555,"column":null}},"loc":{"start":{"line":559,"column":26},"end":{"line":574,"column":null}},"line":559},"20":{"name":"getFieldReportTemplates","decl":{"start":{"line":580,"column":22},"end":{"line":580,"column":null}},"loc":{"start":{"line":582,"column":37},"end":{"line":597,"column":null}},"line":582},"21":{"name":"getFieldReportTemplate","decl":{"start":{"line":599,"column":22},"end":{"line":599,"column":null}},"loc":{"start":{"line":601,"column":42},"end":{"line":616,"column":null}},"line":601},"22":{"name":"createFieldReport","decl":{"start":{"line":622,"column":22},"end":{"line":622,"column":40}},"loc":{"start":{"line":622,"column":92},"end":{"line":648,"column":null}},"line":622},"23":{"name":"updateFieldReport","decl":{"start":{"line":650,"column":22},"end":{"line":650,"column":null}},"loc":{"start":{"line":653,"column":27},"end":{"line":668,"column":null}},"line":653},"24":{"name":"getUserFieldReports","decl":{"start":{"line":670,"column":22},"end":{"line":670,"column":null}},"loc":{"start":{"line":674,"column":29},"end":{"line":690,"column":null}},"line":674},"25":{"name":"getDraftFieldReports","decl":{"start":{"line":692,"column":22},"end":{"line":692,"column":43}},"loc":{"start":{"line":692,"column":86},"end":{"line":707,"column":null}},"line":692},"26":{"name":"getReviewTemplates","decl":{"start":{"line":713,"column":22},"end":{"line":713,"column":null}},"loc":{"start":{"line":716,"column":32},"end":{"line":737,"column":null}},"line":716},"27":{"name":"createReview","decl":{"start":{"line":743,"column":22},"end":{"line":743,"column":35}},"loc":{"start":{"line":743,"column":77},"end":{"line":763,"column":null}},"line":743},"28":{"name":"updateReview","decl":{"start":{"line":765,"column":22},"end":{"line":765,"column":null}},"loc":{"start":{"line":768,"column":22},"end":{"line":783,"column":null}},"line":768},"29":{"name":"getUserReviews","decl":{"start":{"line":785,"column":22},"end":{"line":785,"column":null}},"loc":{"start":{"line":789,"column":24},"end":{"line":811,"column":null}},"line":789},"30":{"name":"getLatestCommitment","decl":{"start":{"line":813,"column":22},"end":{"line":813,"column":42}},"loc":{"start":{"line":813,"column":82},"end":{"line":832,"column":null}},"line":813},"31":{"name":"getUserTrackingStats","decl":{"start":{"line":838,"column":22},"end":{"line":838,"column":null}},"loc":{"start":{"line":840,"column":40},"end":{"line":855,"column":null}},"line":840},"32":{"name":"getOrCreateUserTrackingStats","decl":{"start":{"line":857,"column":22},"end":{"line":857,"column":null}},"loc":{"start":{"line":859,"column":33},"end":{"line":879,"column":null}},"line":859},"33":{"name":"updateUserTrackingStats","decl":{"start":{"line":881,"column":22},"end":{"line":881,"column":null}},"loc":{"start":{"line":884,"column":33},"end":{"line":902,"column":null}},"line":884},"34":{"name":"incrementApproachStats","decl":{"start":{"line":904,"column":15},"end":{"line":904,"column":null}},"loc":{"start":{"line":907,"column":17},"end":{"line":999,"column":null}},"line":907},"35":{"name":"incrementWeeklyReviewCount","decl":{"start":{"line":1001,"column":15},"end":{"line":1001,"column":42}},"loc":{"start":{"line":1001,"column":73},"end":{"line":1018,"column":null}},"line":1001},"36":{"name":"incrementMonthlyReviewCount","decl":{"start":{"line":1020,"column":22},"end":{"line":1020,"column":50}},"loc":{"start":{"line":1020,"column":81},"end":{"line":1039,"column":null}},"line":1020},"37":{"name":"checkAndAwardMilestone","decl":{"start":{"line":1045,"column":22},"end":{"line":1045,"column":null}},"loc":{"start":{"line":1049,"column":32},"end":{"line":1082,"column":null}},"line":1049},"38":{"name":"getUserMilestones","decl":{"start":{"line":1084,"column":22},"end":{"line":1084,"column":40}},"loc":{"start":{"line":1084,"column":81},"end":{"line":1098,"column":null}},"line":1084},"39":{"name":"createStickingPoint","decl":{"start":{"line":1104,"column":22},"end":{"line":1104,"column":null}},"loc":{"start":{"line":1106,"column":29},"end":{"line":1120,"column":null}},"line":1106},"40":{"name":"updateStickingPoint","decl":{"start":{"line":1122,"column":22},"end":{"line":1122,"column":null}},"loc":{"start":{"line":1125,"column":29},"end":{"line":1140,"column":null}},"line":1125},"41":{"name":"getUserStickingPoints","decl":{"start":{"line":1142,"column":22},"end":{"line":1142,"column":null}},"loc":{"start":{"line":1145,"column":31},"end":{"line":1161,"column":null}},"line":1145},"42":{"name":"getDailyStats","decl":{"start":{"line":1167,"column":22},"end":{"line":1167,"column":null}},"loc":{"start":{"line":1170,"column":25},"end":{"line":1226,"column":null}},"line":1170},"43":{"name":"getSessionIntentionSuggestions","decl":{"start":{"line":1234,"column":22},"end":{"line":1234,"column":null}},"loc":{"start":{"line":1236,"column":40},"end":{"line":1268,"column":null}},"line":1236},"44":{"name":"getApproachesPerHour","decl":{"start":{"line":1270,"column":22},"end":{"line":1270,"column":null}},"loc":{"start":{"line":1273,"column":19},"end":{"line":1298,"column":null}},"line":1273}},"branchMap":{"0":{"loc":{"start":{"line":8,"column":31},"end":{"line":8,"column":47}},"type":"binary-expr","locations":[{"start":{"line":8,"column":31},"end":{"line":8,"column":45}},{"start":{"line":8,"column":45},"end":{"line":8,"column":47}}],"line":8},"1":{"loc":{"start":{"line":16,"column":2},"end":{"line":16,"column":null}},"type":"if","locations":[{"start":{"line":16,"column":2},"end":{"line":16,"column":null}},{"s
[...]
36:79:236:79:236:Infinity":36,"s:238:19:245:Infinity":97,"b:247:2:255:Infinity:undefined:undefined:undefined:undefined":37,"s:247:2:255:Infinity":98,"b:248:4:252:Infinity:undefined:undefined:undefined:undefined":38,"s:248:4:252:Infinity":99,"s:249:6:251:Infinity":100,"s:253:22:253:Infinity":101,"s:254:4:254:Infinity":102,"s:257:15:257:Infinity":103,"b:258:2:260:Infinity:undefined:undefined:undefined:undefined":39,"s:258:2:260:Infinity":104,"s:259:4:259:Infinity":105,"s:262:2:262:Infinity":106,"f:269:22:269:Infinity":22,"b:271:30:271:Infinity":40,"s:277:6:277:Infinity":107,"b:274:11:274:Infinity":41,"b:275:15:275:Infinity":42,"b:276:20:276:Infinity":43,"s:280:29:280:Infinity":108,"s:281:20:281:Infinity":109,"s:286:25:286:Infinity":110,"s:287:29:287:Infinity":111,"s:289:24:292:Infinity":112,"s:294:22:294:Infinity":113,"s:295:23:295:Infinity":114,"s:296:8:299:Infinity":115,"f:296:26:296:32":23,"b:297:4:297:Infinity:undefined:undefined:undefined:undefined":44,"s:297:4:297:Infinity":116,"s:297:44:297:Infinity":117,"s:298:4:298:Infinity":118,"f:298:33:298:34":24,"s:298:43:298:62":119,"s:302:8:305:Infinity":120,"f:302:27:302:33":25,"s:303:22:303:Infinity":121,"f:303:58:303:59":26,"s:303:65:303:78":122,"s:304:4:304:Infinity":123,"b:304:11:304:24:304:24:304:45:304:45:304:Infinity":45,"s:307:35:310:Infinity":124,"s:312:8:316:Infinity":125,"f:312:32:312:38":27,"b:313:4:313:Infinity:undefined:undefined:undefined:undefined":46,"s:313:4:313:Infinity":126,"s:313:26:313:Infinity":127,"b:314:4:314:Infinity:undefined:undefined:undefined:undefined":47,"s:314:4:314:Infinity":128,"s:314:36:314:Infinity":129,"s:315:4:315:Infinity":130,"f:315:31:315:32":28,"s:315:38:315:87":131,"s:318:25:320:Infinity":132,"b:319:6:319:Infinity:320:6:320:Infinity":48,"b:318:25:318:49:318:49:318:Infinity":49,"s:322:8:340:Infinity":133,"f:322:30:322:36":29,"s:323:17:323:Infinity":134,"s:324:4:326:Infinity":135,"s:325:6:325:Infinity":136,"s:327:4:338:Infinity":137,"b:328:6:337:Infinity:undefined:undefined:undefined:undefined":50,"s:328:6:337:Infinity":138,"s:329:8:336:Infinity":139,"s:339:4:339:Infinity":140,"s:342:17:388:Infinity":141,"f:342:40:342:41":30,"s:343:30:343:Infinity":142,"b:343:60:343:91:343:91:343:Infinity":51,"s:344:20:344:Infinity":143,"s:346:6:347:Infinity":144,"b:346:6:346:Infinity:347:6:347:Infinity":52,"s:349:23:352:Infinity":145,"f:350:6:350:7":31,"s:350:21:350:Infinity":146,"b:350:72:350:84:350:84:350:Infinity":53,"b:350:21:350:26:350:26:350:72":54,"s:354:22:354:Infinity":147,"s:356:10:362:Infinity":148,"f:356:30:356:36":32,"s:357:26:357:Infinity":149,"b:357:33:357:64:357:64:357:66":55,"s:358:28:358:Infinity":150,"s:359:24:359:Infinity":151,"b:359:56:359:63:359:63:359:Infinity":56,"s:360:27:360:Infinity":152,"b:360:43:360:50:360:50:360:Infinity":57,"s:361:6:361:Infinity":153,"s:364:10:383:Infinity":154,"f:364:36:364:42":33,"b:366:6:366:Infinity:undefined:undefined:undefined:undefined":58,"s:366:6:366:Infinity":155,"s:366:25:366:Infinity":156,"s:368:20:368:Infinity":157,"s:369:24:369:Infinity":158,"f:369:55:369:56":34,"s:369:62:369:84":159,"b:369:62:369:67:369:67:369:84":59,"b:370:6:370:Infinity:undefined:undefined:undefined:undefined":60,"s:370:6:370:Infinity":160,"s:370:22:370:Infinity":161,"s:372:28:372:Infinity":162,"s:373:26:373:Infinity":163,"b:373:87:373:94:373:94:373:Infinity":61,"s:376:36:376:Infinity":164,"b:376:58:376:66:376:66:376:Infinity":62,"s:380:8:380:Infinity":165,"b:380:95:380:103:380:103:380:Infinity":63,"b:380:8:380:58:380:58:380:95":64,"s:382:6:382:Infinity":166,"s:385:26:385:Infinity":167,"s:387:4:387:Infinity":168,"s:390:2:390:Infinity":169,"f:390:14:390:15":35,"s:390:24:390:57":170,"s:393:23:393:Infinity":171,"s:394:22:394:Infinity":172,"s:395:25:395:Infinity":173,"s:396:24:396:Infinity":174,"s:398:53:398:Infinity":175,"s:399:2:417:Infinity":176,"b:400:4:400:Infinity:undefined:undefined:undefined:undefined":65,"s:400:4:400:Infinity":177,"s:400:40:400:Infinity":178,"s:401:22:401:Infinity":179,"b:401:22:401:59:401:59:401:Infinity":66,"s:402:10:402:Infinity":180,"b:402:29:402:62:402:62:402:67":67,"b:403:4:403:Infinity:undefined:undefined:undefined:undefined":68,"s:403:4:403:Infinity":181,"s:403:40:403:Infinity":182,"s:405:18:410:Infinity":183,"b:406:6:406:Infinity:407:6:407:Infinity:408:6:408:Infinity:409:6:409:Infinity":69,"s:411:10:411:Infinity":184,"b:411:28:411:56:411:56:411:61":70,"b:412:4:412:Infinity:undefined:undefined:undefined:undefined":71,"s:412:4:412:Infinity":185,"s:412:38:412:Infinity":186,"s:414:4:414:Infinity":187,"s:415:4:415:Infinity":188,"s:416:4:416:Infinity":189,"b:421:2:428:Infinity:undefined:undefined:undefined:undefined":72,"s:421:2:428:Infinity":190,"b:421:6:421:35:421:35:421:110":73,"f:421:57:421:58":36,"s:421:64:421:107":191,"s:422:23:422:Infinity":192,"f:422:35:422:36":37,"s:422:50:422:97":193,"b:423:4:427:Infinity:undefined:undefined:undefined:undefined":74,"s:423:4:427:Infinity":194,"b:425:6:425:Infinity:undefined:undefined:undefined:undefined":75,"s:425:6:425:Infinity":195,"s:425:42:425:Infinity":196,"s:426:6:426:Infinity":197,"s:431:35:450:Infinity":198,"f:431:55:431:56":38,"s:432:21:432:Infinity":199,"b:432:21:432:46:432:46:432:73:432:73:432:Infinity":76,"s:433:21:435:Infinity":200,"b:433:21:433:Infinity:434:7:434:Infinity:435:6:435:Infinity":77,"s:437:4:449:Infinity":201,"b:440:10:440:Infinity:441:10:441:Infinity":78,"b:443:46:443:57:443:57:443:Infinity":79,"b:444:46:444:57:444:57:444:Infinity":80,"b:446:67:446:94:446:94:446:Infinity":81,"s:452:2:452:Infinity":202,"f:458:16:458:34":39,"s:459:2:459:Infinity":203}}}
,"/home/jonaswsl/projects/daygame-coach/src/qa/schemas.ts": {"path":"/home/jonaswsl/projects/daygame-coach/src/qa/schemas.ts","statementMap":{"0":{"start":{"line":4,"column":31},"end":{"line":32,"column":null}}},"fnMap":{},"branchMap":{},"s":{"0":1},"f":{},"b":{},"meta":{"lastBranch":0,"lastFunction":0,"lastStatement":1,"seen":{"s:4:31:32:Infinity":0}}}
,"/home/jonaswsl/projects/daygame-coach/src/qa/providers/claude.ts": {"path":"/home/jonaswsl/projects/daygame-coach/src/qa/providers/claude.ts","statementMap":{"0":{"start":{"line":11,"column":20},"end":{"line":11,"column":null}},"1":{"start":{"line":13,"column":16},"end":{"line":13,"column":null}},"2":{"start":{"line":15,"column":17},"end":{"line":21,"column":null}},"3":{"start":{"line":23,"column":20},"end":{"line":23,"column":null}},"4":{"start":{"line":25,"column":2},"end":{"line":29,"column":null}},"5":{"start":{"line":39,"column":4},"end":{"line":39,"column":null}},"6":{"start":{"line":40,"column":4},"end":{"line":40,"column":null}},"7":{"start":{"line":41,"column":4},"end":{"line":41,"column":null}}},"fnMap":{"0":{"name":"generate","decl":{"start":{"line":10,"column":22},"end":{"line":10,"column":31}},"loc":{"start":{"line":10,"column":84},"end":{"line":30,"column":null}},"line":10},"1":{"name":"(anonymous_1)","decl":{"start":{"line":38,"column":2},"end":{"line":38,"column":14}},"loc":{"start":{"line":38,"column":45},"end":{"line":42,"column":null}},"line":38}},"branchMap":{"0":{"loc":{"start":{"line":13,"column":16},"end":{"line":13,"column":null}},"type":"binary-expr","locations":[{"start":{"line":13,"column":16},"end":{"line":13,"column":33}},{"start":{"line":13,"column":33},"end":{"line":13,"column":null}}],"line":13},"1":{"loc":{"start":{"line":27,"column":16},"end":{"line":27,"column":null}},"type":"binary-expr","locations":[{"start":{"line":27,"column":16},"end":{"line":27,"column":45}},{"start":{"line":27,"column":45},"end":{"line":27,"column":null}}],"line":27}},"s":{"0":0,"1":0,"2":0,"3":0,"4":0,"5":0,"6":0,"7":0},"f":{"0":0,"1":0},"b":{"0":[0,0],"1":[0,0]},"meta":{"lastBranch":2,"lastFunction":2,"lastStatement":8,"seen":{"f:10:22:10:31":0,"s:11:20:11:Infinity":0,"s:13:16:13:Infinity":1,"b:13:16:13:33:13:33:13:Infinity":0,"s:15:17:21:Infinity":2,"s:23:20:23:Infinity":3,"s:25:2:29:Infinity":4,"b:27:16:27:45:27:45:27:Infinity":1,"f:38:2:38:14":1,"s:39:4:39:Infinity":5,"s:40:4:40:Infinity":6,"s:41:4:41:Infinity":7}}}
,"/home/jonaswsl/projects/daygame-coach/src/qa/providers/index.ts": {"path":"/home/jonaswsl/projects/daygame-coach/src/qa/providers/index.ts","statementMap":{"0":{"start":{"line":15,"column":2},"end":{"line":24,"column":null}},"1":{"start":{"line":17,"column":6},"end":{"line":17,"column":null}},"2":{"start":{"line":19,"column":6},"end":{"line":19,"column":null}},"3":{"start":{"line":21,"column":6},"end":{"line":21,"column":null}},"4":{"start":{"line":23,"column":6},"end":{"line":23,"column":null}},"5":{"start":{"line":31,"column":2},"end":{"line":31,"column":null}}},"fnMap":{"0":{"name":"getProvider","decl":{"start":{"line":12,"column":16},"end":{"line":12,"column":null}},"loc":{"start":{"line":14,"column":59},"end":{"line":25,"column":null}},"line":14},"1":{"name":"isValidProvider","decl":{"start":{"line":30,"column":16},"end":{"line":30,"column":32}},"loc":{"start":{"line":30,"column":68},"end":{"line":32,"column":null}},"line":30}},"branchMap":{"0":{"loc":{"start":{"line":15,"column":2},"end":{"line":24,"column":null}},"type":"switch","locations":[{"start":{"line":16,"column":4},"end":{"line":17,"column":null}},{"start":{"line":18,"column":4},"end":{"line":19,"column":null}},{"start":{"line":20,"column":4},"end":{"line":21,"column":null}},{"start":{"line":22,"column":4},"end":{"line":23,"column":null}}],"line":15}},"s":{"0":0,"1":0,"2":0,"3":0,"4":0,"5":0},"f":{"0":0,"1":0},"b":{"0":[0,0,0,0]},"meta":{"lastBranch":1,"lastFunction":2,"lastStatement":6,"seen":{"f:12:16:12:Infinity":0,"b:16:4:17:Infinity:18:4:19:Infinity:20:4:21:Infinity:22:4:23:Infinity":0,"s:15:2:24:Infinity":0,"s:17:6:17:Infinity":1,"s:19:6:19:Infinity":2,"s:21:6:21:Infinity":3,"s:23:6:23:Infinity":4,"f:30:16:30:32":1,"s:31:2:31:Infinity":5}}}
,"/home/jonaswsl/projects/daygame-coach/src/qa/providers/ollama.ts": {"path":"/home/jonaswsl/projects/daygame-coach/src/qa/providers/ollama.ts","statementMap":{"0":{"start":{"line":9,"column":20},"end":{"line":9,"column":null}},"1":{"start":{"line":11,"column":19},"end":{"line":27,"column":null}},"2":{"start":{"line":29,"column":20},"end":{"line":29,"column":null}},"3":{"start":{"line":31,"column":2},"end":{"line":43,"column":null}},"4":{"start":{"line":32,"column":4},"end":{"line":37,"column":null}},"5":{"start":{"line":33,"column":6},"end":{"line":36,"column":null}},"6":{"start":{"line":38,"column":22},"end":{"line":38,"column":null}},"7":{"start":{"line":39,"column":4},"end":{"line":42,"column":null}},"8":{"start":{"line":45,"column":15},"end":{"line":45,"column":null}},"9":{"start":{"line":47,"column":2},"end":{"line":51,"column":null}},"10":{"start":{"line":61,"column":4},"end":{"line":61,"column":null}},"11":{"start":{"line":62,"column":4},"end":{"line":62,"column":null}},"12":{"start":{"line":63,"column":4},"end":{"line":63,"column":null}}},"fnMap":{"0":{"name":"generate","decl":{"start":{"line":8,"column":22},"end":{"line":8,"column":31}},"loc":{"start":{"line":8,"column":84},"end":{"line":52,"column":null}},"line":8},"1":{"name":"(anonymous_1)","decl":{"start":{"line":60,"column":2},"end":{"line":60,"column":14}},"loc":{"start":{"line":60,"column":45},"end":{"line":64,"column":null}},"line":60}},"branchMap":{"0":{"loc":{"start":{"line":15,"column":13},"end":{"line":15,"column":null}},"type":"binary-expr","locations":[{"start":{"line":15,"column":13},"end":{"line":15,"column":30}},{"start":{"line":15,"column":30},"end":{"line":15,"column":null}}],"line":15},"1":{"loc":{"start":{"line":31,"column":2},"end":{"line":43,"column":null}},"type":"if","locations":[{"start":{"line":31,"column":2},"end":{"line":43,"column":null}},{"start":{},"end":{}}],"line":31},"2":{"loc":{"start":{"line":32,"column":4},"end":{"line":37,"column":null}},"type":"if","locations":[{"start":{"line":32,"column":4},"end":{"line":37,"column":null}},{"start":{},"end":{}}],"line":32},"3":{"loc":{"start":{"line":34,"column":18},"end":{"line":34,"column":61}},"type":"binary-expr","locations":[{"start":{"line":34,"column":18},"end":{"line":34,"column":35}},{"start":{"line":34,"column":35},"end":{"line":34,"column":61}}],"line":34},"4":{"loc":{"start":{"line":34,"column":94},"end":{"line":34,"column":137}},"type":"binary-expr","locations":[{"start":{"line":34,"column":94},"end":{"line":34,"column":111}},{"start":{"line":34,"column":111},"end":{"line":34,"column":137}}],"line":34},"5":{"loc":{"start":{"line":48,"column":13},"end":{"line":48,"column":null}},"type":"binary-expr","locations":[{"start":{"line":48,"column":13},"end":{"line":48,"column":38}},{"start":{"line":48,"column":38},"end":{"line":48,"column":null}}],"line":48},"6":{"loc":{"start":{"line":49,"column":16},"end":{"line":49,"column":null}},"type":"binary-expr","locations":[{"start":{"line":49,"column":16},"end":{"line":49,"column":35}},{"start":{"line":49,"column":35},"end":{"line":49,"column":null}}],"line":49}},"s":{"0":0,"1":0,"2":0,"3":0,"4":0,"5":0,"6":0,"7":0,"8":0,"9":0,"10":0,"11":0,"12":0},"f":{"0":0,"1":0},"b":{"0":[0,0],"1":[0,0],"2":[0,0],"3":[0,0],"4":[0,0],"5":[0,0],"6":[0,0]},"meta":{"lastBranch":7,"lastFunction":2,"lastStatement":13,"seen":{"f:8:22:8:31":0,"s:9:20:9:Infinity":0,"s:11:19:27:Infinity":1,"b:15:13:15:30:15:30:15:Infinity":0,"s:29:20:29:Infinity":2,"b:31:2:43:Infinity:undefined:undefined:undefined:undefined":1,"s:31:2:43:Infinity":3,"b:32:4:37:Infinity:undefined:undefined:undefined:undefined":2,"s:32:4:37:Infinity":4,"s:33:6:36:Infinity":5,"b:34:18:34:35:34:35:34:61":3,"b:34:94:34:111:34:111:34:137":4,"s:38:22:38:Infinity":6,"s:39:4:42:Infinity":7,"s:45:15:45:Infinity":8,"s:47:2:51:Infinity":9,"b:48:13:48:38:48:38:48:Infinity":5,"b:49:16:49:35:49:35:49:Infinity":6,"f:60:2:60:14":1,"s:61:4:61:Infinity":10,"s:62:4:62:Infinity":11,"s:63:4:63:Infinity":12}}}
,"/home/jonaswsl/projects/daygame-coach/src/qa/providers/openai.ts": {"path":"/home/jonaswsl/projects/daygame-coach/src/qa/providers/openai.ts","statementMap":{"0":{"start":{"line":11,"column":20},"end":{"line":11,"column":null}},"1":{"start":{"line":13,"column":16},"end":{"line":13,"column":null}},"2":{"start":{"line":15,"column":17},"end":{"line":21,"column":null}},"3":{"start":{"line":23,"column":20},"end":{"line":23,"column":null}},"4":{"start":{"line":25,"column":2},"end":{"line":29,"column":null}},"5":{"start":{"line":39,"column":4},"end":{"line":39,"column":null}},"6":{"start":{"line":40,"column":4},"end":{"line":40,"column":null}},"7":{"start":{"line":41,"column":4},"end":{"line":41,"column":null}}},"fnMap":{"0":{"name":"generate","decl":{"start":{"line":10,"column":22},"end":{"line":10,"column":31}},"loc":{"start":{"line":10,"column":84},"end":{"line":30,"column":null}},"line":10},"1":{"name":"(anonymous_1)","decl":{"start":{"line":38,"column":2},"end":{"line":38,"column":14}},"loc":{"start":{"line":38,"column":45},"end":{"line":42,"column":null}},"line":38}},"branchMap":{"0":{"loc":{"start":{"line":13,"column":16},"end":{"line":13,"column":null}},"type":"binary-expr","locations":[{"start":{"line":13,"column":16},"end":{"line":13,"column":33}},{"start":{"line":13,"column":33},"end":{"line":13,"column":null}}],"line":13},"1":{"loc":{"start":{"line":27,"column":16},"end":{"line":27,"column":null}},"type":"binary-expr","locations":[{"start":{"line":27,"column":16},"end":{"line":27,"column":45}},{"start":{"line":27,"column":45},"end":{"line":27,"column":null}}],"line":27}},"s":{"0":0,"1":0,"2":0,"3":0,"4":0,"5":0,"6":0,"7":0},"f":{"0":0,"1":0},"b":{"0":[0,0],"1":[0,0]},"meta":{"lastBranch":2,"lastFunction":2,"lastStatement":8,"seen":{"f:10:22:10:31":0,"s:11:20:11:Infinity":0,"s:13:16:13:Infinity":1,"b:13:16:13:33:13:33:13:Infinity":0,"s:15:17:21:Infinity":2,"s:23:20:23:Infinity":3,"s:25:2:29:Infinity":4,"b:27:16:27:45:27:45:27:Infinity":1,"f:38:2:38:14":1,"s:39:4:39:Infinity":5,"s:40:4:40:Infinity":6,"s:41:4:41:Infinity":7}}}
,"/home/jonaswsl/projects/daygame-coach/src/scenarios/providers/structuredModel.ts": {"path":"/home/jonaswsl/projects/daygame-coach/src/scenarios/providers/structuredModel.ts","statementMap":{"0":{"start":{"line":5,"column":8},"end":{"line":5,"column":null}},"1":{"start":{"line":7,"column":2},"end":{"line":9,"column":null}},"2":{"start":{"line":8,"column":4},"end":{"line":8,"column":null}},"3":{"start":{"line":11,"column":2},"end":{"line":13,"column":null}},"4":{"start":{"line":12,"column":4},"end":{"line":12,"column":null}},"5":{"start":{"line":17,"column":2},"end":{"line":17,"column":null}}},"fnMap":{"0":{"name":"getStructuredOutputModel","decl":{"start":{"line":4,"column":16},"end":{"line":4,"column":43}},"loc":{"start":{"line":4,"column":43},"end":{"line":18,"column":null}},"line":4}},"branchMap":{"0":{"loc":{"start":{"line":5,"column":20},"end":{"line":5,"column":57}},"type":"binary-expr","locations":[{"start":{"line":5,"column":20},"end":{"line":5,"column":47}},{"start":{"line":5,"column":47},"end":{"line":5,"column":57}}],"line":5},"1":{"loc":{"start":{"line":7,"column":2},"end":{"line":9,"column":null}},"type":"if","locations":[{"start":{"line":7,"column":2},"end":{"line":9,"column":null}},{"start":{},"end":{}}],"line":7},"2":{"loc":{"start":{"line":8,"column":18},"end":{"line":8,"column":59}},"type":"binary-expr","locations":[{"start":{"line":8,"column":18},"end":{"line":8,"column":46}},{"start":{"line":8,"column":46},"end":{"line":8,"column":59}}],"line":8},"3":{"loc":{"start":{"line":11,"column":2},"end":{"line":13,"column":null}},"type":"if","locations":[{"start":{"line":11,"column":2},"end":{"line":13,"column":null}},{"start":{},"end":{}}],"line":11},"4":{"loc":{"start":{"line":11,"column":6},"end":{"line":11,"column":57}},"type":"binary-expr","locations":[{"start":{"line":11,"column":6},"end":{"line":11,"column":31}},{"start":{"line":11,"column":31},"end":{"line":11,"column":57}}],"line":11},"5":{"loc":{"start":{"line":12,"column":21},"end":{"line":12,"column":72}},"type":"binary-expr","locations":[{"start":{"line":12,"column":21},"end":{"line":12,"column":45}},{"start":{"line":12,"column":45},"end":{"line":12,"column":72}}],"line":12},"6":{"loc":{"start":{"line":17,"column":19},"end":{"line":17,"column":70}},"type":"binary-expr","locations":[{"start":{"line":17,"column":19},"end":{"line":17,"column":43}},{"start":{"line":17,"column":43},"end":{"line":17,"column":70}}],"line":17}},"s":{"0":0,"1":0,"2":0,"3":0,"4":0,"5":0},"f":{"0":0},"b":{"0":[0,0],"1":[0,0],"2":[0,0],"3":[0,0],"4":[0,0],"5":[0,0],"6":[0,0]},"meta":{"lastBranch":7,"lastFunction":1,"lastStatement":6,"seen":{"f:4:16:4:43":0,"s:5:8:5:Infinity":0,"b:5:20:5:47:5:47:5:57":0,"b:7:2:9:Infinity:undefined:undefined:undefined:undefined":1,"s:7:2:9:Infinity":1,"s:8:4:8:Infinity":2,"b:8:18:8:46:8:46:8:59":2,"b:11:2:13:Infinity:undefined:undefined:undefined:undefined":3,"s:11:2:13:Infinity":3,"b:11:6:11:31:11:31:11:57":4,"s:12:4:12:Infinity":4,"b:12:21:12:45:12:45:12:72":5,"s:17:2:17:Infinity":5,"b:17:19:17:43:17:43:17:70":6}}}
,"/home/jonaswsl/projects/daygame-coach/src/tracking/schemas.ts": {"path":"/home/jonaswsl/projects/daygame-coach/src/tracking/schemas.ts","statementMap":{"0":{"start":{"line":12,"column":37},"end":{"line":18,"column":null}},"1":{"start":{"line":20,"column":29},"end":{"line":36,"column":null}},"2":{"start":{"line":38,"column":32},"end":{"line":38,"column":null}},"3":{"start":{"line":44,"column":35},"end":{"line":53,"column":null}},"4":{"start":{"line":55,"column":35},"end":{"line":58,"column":null}},"5":{"start":{"line":64,"column":36},"end":{"line":74,"column":null}},"6":{"start":{"line":76,"column":36},"end":{"line":82,"column":null}},"7":{"start":{"line":88,"column":39},"end":{"line":96,"column":null}},"8":{"start":{"line":102,"column":34},"end":{"line":112,"column":null}}},"fnMap":{},"branchMap":{},"s":{"0":1,"1":1,"2":1,"3":1,"4":1,"5":1,"6":1,"7":1,"8":1},"f":{},"b":{},"meta":{"lastBranch":0,"lastFunction":0,"lastStatement":9,"seen":{"s:12:37:18:Infinity":0,"s:20:29:36:Infinity":1,"s:38:32:38:Infinity":2,"s:44:35:53:Infinity":3,"s:55:35:58:Infinity":4,"s:64:36:74:Infinity":5,"s:76:36:82:Infinity":6,"s:88:39:96:Infinity":7,"s:102:34:112:Infinity":8}}}
}
